Starting job 3...
Files already downloaded and verified
Files already downloaded and verified
Starting Training...
Dataset: CIFAR-10 | Algo: BP | Kernel: 3 | Pad: 1 | MaxPooling: TRUE
Channels: 3 → 64 → 128 → 256 → 512 → 1 (via AdaptiveAvgPool) → num_classes
Epoch 1/200, Loss: 1.4968, Time: 8.64s, CPU Mem: 4482.22 MB, GPU Mem: 2131.75 MB, CPU Usage: 27.40%, GPU Power: 45.35 W
Epoch 2/200, Loss: 1.0263, Time: 6.39s, CPU Mem: 4483.66 MB, GPU Mem: 2131.75 MB, CPU Usage: 42.30%, GPU Power: 52.44 W
Epoch 3/200, Loss: 0.8167, Time: 6.19s, CPU Mem: 4484.14 MB, GPU Mem: 2131.75 MB, CPU Usage: 42.50%, GPU Power: 67.91 W
Epoch 4/200, Loss: 0.6834, Time: 6.25s, CPU Mem: 4484.50 MB, GPU Mem: 2131.75 MB, CPU Usage: 42.60%, GPU Power: 62.90 W
Epoch 5/200, Loss: 0.5875, Time: 6.64s, CPU Mem: 4484.53 MB, GPU Mem: 2131.75 MB, CPU Usage: 40.80%, GPU Power: 39.86 W
Epoch 6/200, Loss: 0.5042, Time: 6.29s, CPU Mem: 4484.04 MB, GPU Mem: 2131.75 MB, CPU Usage: 42.30%, GPU Power: 44.67 W
Epoch 7/200, Loss: 0.4337, Time: 6.38s, CPU Mem: 4484.55 MB, GPU Mem: 2131.75 MB, CPU Usage: 41.50%, GPU Power: 57.24 W
Epoch 8/200, Loss: 0.3629, Time: 6.15s, CPU Mem: 4484.55 MB, GPU Mem: 2131.75 MB, CPU Usage: 42.50%, GPU Power: 42.80 W
Epoch 9/200, Loss: 0.3007, Time: 6.25s, CPU Mem: 4484.30 MB, GPU Mem: 2131.75 MB, CPU Usage: 42.40%, GPU Power: 71.91 W
Epoch 10/200, Loss: 0.2417, Time: 6.39s, CPU Mem: 4484.55 MB, GPU Mem: 2131.75 MB, CPU Usage: 41.70%, GPU Power: 64.19 W
Epoch 11/200, Loss: 0.1822, Time: 6.05s, CPU Mem: 4484.55 MB, GPU Mem: 2131.75 MB, CPU Usage: 43.10%, GPU Power: 58.72 W
Epoch 12/200, Loss: 0.1451, Time: 6.35s, CPU Mem: 4484.55 MB, GPU Mem: 2131.75 MB, CPU Usage: 41.80%, GPU Power: 59.51 W
Epoch 13/200, Loss: 0.1138, Time: 6.46s, CPU Mem: 4484.55 MB, GPU Mem: 2131.75 MB, CPU Usage: 41.60%, GPU Power: 42.68 W
Epoch 14/200, Loss: 0.0950, Time: 6.55s, CPU Mem: 4484.30 MB, GPU Mem: 2131.75 MB, CPU Usage: 41.50%, GPU Power: 58.82 W
Epoch 15/200, Loss: 0.0844, Time: 6.21s, CPU Mem: 4484.30 MB, GPU Mem: 2131.75 MB, CPU Usage: 42.20%, GPU Power: 68.97 W
Epoch 16/200, Loss: 0.0645, Time: 6.12s, CPU Mem: 4484.55 MB, GPU Mem: 2131.75 MB, CPU Usage: 43.00%, GPU Power: 58.17 W
Epoch 17/200, Loss: 0.0602, Time: 6.11s, CPU Mem: 4484.55 MB, GPU Mem: 2131.75 MB, CPU Usage: 43.00%, GPU Power: 73.90 W
Epoch 18/200, Loss: 0.0598, Time: 6.23s, CPU Mem: 4484.30 MB, GPU Mem: 2131.75 MB, CPU Usage: 42.70%, GPU Power: 66.54 W
Epoch 19/200, Loss: 0.0566, Time: 6.27s, CPU Mem: 4484.55 MB, GPU Mem: 2131.75 MB, CPU Usage: 42.40%, GPU Power: 57.83 W
Epoch 20/200, Loss: 0.0507, Time: 6.18s, CPU Mem: 4484.55 MB, GPU Mem: 2131.75 MB, CPU Usage: 42.40%, GPU Power: 44.07 W
Epoch 21/200, Loss: 0.0567, Time: 6.31s, CPU Mem: 4484.55 MB, GPU Mem: 2131.75 MB, CPU Usage: 42.00%, GPU Power: 73.51 W
Epoch 22/200, Loss: 0.0447, Time: 6.35s, CPU Mem: 4484.30 MB, GPU Mem: 2131.75 MB, CPU Usage: 42.10%, GPU Power: 60.16 W
Epoch 23/200, Loss: 0.0457, Time: 5.94s, CPU Mem: 4484.55 MB, GPU Mem: 2131.75 MB, CPU Usage: 43.30%, GPU Power: 45.44 W
Epoch 24/200, Loss: 0.0472, Time: 6.18s, CPU Mem: 4484.55 MB, GPU Mem: 2131.75 MB, CPU Usage: 43.00%, GPU Power: 66.29 W
Epoch 25/200, Loss: 0.0345, Time: 6.25s, CPU Mem: 4484.55 MB, GPU Mem: 2131.75 MB, CPU Usage: 42.20%, GPU Power: 63.00 W
Epoch 26/200, Loss: 0.0447, Time: 6.41s, CPU Mem: 4484.55 MB, GPU Mem: 2131.75 MB, CPU Usage: 41.20%, GPU Power: 57.94 W
Epoch 27/200, Loss: 0.0383, Time: 6.47s, CPU Mem: 4484.55 MB, GPU Mem: 2131.75 MB, CPU Usage: 41.50%, GPU Power: 62.92 W
Epoch 28/200, Loss: 0.0398, Time: 6.28s, CPU Mem: 4484.30 MB, GPU Mem: 2131.75 MB, CPU Usage: 41.70%, GPU Power: 64.27 W
Epoch 29/200, Loss: 0.0383, Time: 6.37s, CPU Mem: 4484.55 MB, GPU Mem: 2131.75 MB, CPU Usage: 42.00%, GPU Power: 63.13 W
Epoch 30/200, Loss: 0.0369, Time: 6.39s, CPU Mem: 4484.55 MB, GPU Mem: 2131.75 MB, CPU Usage: 41.90%, GPU Power: 63.41 W
Epoch 31/200, Loss: 0.0335, Time: 6.58s, CPU Mem: 4484.05 MB, GPU Mem: 2131.75 MB, CPU Usage: 40.90%, GPU Power: 55.70 W
Epoch 32/200, Loss: 0.0343, Time: 6.35s, CPU Mem: 4484.55 MB, GPU Mem: 2131.75 MB, CPU Usage: 42.20%, GPU Power: 54.79 W
Epoch 33/200, Loss: 0.0305, Time: 6.32s, CPU Mem: 4484.55 MB, GPU Mem: 2131.75 MB, CPU Usage: 41.80%, GPU Power: 69.67 W
Epoch 34/200, Loss: 0.0364, Time: 6.06s, CPU Mem: 4484.35 MB, GPU Mem: 2131.75 MB, CPU Usage: 42.60%, GPU Power: 56.56 W
Epoch 35/200, Loss: 0.0284, Time: 6.16s, CPU Mem: 4484.05 MB, GPU Mem: 2131.75 MB, CPU Usage: 42.30%, GPU Power: 36.10 W
Epoch 36/200, Loss: 0.0320, Time: 6.32s, CPU Mem: 4484.55 MB, GPU Mem: 2131.75 MB, CPU Usage: 41.80%, GPU Power: 61.80 W
Epoch 37/200, Loss: 0.0367, Time: 6.56s, CPU Mem: 4484.55 MB, GPU Mem: 2131.75 MB, CPU Usage: 41.00%, GPU Power: 64.73 W
Epoch 38/200, Loss: 0.0283, Time: 6.45s, CPU Mem: 4484.55 MB, GPU Mem: 2131.75 MB, CPU Usage: 41.60%, GPU Power: 43.99 W
Epoch 39/200, Loss: 0.0321, Time: 6.41s, CPU Mem: 4484.55 MB, GPU Mem: 2131.75 MB, CPU Usage: 41.60%, GPU Power: 54.09 W
Epoch 40/200, Loss: 0.0282, Time: 6.08s, CPU Mem: 4484.30 MB, GPU Mem: 2131.75 MB, CPU Usage: 42.90%, GPU Power: 73.97 W
Epoch 41/200, Loss: 0.0266, Time: 6.07s, CPU Mem: 4484.55 MB, GPU Mem: 2131.75 MB, CPU Usage: 42.60%, GPU Power: 71.55 W
Epoch 42/200, Loss: 0.0313, Time: 6.13s, CPU Mem: 4484.55 MB, GPU Mem: 2131.75 MB, CPU Usage: 42.20%, GPU Power: 39.95 W
Epoch 43/200, Loss: 0.0243, Time: 6.49s, CPU Mem: 4484.55 MB, GPU Mem: 2131.75 MB, CPU Usage: 41.50%, GPU Power: 61.12 W
Epoch 44/200, Loss: 0.0305, Time: 6.60s, CPU Mem: 4484.55 MB, GPU Mem: 2131.75 MB, CPU Usage: 41.00%, GPU Power: 43.29 W
Epoch 45/200, Loss: 0.0218, Time: 6.34s, CPU Mem: 4484.30 MB, GPU Mem: 2131.75 MB, CPU Usage: 41.80%, GPU Power: 61.95 W
Epoch 46/200, Loss: 0.0311, Time: 6.16s, CPU Mem: 4484.55 MB, GPU Mem: 2131.75 MB, CPU Usage: 42.80%, GPU Power: 62.06 W
Epoch 47/200, Loss: 0.0271, Time: 6.24s, CPU Mem: 4484.55 MB, GPU Mem: 2131.75 MB, CPU Usage: 42.10%, GPU Power: 73.83 W
Epoch 48/200, Loss: 0.0213, Time: 6.15s, CPU Mem: 4484.30 MB, GPU Mem: 2131.75 MB, CPU Usage: 42.60%, GPU Power: 42.29 W
Epoch 49/200, Loss: 0.0217, Time: 5.95s, CPU Mem: 4484.55 MB, GPU Mem: 2131.75 MB, CPU Usage: 43.60%, GPU Power: 65.46 W
Epoch 50/200, Loss: 0.0343, Time: 5.98s, CPU Mem: 4484.55 MB, GPU Mem: 2131.75 MB, CPU Usage: 43.40%, GPU Power: 53.61 W
Epoch 51/200, Loss: 0.0227, Time: 6.43s, CPU Mem: 4484.55 MB, GPU Mem: 2131.75 MB, CPU Usage: 41.60%, GPU Power: 46.23 W
Epoch 52/200, Loss: 0.0206, Time: 6.42s, CPU Mem: 4484.55 MB, GPU Mem: 2131.75 MB, CPU Usage: 41.40%, GPU Power: 70.93 W
Epoch 53/200, Loss: 0.0256, Time: 5.96s, CPU Mem: 4484.30 MB, GPU Mem: 2131.75 MB, CPU Usage: 42.90%, GPU Power: 69.87 W
Epoch 54/200, Loss: 0.0244, Time: 6.35s, CPU Mem: 4484.55 MB, GPU Mem: 2131.75 MB, CPU Usage: 41.60%, GPU Power: 63.52 W
Epoch 55/200, Loss: 0.0236, Time: 6.30s, CPU Mem: 4484.55 MB, GPU Mem: 2131.75 MB, CPU Usage: 41.90%, GPU Power: 65.08 W
Epoch 56/200, Loss: 0.0255, Time: 6.40s, CPU Mem: 4484.55 MB, GPU Mem: 2131.75 MB, CPU Usage: 41.40%, GPU Power: 60.58 W
Epoch 57/200, Loss: 0.0245, Time: 6.36s, CPU Mem: 4484.30 MB, GPU Mem: 2131.75 MB, CPU Usage: 41.90%, GPU Power: 38.98 W
Epoch 58/200, Loss: 0.0163, Time: 6.28s, CPU Mem: 4484.55 MB, GPU Mem: 2131.75 MB, CPU Usage: 42.50%, GPU Power: 64.12 W
Epoch 59/200, Loss: 0.0287, Time: 6.00s, CPU Mem: 4484.55 MB, GPU Mem: 2131.75 MB, CPU Usage: 43.40%, GPU Power: 68.21 W
Epoch 60/200, Loss: 0.0228, Time: 6.28s, CPU Mem: 4484.55 MB, GPU Mem: 2131.75 MB, CPU Usage: 41.80%, GPU Power: 71.92 W
Epoch 61/200, Loss: 0.0203, Time: 6.50s, CPU Mem: 4484.30 MB, GPU Mem: 2131.75 MB, CPU Usage: 41.20%, GPU Power: 46.53 W
Epoch 62/200, Loss: 0.0187, Time: 6.19s, CPU Mem: 4484.55 MB, GPU Mem: 2131.75 MB, CPU Usage: 42.60%, GPU Power: 57.93 W
Epoch 63/200, Loss: 0.0233, Time: 6.32s, CPU Mem: 4484.55 MB, GPU Mem: 2131.75 MB, CPU Usage: 41.80%, GPU Power: 56.56 W
Epoch 64/200, Loss: 0.0184, Time: 6.20s, CPU Mem: 4484.55 MB, GPU Mem: 2131.75 MB, CPU Usage: 41.60%, GPU Power: 67.74 W
Epoch 65/200, Loss: 0.0226, Time: 6.24s, CPU Mem: 4484.30 MB, GPU Mem: 2131.75 MB, CPU Usage: 41.80%, GPU Power: 57.54 W
Epoch 66/200, Loss: 0.0240, Time: 6.32s, CPU Mem: 4484.56 MB, GPU Mem: 2131.75 MB, CPU Usage: 41.90%, GPU Power: 36.80 W
Epoch 67/200, Loss: 0.0220, Time: 6.17s, CPU Mem: 4484.31 MB, GPU Mem: 2131.75 MB, CPU Usage: 42.30%, GPU Power: 74.24 W
Epoch 68/200, Loss: 0.0209, Time: 6.22s, CPU Mem: 4484.56 MB, GPU Mem: 2131.75 MB, CPU Usage: 42.30%, GPU Power: 69.36 W
Epoch 69/200, Loss: 0.0221, Time: 6.11s, CPU Mem: 4484.56 MB, GPU Mem: 2131.75 MB, CPU Usage: 42.50%, GPU Power: 59.13 W
Epoch 70/200, Loss: 0.0208, Time: 6.01s, CPU Mem: 4484.31 MB, GPU Mem: 2131.75 MB, CPU Usage: 43.40%, GPU Power: 38.38 W
Epoch 71/200, Loss: 0.0230, Time: 6.25s, CPU Mem: 4484.56 MB, GPU Mem: 2131.75 MB, CPU Usage: 42.30%, GPU Power: 54.69 W
Epoch 72/200, Loss: 0.0154, Time: 6.26s, CPU Mem: 4484.56 MB, GPU Mem: 2131.75 MB, CPU Usage: 42.40%, GPU Power: 69.89 W
Epoch 73/200, Loss: 0.0200, Time: 6.45s, CPU Mem: 4484.56 MB, GPU Mem: 2131.75 MB, CPU Usage: 41.80%, GPU Power: 65.22 W
Epoch 74/200, Loss: 0.0220, Time: 6.29s, CPU Mem: 4484.31 MB, GPU Mem: 2131.75 MB, CPU Usage: 42.30%, GPU Power: 48.31 W
Epoch 75/200, Loss: 0.0186, Time: 6.36s, CPU Mem: 4484.56 MB, GPU Mem: 2131.75 MB, CPU Usage: 42.30%, GPU Power: 62.76 W
Epoch 76/200, Loss: 0.0166, Time: 6.47s, CPU Mem: 4484.56 MB, GPU Mem: 2131.75 MB, CPU Usage: 42.00%, GPU Power: 63.15 W
Epoch 77/200, Loss: 0.0254, Time: 6.58s, CPU Mem: 4484.31 MB, GPU Mem: 2131.75 MB, CPU Usage: 41.70%, GPU Power: 37.78 W
Epoch 78/200, Loss: 0.0166, Time: 6.84s, CPU Mem: 4484.56 MB, GPU Mem: 2131.75 MB, CPU Usage: 40.80%, GPU Power: 55.48 W
Epoch 79/200, Loss: 0.0196, Time: 6.26s, CPU Mem: 4484.56 MB, GPU Mem: 2131.75 MB, CPU Usage: 41.90%, GPU Power: 56.09 W
Epoch 80/200, Loss: 0.0168, Time: 6.23s, CPU Mem: 4484.36 MB, GPU Mem: 2131.75 MB, CPU Usage: 42.80%, GPU Power: 56.19 W
Epoch 81/200, Loss: 0.0224, Time: 6.41s, CPU Mem: 4484.31 MB, GPU Mem: 2131.75 MB, CPU Usage: 41.90%, GPU Power: 53.80 W
Epoch 82/200, Loss: 0.0224, Time: 6.29s, CPU Mem: 4484.56 MB, GPU Mem: 2131.75 MB, CPU Usage: 41.80%, GPU Power: 70.91 W
Epoch 83/200, Loss: 0.0170, Time: 6.34s, CPU Mem: 4484.06 MB, GPU Mem: 2131.75 MB, CPU Usage: 41.80%, GPU Power: 77.51 W
Epoch 84/200, Loss: 0.0187, Time: 6.25s, CPU Mem: 4484.56 MB, GPU Mem: 2131.75 MB, CPU Usage: 42.20%, GPU Power: 66.66 W
Epoch 85/200, Loss: 0.0178, Time: 6.17s, CPU Mem: 4484.56 MB, GPU Mem: 2131.75 MB, CPU Usage: 42.30%, GPU Power: 42.31 W
Epoch 86/200, Loss: 0.0214, Time: 6.43s, CPU Mem: 4484.56 MB, GPU Mem: 2131.75 MB, CPU Usage: 41.60%, GPU Power: 39.17 W
Epoch 87/200, Loss: 0.0170, Time: 6.51s, CPU Mem: 4484.56 MB, GPU Mem: 2131.75 MB, CPU Usage: 41.80%, GPU Power: 70.65 W
Epoch 88/200, Loss: 0.0157, Time: 6.27s, CPU Mem: 4484.56 MB, GPU Mem: 2131.75 MB, CPU Usage: 42.20%, GPU Power: 38.67 W
Epoch 89/200, Loss: 0.0207, Time: 6.34s, CPU Mem: 4484.31 MB, GPU Mem: 2131.75 MB, CPU Usage: 41.60%, GPU Power: 49.58 W
Epoch 90/200, Loss: 0.0199, Time: 6.11s, CPU Mem: 4484.56 MB, GPU Mem: 2131.75 MB, CPU Usage: 42.40%, GPU Power: 56.13 W
Epoch 91/200, Loss: 0.0146, Time: 6.01s, CPU Mem: 4484.56 MB, GPU Mem: 2131.75 MB, CPU Usage: 42.80%, GPU Power: 71.71 W
Epoch 92/200, Loss: 0.0141, Time: 6.23s, CPU Mem: 4484.31 MB, GPU Mem: 2131.75 MB, CPU Usage: 42.50%, GPU Power: 69.48 W
Epoch 93/200, Loss: 0.0243, Time: 6.51s, CPU Mem: 4484.56 MB, GPU Mem: 2131.75 MB, CPU Usage: 41.00%, GPU Power: 69.41 W
Epoch 94/200, Loss: 0.0160, Time: 6.24s, CPU Mem: 4484.31 MB, GPU Mem: 2131.75 MB, CPU Usage: 42.50%, GPU Power: 72.90 W
Epoch 95/200, Loss: 0.0209, Time: 6.24s, CPU Mem: 4484.57 MB, GPU Mem: 2131.75 MB, CPU Usage: 42.10%, GPU Power: 66.76 W
Epoch 96/200, Loss: 0.0144, Time: 6.21s, CPU Mem: 4484.06 MB, GPU Mem: 2131.75 MB, CPU Usage: 42.80%, GPU Power: 66.00 W
Epoch 97/200, Loss: 0.0202, Time: 6.20s, CPU Mem: 4484.56 MB, GPU Mem: 2131.75 MB, CPU Usage: 42.40%, GPU Power: 62.73 W
Epoch 98/200, Loss: 0.0154, Time: 6.27s, CPU Mem: 4484.56 MB, GPU Mem: 2131.75 MB, CPU Usage: 41.80%, GPU Power: 65.47 W
Epoch 99/200, Loss: 0.0173, Time: 6.20s, CPU Mem: 4484.56 MB, GPU Mem: 2131.75 MB, CPU Usage: 42.50%, GPU Power: 41.62 W
Epoch 100/200, Loss: 0.0165, Time: 6.23s, CPU Mem: 4484.56 MB, GPU Mem: 2131.75 MB, CPU Usage: 42.40%, GPU Power: 74.58 W
Epoch 101/200, Loss: 0.0187, Time: 6.32s, CPU Mem: 4484.56 MB, GPU Mem: 2131.75 MB, CPU Usage: 41.80%, GPU Power: 71.47 W
Epoch 102/200, Loss: 0.0159, Time: 6.18s, CPU Mem: 4484.31 MB, GPU Mem: 2131.75 MB, CPU Usage: 42.50%, GPU Power: 62.83 W
Epoch 103/200, Loss: 0.0157, Time: 6.24s, CPU Mem: 4484.56 MB, GPU Mem: 2131.75 MB, CPU Usage: 42.40%, GPU Power: 59.23 W
Epoch 104/200, Loss: 0.0158, Time: 6.15s, CPU Mem: 4484.56 MB, GPU Mem: 2131.75 MB, CPU Usage: 42.30%, GPU Power: 63.85 W
Epoch 105/200, Loss: 0.0207, Time: 6.48s, CPU Mem: 4484.31 MB, GPU Mem: 2131.75 MB, CPU Usage: 41.30%, GPU Power: 42.81 W
Epoch 106/200, Loss: 0.0147, Time: 6.50s, CPU Mem: 4484.56 MB, GPU Mem: 2131.75 MB, CPU Usage: 44.30%, GPU Power: 45.15 W
Epoch 107/200, Loss: 0.0183, Time: 6.37s, CPU Mem: 4484.56 MB, GPU Mem: 2131.75 MB, CPU Usage: 42.80%, GPU Power: 68.12 W
Epoch 108/200, Loss: 0.0085, Time: 6.46s, CPU Mem: 4484.56 MB, GPU Mem: 2131.75 MB, CPU Usage: 41.90%, GPU Power: 49.10 W
Epoch 109/200, Loss: 0.0256, Time: 6.23s, CPU Mem: 4484.57 MB, GPU Mem: 2131.75 MB, CPU Usage: 42.10%, GPU Power: 44.59 W
Epoch 110/200, Loss: 0.0095, Time: 6.44s, CPU Mem: 4484.56 MB, GPU Mem: 2131.75 MB, CPU Usage: 41.70%, GPU Power: 55.10 W
Epoch 111/200, Loss: 0.0168, Time: 6.34s, CPU Mem: 4484.31 MB, GPU Mem: 2131.75 MB, CPU Usage: 42.20%, GPU Power: 57.84 W
Epoch 112/200, Loss: 0.0204, Time: 6.16s, CPU Mem: 4484.56 MB, GPU Mem: 2131.75 MB, CPU Usage: 42.40%, GPU Power: 69.17 W
Epoch 113/200, Loss: 0.0137, Time: 6.21s, CPU Mem: 4484.56 MB, GPU Mem: 2131.75 MB, CPU Usage: 42.40%, GPU Power: 75.38 W
Epoch 114/200, Loss: 0.0149, Time: 6.16s, CPU Mem: 4484.31 MB, GPU Mem: 2131.75 MB, CPU Usage: 42.50%, GPU Power: 72.35 W
Epoch 115/200, Loss: 0.0171, Time: 6.20s, CPU Mem: 4484.56 MB, GPU Mem: 2131.75 MB, CPU Usage: 42.40%, GPU Power: 50.69 W
Epoch 116/200, Loss: 0.0187, Time: 6.46s, CPU Mem: 4484.56 MB, GPU Mem: 2131.75 MB, CPU Usage: 41.80%, GPU Power: 54.82 W
Epoch 117/200, Loss: 0.0107, Time: 6.34s, CPU Mem: 4484.37 MB, GPU Mem: 2131.75 MB, CPU Usage: 42.00%, GPU Power: 59.09 W
Epoch 118/200, Loss: 0.0162, Time: 6.46s, CPU Mem: 4484.31 MB, GPU Mem: 2131.75 MB, CPU Usage: 41.20%, GPU Power: 44.48 W
Epoch 119/200, Loss: 0.0118, Time: 6.40s, CPU Mem: 4484.31 MB, GPU Mem: 2131.75 MB, CPU Usage: 41.70%, GPU Power: 56.06 W
Epoch 120/200, Loss: 0.0198, Time: 6.08s, CPU Mem: 4484.56 MB, GPU Mem: 2131.75 MB, CPU Usage: 43.10%, GPU Power: 43.49 W
Epoch 121/200, Loss: 0.0093, Time: 6.26s, CPU Mem: 4484.37 MB, GPU Mem: 2131.75 MB, CPU Usage: 42.40%, GPU Power: 66.19 W
Epoch 122/200, Loss: 0.0234, Time: 6.47s, CPU Mem: 4484.56 MB, GPU Mem: 2131.75 MB, CPU Usage: 41.30%, GPU Power: 65.28 W
Epoch 123/200, Loss: 0.0136, Time: 6.10s, CPU Mem: 4484.56 MB, GPU Mem: 2131.75 MB, CPU Usage: 42.80%, GPU Power: 75.66 W
Epoch 124/200, Loss: 0.0137, Time: 6.21s, CPU Mem: 4484.56 MB, GPU Mem: 2131.75 MB, CPU Usage: 42.30%, GPU Power: 62.65 W
Epoch 125/200, Loss: 0.0161, Time: 6.73s, CPU Mem: 4484.31 MB, GPU Mem: 2131.75 MB, CPU Usage: 41.40%, GPU Power: 46.34 W
Epoch 126/200, Loss: 0.0182, Time: 6.09s, CPU Mem: 4484.56 MB, GPU Mem: 2131.75 MB, CPU Usage: 43.10%, GPU Power: 69.27 W
Epoch 127/200, Loss: 0.0179, Time: 6.19s, CPU Mem: 4484.31 MB, GPU Mem: 2131.75 MB, CPU Usage: 42.50%, GPU Power: 50.98 W
Epoch 128/200, Loss: 0.0084, Time: 6.03s, CPU Mem: 4484.56 MB, GPU Mem: 2131.75 MB, CPU Usage: 43.10%, GPU Power: 61.58 W
Epoch 129/200, Loss: 0.0213, Time: 6.17s, CPU Mem: 4484.56 MB, GPU Mem: 2131.75 MB, CPU Usage: 42.40%, GPU Power: 63.74 W
Epoch 130/200, Loss: 0.0121, Time: 5.96s, CPU Mem: 4484.56 MB, GPU Mem: 2131.75 MB, CPU Usage: 43.90%, GPU Power: 67.28 W
Epoch 131/200, Loss: 0.0196, Time: 6.40s, CPU Mem: 4484.56 MB, GPU Mem: 2131.75 MB, CPU Usage: 41.90%, GPU Power: 63.12 W
Epoch 132/200, Loss: 0.0116, Time: 6.33s, CPU Mem: 4484.56 MB, GPU Mem: 2131.75 MB, CPU Usage: 42.10%, GPU Power: 57.61 W
Epoch 133/200, Loss: 0.0153, Time: 6.12s, CPU Mem: 4484.56 MB, GPU Mem: 2131.75 MB, CPU Usage: 42.40%, GPU Power: 79.96 W
Epoch 134/200, Loss: 0.0133, Time: 6.05s, CPU Mem: 4484.37 MB, GPU Mem: 2131.75 MB, CPU Usage: 43.10%, GPU Power: 67.84 W
Epoch 135/200, Loss: 0.0168, Time: 6.59s, CPU Mem: 4484.56 MB, GPU Mem: 2131.75 MB, CPU Usage: 41.10%, GPU Power: 67.34 W
Epoch 136/200, Loss: 0.0177, Time: 6.23s, CPU Mem: 4484.56 MB, GPU Mem: 2131.75 MB, CPU Usage: 42.10%, GPU Power: 64.14 W
Epoch 137/200, Loss: 0.0154, Time: 6.17s, CPU Mem: 4484.56 MB, GPU Mem: 2131.75 MB, CPU Usage: 42.70%, GPU Power: 56.95 W
Epoch 138/200, Loss: 0.0146, Time: 5.59s, CPU Mem: 4484.31 MB, GPU Mem: 2131.75 MB, CPU Usage: 44.80%, GPU Power: 69.69 W
Epoch 139/200, Loss: 0.0135, Time: 6.35s, CPU Mem: 4484.57 MB, GPU Mem: 2131.75 MB, CPU Usage: 42.00%, GPU Power: 61.89 W
Epoch 140/200, Loss: 0.0077, Time: 6.31s, CPU Mem: 4484.56 MB, GPU Mem: 2131.75 MB, CPU Usage: 42.10%, GPU Power: 53.84 W
Epoch 141/200, Loss: 0.0219, Time: 6.08s, CPU Mem: 4484.56 MB, GPU Mem: 2131.75 MB, CPU Usage: 42.90%, GPU Power: 44.76 W
Epoch 142/200, Loss: 0.0149, Time: 6.39s, CPU Mem: 4484.56 MB, GPU Mem: 2131.75 MB, CPU Usage: 41.70%, GPU Power: 55.30 W
Epoch 143/200, Loss: 0.0137, Time: 6.45s, CPU Mem: 4484.56 MB, GPU Mem: 2131.75 MB, CPU Usage: 41.60%, GPU Power: 57.43 W
Epoch 144/200, Loss: 0.0150, Time: 6.10s, CPU Mem: 4484.57 MB, GPU Mem: 2131.75 MB, CPU Usage: 42.60%, GPU Power: 39.74 W
Epoch 145/200, Loss: 0.0124, Time: 6.09s, CPU Mem: 4484.56 MB, GPU Mem: 2131.75 MB, CPU Usage: 42.90%, GPU Power: 82.79 W
Epoch 146/200, Loss: 0.0150, Time: 6.30s, CPU Mem: 4484.56 MB, GPU Mem: 2131.75 MB, CPU Usage: 41.90%, GPU Power: 43.11 W
Epoch 147/200, Loss: 0.0149, Time: 6.25s, CPU Mem: 4484.56 MB, GPU Mem: 2131.75 MB, CPU Usage: 42.10%, GPU Power: 78.17 W
Epoch 148/200, Loss: 0.0103, Time: 6.32s, CPU Mem: 4484.56 MB, GPU Mem: 2131.75 MB, CPU Usage: 41.80%, GPU Power: 61.44 W
Epoch 149/200, Loss: 0.0172, Time: 6.12s, CPU Mem: 4484.56 MB, GPU Mem: 2131.75 MB, CPU Usage: 42.50%, GPU Power: 76.12 W
Epoch 150/200, Loss: 0.0185, Time: 6.36s, CPU Mem: 4484.56 MB, GPU Mem: 2131.75 MB, CPU Usage: 41.60%, GPU Power: 56.06 W
Epoch 151/200, Loss: 0.0111, Time: 6.25s, CPU Mem: 4484.56 MB, GPU Mem: 2131.75 MB, CPU Usage: 42.10%, GPU Power: 62.76 W
Epoch 152/200, Loss: 0.0156, Time: 6.25s, CPU Mem: 4484.56 MB, GPU Mem: 2131.75 MB, CPU Usage: 42.40%, GPU Power: 64.95 W
Epoch 153/200, Loss: 0.0168, Time: 6.43s, CPU Mem: 4484.31 MB, GPU Mem: 2131.75 MB, CPU Usage: 41.80%, GPU Power: 49.59 W
Epoch 154/200, Loss: 0.0130, Time: 6.39s, CPU Mem: 4484.56 MB, GPU Mem: 2131.75 MB, CPU Usage: 41.70%, GPU Power: 40.75 W
Epoch 155/200, Loss: 0.0163, Time: 6.29s, CPU Mem: 4484.56 MB, GPU Mem: 2131.75 MB, CPU Usage: 42.00%, GPU Power: 72.24 W
Epoch 156/200, Loss: 0.0082, Time: 6.19s, CPU Mem: 4484.56 MB, GPU Mem: 2131.75 MB, CPU Usage: 42.40%, GPU Power: 61.10 W
Epoch 157/200, Loss: 0.0266, Time: 6.24s, CPU Mem: 4484.56 MB, GPU Mem: 2131.75 MB, CPU Usage: 42.30%, GPU Power: 59.90 W
Epoch 158/200, Loss: 0.0075, Time: 5.99s, CPU Mem: 4484.56 MB, GPU Mem: 2131.75 MB, CPU Usage: 43.20%, GPU Power: 56.17 W
Epoch 159/200, Loss: 0.0147, Time: 5.97s, CPU Mem: 4484.56 MB, GPU Mem: 2131.75 MB, CPU Usage: 43.40%, GPU Power: 64.33 W
Epoch 160/200, Loss: 0.0184, Time: 6.05s, CPU Mem: 4484.38 MB, GPU Mem: 2131.75 MB, CPU Usage: 42.90%, GPU Power: 75.37 W
Epoch 161/200, Loss: 0.0080, Time: 6.06s, CPU Mem: 4484.56 MB, GPU Mem: 2131.75 MB, CPU Usage: 43.20%, GPU Power: 79.06 W
Epoch 162/200, Loss: 0.0133, Time: 6.22s, CPU Mem: 4484.57 MB, GPU Mem: 2131.75 MB, CPU Usage: 42.40%, GPU Power: 68.14 W
Epoch 163/200, Loss: 0.0169, Time: 6.46s, CPU Mem: 4484.56 MB, GPU Mem: 2131.75 MB, CPU Usage: 41.60%, GPU Power: 62.33 W
Epoch 164/200, Loss: 0.0087, Time: 6.30s, CPU Mem: 4484.56 MB, GPU Mem: 2131.75 MB, CPU Usage: 41.90%, GPU Power: 75.94 W
Epoch 165/200, Loss: 0.0186, Time: 6.02s, CPU Mem: 4484.56 MB, GPU Mem: 2131.75 MB, CPU Usage: 43.30%, GPU Power: 78.41 W
Epoch 166/200, Loss: 0.0164, Time: 6.00s, CPU Mem: 4484.56 MB, GPU Mem: 2131.75 MB, CPU Usage: 43.30%, GPU Power: 50.66 W
Epoch 167/200, Loss: 0.0086, Time: 6.08s, CPU Mem: 4484.56 MB, GPU Mem: 2131.75 MB, CPU Usage: 42.50%, GPU Power: 76.05 W
Epoch 168/200, Loss: 0.0105, Time: 6.27s, CPU Mem: 4484.56 MB, GPU Mem: 2131.75 MB, CPU Usage: 42.20%, GPU Power: 67.16 W
Epoch 169/200, Loss: 0.0237, Time: 6.20s, CPU Mem: 4484.56 MB, GPU Mem: 2131.75 MB, CPU Usage: 42.80%, GPU Power: 72.04 W
Epoch 170/200, Loss: 0.0132, Time: 6.20s, CPU Mem: 4484.56 MB, GPU Mem: 2131.75 MB, CPU Usage: 42.30%, GPU Power: 56.55 W
Epoch 171/200, Loss: 0.0078, Time: 6.17s, CPU Mem: 4484.56 MB, GPU Mem: 2131.75 MB, CPU Usage: 42.10%, GPU Power: 74.61 W
Epoch 172/200, Loss: 0.0136, Time: 6.08s, CPU Mem: 4484.56 MB, GPU Mem: 2131.75 MB, CPU Usage: 42.90%, GPU Power: 55.71 W
Epoch 173/200, Loss: 0.0172, Time: 6.50s, CPU Mem: 4484.56 MB, GPU Mem: 2131.75 MB, CPU Usage: 42.00%, GPU Power: 35.91 W
Epoch 174/200, Loss: 0.0077, Time: 6.33s, CPU Mem: 4484.56 MB, GPU Mem: 2131.75 MB, CPU Usage: 42.20%, GPU Power: 63.42 W
Epoch 175/200, Loss: 0.0185, Time: 6.21s, CPU Mem: 4484.56 MB, GPU Mem: 2131.75 MB, CPU Usage: 42.20%, GPU Power: 70.30 W
Epoch 176/200, Loss: 0.0141, Time: 6.21s, CPU Mem: 4484.56 MB, GPU Mem: 2131.75 MB, CPU Usage: 42.40%, GPU Power: 58.34 W
Epoch 177/200, Loss: 0.0106, Time: 6.14s, CPU Mem: 4484.56 MB, GPU Mem: 2131.75 MB, CPU Usage: 42.70%, GPU Power: 69.35 W
Epoch 178/200, Loss: 0.0148, Time: 6.12s, CPU Mem: 4484.56 MB, GPU Mem: 2131.75 MB, CPU Usage: 42.70%, GPU Power: 60.30 W
Epoch 179/200, Loss: 0.0110, Time: 6.38s, CPU Mem: 4484.56 MB, GPU Mem: 2131.75 MB, CPU Usage: 41.80%, GPU Power: 61.93 W
Epoch 180/200, Loss: 0.0135, Time: 6.19s, CPU Mem: 4484.56 MB, GPU Mem: 2131.75 MB, CPU Usage: 42.40%, GPU Power: 59.62 W
Epoch 181/200, Loss: 0.0135, Time: 6.34s, CPU Mem: 4484.56 MB, GPU Mem: 2131.75 MB, CPU Usage: 41.70%, GPU Power: 60.29 W
Epoch 182/200, Loss: 0.0122, Time: 6.31s, CPU Mem: 4484.56 MB, GPU Mem: 2131.75 MB, CPU Usage: 41.80%, GPU Power: 47.61 W
Epoch 183/200, Loss: 0.0160, Time: 6.43s, CPU Mem: 4484.56 MB, GPU Mem: 2131.75 MB, CPU Usage: 42.00%, GPU Power: 47.22 W
Epoch 184/200, Loss: 0.0129, Time: 6.01s, CPU Mem: 4484.56 MB, GPU Mem: 2131.75 MB, CPU Usage: 43.50%, GPU Power: 63.12 W
Epoch 185/200, Loss: 0.0128, Time: 6.37s, CPU Mem: 4484.56 MB, GPU Mem: 2131.75 MB, CPU Usage: 42.00%, GPU Power: 46.55 W
Epoch 186/200, Loss: 0.0164, Time: 6.27s, CPU Mem: 4484.56 MB, GPU Mem: 2131.75 MB, CPU Usage: 42.50%, GPU Power: 62.08 W
Epoch 187/200, Loss: 0.0141, Time: 6.18s, CPU Mem: 4484.56 MB, GPU Mem: 2131.75 MB, CPU Usage: 42.70%, GPU Power: 63.60 W
Epoch 188/200, Loss: 0.0126, Time: 6.40s, CPU Mem: 4484.56 MB, GPU Mem: 2131.75 MB, CPU Usage: 41.80%, GPU Power: 64.76 W
Epoch 189/200, Loss: 0.0111, Time: 6.26s, CPU Mem: 4484.56 MB, GPU Mem: 2131.75 MB, CPU Usage: 42.20%, GPU Power: 39.84 W
Epoch 190/200, Loss: 0.0153, Time: 6.26s, CPU Mem: 4484.56 MB, GPU Mem: 2131.75 MB, CPU Usage: 42.60%, GPU Power: 69.02 W
Epoch 191/200, Loss: 0.0103, Time: 6.11s, CPU Mem: 4484.56 MB, GPU Mem: 2131.75 MB, CPU Usage: 43.10%, GPU Power: 64.87 W
Epoch 192/200, Loss: 0.0139, Time: 6.44s, CPU Mem: 4484.56 MB, GPU Mem: 2131.75 MB, CPU Usage: 42.30%, GPU Power: 42.79 W
Epoch 193/200, Loss: 0.0146, Time: 6.27s, CPU Mem: 4484.56 MB, GPU Mem: 2131.75 MB, CPU Usage: 42.50%, GPU Power: 53.61 W
Epoch 194/200, Loss: 0.0099, Time: 5.88s, CPU Mem: 4484.56 MB, GPU Mem: 2131.75 MB, CPU Usage: 43.80%, GPU Power: 53.03 W
Epoch 195/200, Loss: 0.0177, Time: 6.31s, CPU Mem: 4484.56 MB, GPU Mem: 2131.75 MB, CPU Usage: 42.50%, GPU Power: 50.28 W
Epoch 196/200, Loss: 0.0112, Time: 6.27s, CPU Mem: 4484.56 MB, GPU Mem: 2131.75 MB, CPU Usage: 42.70%, GPU Power: 62.63 W
Epoch 197/200, Loss: 0.0156, Time: 6.38s, CPU Mem: 4484.56 MB, GPU Mem: 2131.75 MB, CPU Usage: 41.50%, GPU Power: 48.22 W
Epoch 198/200, Loss: 0.0112, Time: 6.24s, CPU Mem: 4484.56 MB, GPU Mem: 2131.75 MB, CPU Usage: 42.80%, GPU Power: 48.71 W
Epoch 199/200, Loss: 0.0144, Time: 6.46s, CPU Mem: 4484.56 MB, GPU Mem: 2131.75 MB, CPU Usage: 41.90%, GPU Power: 61.54 W
Epoch 200/200, Loss: 0.0170, Time: 6.31s, CPU Mem: 4484.56 MB, GPU Mem: 2131.75 MB, CPU Usage: 42.30%, GPU Power: 59.49 W
Starting Testing...
Test Accuracy: 78.89%
Job 3 complete
