Starting job 1...
Files already downloaded and verified
Files already downloaded and verified
Starting Training...
Dataset: CIFAR-10 | Algo: BP | Kernel: 3 | Pad: 1 | MaxPooling: TRUE
Channels: 3 → 64 → 128 → 256 → 512 → 1 (via AdaptiveAvgPool) → num_classes
Epoch 1/200, Loss: 1.4827, Time: 8.73s, CPU Mem: 4492.57 MB, GPU Mem: 2131.75 MB, CPU Usage: 27.20%, GPU Power: 49.40 W
Epoch 2/200, Loss: 1.0417, Time: 5.94s, CPU Mem: 4495.87 MB, GPU Mem: 2131.75 MB, CPU Usage: 43.10%, GPU Power: 47.05 W
Epoch 3/200, Loss: 0.8427, Time: 5.98s, CPU Mem: 4496.32 MB, GPU Mem: 2131.75 MB, CPU Usage: 42.90%, GPU Power: 68.41 W
Epoch 4/200, Loss: 0.7095, Time: 6.02s, CPU Mem: 4496.32 MB, GPU Mem: 2131.75 MB, CPU Usage: 42.90%, GPU Power: 68.71 W
Epoch 5/200, Loss: 0.6102, Time: 5.78s, CPU Mem: 4496.21 MB, GPU Mem: 2131.75 MB, CPU Usage: 44.00%, GPU Power: 70.60 W
Epoch 6/200, Loss: 0.5185, Time: 5.57s, CPU Mem: 4496.71 MB, GPU Mem: 2131.75 MB, CPU Usage: 44.40%, GPU Power: 53.36 W
Epoch 7/200, Loss: 0.4515, Time: 6.15s, CPU Mem: 4496.73 MB, GPU Mem: 2131.75 MB, CPU Usage: 42.00%, GPU Power: 65.95 W
Epoch 8/200, Loss: 0.3835, Time: 6.02s, CPU Mem: 4496.73 MB, GPU Mem: 2131.75 MB, CPU Usage: 43.00%, GPU Power: 47.34 W
Epoch 9/200, Loss: 0.3254, Time: 5.95s, CPU Mem: 4496.73 MB, GPU Mem: 2131.75 MB, CPU Usage: 42.90%, GPU Power: 74.24 W
Epoch 10/200, Loss: 0.2626, Time: 6.29s, CPU Mem: 4496.73 MB, GPU Mem: 2131.75 MB, CPU Usage: 41.90%, GPU Power: 67.35 W
Epoch 11/200, Loss: 0.2151, Time: 6.19s, CPU Mem: 4496.48 MB, GPU Mem: 2131.75 MB, CPU Usage: 42.00%, GPU Power: 66.49 W
Epoch 12/200, Loss: 0.1717, Time: 6.19s, CPU Mem: 4496.73 MB, GPU Mem: 2131.75 MB, CPU Usage: 42.10%, GPU Power: 51.37 W
Epoch 13/200, Loss: 0.1295, Time: 5.95s, CPU Mem: 4496.73 MB, GPU Mem: 2131.75 MB, CPU Usage: 42.90%, GPU Power: 83.25 W
Epoch 14/200, Loss: 0.1101, Time: 6.25s, CPU Mem: 4496.48 MB, GPU Mem: 2131.75 MB, CPU Usage: 41.80%, GPU Power: 72.39 W
Epoch 15/200, Loss: 0.0922, Time: 6.15s, CPU Mem: 4496.73 MB, GPU Mem: 2131.75 MB, CPU Usage: 41.90%, GPU Power: 73.24 W
Epoch 16/200, Loss: 0.0798, Time: 6.03s, CPU Mem: 4496.49 MB, GPU Mem: 2131.75 MB, CPU Usage: 42.70%, GPU Power: 74.69 W
Epoch 17/200, Loss: 0.0674, Time: 6.12s, CPU Mem: 4496.48 MB, GPU Mem: 2131.75 MB, CPU Usage: 42.20%, GPU Power: 63.88 W
Epoch 18/200, Loss: 0.0691, Time: 5.89s, CPU Mem: 4496.73 MB, GPU Mem: 2131.75 MB, CPU Usage: 43.20%, GPU Power: 63.60 W
Epoch 19/200, Loss: 0.0627, Time: 6.42s, CPU Mem: 4496.73 MB, GPU Mem: 2131.75 MB, CPU Usage: 41.30%, GPU Power: 56.21 W
Epoch 20/200, Loss: 0.0537, Time: 6.23s, CPU Mem: 4496.28 MB, GPU Mem: 2131.75 MB, CPU Usage: 41.80%, GPU Power: 36.96 W
Epoch 21/200, Loss: 0.0489, Time: 6.25s, CPU Mem: 4496.73 MB, GPU Mem: 2131.75 MB, CPU Usage: 41.90%, GPU Power: 56.22 W
Epoch 22/200, Loss: 0.0569, Time: 6.05s, CPU Mem: 4496.73 MB, GPU Mem: 2131.75 MB, CPU Usage: 42.40%, GPU Power: 67.70 W
Epoch 23/200, Loss: 0.0440, Time: 5.78s, CPU Mem: 4496.48 MB, GPU Mem: 2131.75 MB, CPU Usage: 44.10%, GPU Power: 75.30 W
Epoch 24/200, Loss: 0.0454, Time: 6.28s, CPU Mem: 4496.48 MB, GPU Mem: 2131.75 MB, CPU Usage: 41.80%, GPU Power: 47.34 W
Epoch 25/200, Loss: 0.0474, Time: 5.86s, CPU Mem: 4496.73 MB, GPU Mem: 2131.75 MB, CPU Usage: 43.30%, GPU Power: 79.62 W
Epoch 26/200, Loss: 0.0391, Time: 6.08s, CPU Mem: 4496.28 MB, GPU Mem: 2131.75 MB, CPU Usage: 42.40%, GPU Power: 51.86 W
Epoch 27/200, Loss: 0.0440, Time: 6.18s, CPU Mem: 4496.48 MB, GPU Mem: 2131.75 MB, CPU Usage: 42.00%, GPU Power: 53.26 W
Epoch 28/200, Loss: 0.0377, Time: 6.11s, CPU Mem: 4496.73 MB, GPU Mem: 2131.75 MB, CPU Usage: 42.60%, GPU Power: 66.83 W
Epoch 29/200, Loss: 0.0400, Time: 6.11s, CPU Mem: 4496.73 MB, GPU Mem: 2131.75 MB, CPU Usage: 42.80%, GPU Power: 66.36 W
Epoch 30/200, Loss: 0.0406, Time: 5.63s, CPU Mem: 4496.73 MB, GPU Mem: 2131.75 MB, CPU Usage: 44.30%, GPU Power: 75.90 W
Epoch 31/200, Loss: 0.0301, Time: 6.22s, CPU Mem: 4496.53 MB, GPU Mem: 2131.75 MB, CPU Usage: 42.00%, GPU Power: 40.13 W
Epoch 32/200, Loss: 0.0404, Time: 5.99s, CPU Mem: 4496.73 MB, GPU Mem: 2131.75 MB, CPU Usage: 42.80%, GPU Power: 77.08 W
Epoch 33/200, Loss: 0.0365, Time: 6.02s, CPU Mem: 4496.49 MB, GPU Mem: 2131.75 MB, CPU Usage: 42.90%, GPU Power: 77.76 W
Epoch 34/200, Loss: 0.0288, Time: 5.97s, CPU Mem: 4496.48 MB, GPU Mem: 2131.75 MB, CPU Usage: 43.20%, GPU Power: 68.52 W
Epoch 35/200, Loss: 0.0402, Time: 6.27s, CPU Mem: 4496.73 MB, GPU Mem: 2131.75 MB, CPU Usage: 42.00%, GPU Power: 47.34 W
Epoch 36/200, Loss: 0.0342, Time: 6.16s, CPU Mem: 4496.23 MB, GPU Mem: 2131.75 MB, CPU Usage: 42.30%, GPU Power: 70.97 W
Epoch 37/200, Loss: 0.0301, Time: 5.97s, CPU Mem: 4496.73 MB, GPU Mem: 2131.75 MB, CPU Usage: 43.10%, GPU Power: 66.64 W
Epoch 38/200, Loss: 0.0375, Time: 6.02s, CPU Mem: 4496.73 MB, GPU Mem: 2131.75 MB, CPU Usage: 42.90%, GPU Power: 55.43 W
Epoch 39/200, Loss: 0.0300, Time: 6.04s, CPU Mem: 4496.73 MB, GPU Mem: 2131.75 MB, CPU Usage: 42.60%, GPU Power: 55.02 W
Epoch 40/200, Loss: 0.0266, Time: 6.32s, CPU Mem: 4496.73 MB, GPU Mem: 2131.75 MB, CPU Usage: 41.90%, GPU Power: 56.81 W
Epoch 41/200, Loss: 0.0347, Time: 6.14s, CPU Mem: 4496.73 MB, GPU Mem: 2131.75 MB, CPU Usage: 42.60%, GPU Power: 62.39 W
Epoch 42/200, Loss: 0.0338, Time: 5.99s, CPU Mem: 4496.48 MB, GPU Mem: 2131.75 MB, CPU Usage: 43.10%, GPU Power: 53.55 W
Epoch 43/200, Loss: 0.0278, Time: 6.09s, CPU Mem: 4496.73 MB, GPU Mem: 2131.75 MB, CPU Usage: 42.50%, GPU Power: 77.27 W
Epoch 44/200, Loss: 0.0268, Time: 6.13s, CPU Mem: 4496.53 MB, GPU Mem: 2131.75 MB, CPU Usage: 42.60%, GPU Power: 57.40 W
Epoch 45/200, Loss: 0.0229, Time: 6.30s, CPU Mem: 4496.23 MB, GPU Mem: 2131.75 MB, CPU Usage: 41.60%, GPU Power: 68.70 W
Epoch 46/200, Loss: 0.0305, Time: 6.13s, CPU Mem: 4496.73 MB, GPU Mem: 2131.75 MB, CPU Usage: 42.60%, GPU Power: 70.00 W
Epoch 47/200, Loss: 0.0273, Time: 5.98s, CPU Mem: 4496.73 MB, GPU Mem: 2131.75 MB, CPU Usage: 42.80%, GPU Power: 68.61 W
Epoch 48/200, Loss: 0.0286, Time: 5.90s, CPU Mem: 4496.73 MB, GPU Mem: 2131.75 MB, CPU Usage: 43.40%, GPU Power: 68.76 W
Epoch 49/200, Loss: 0.0255, Time: 5.84s, CPU Mem: 4496.73 MB, GPU Mem: 2131.75 MB, CPU Usage: 43.60%, GPU Power: 66.64 W
Epoch 50/200, Loss: 0.0323, Time: 6.05s, CPU Mem: 4496.73 MB, GPU Mem: 2131.75 MB, CPU Usage: 42.60%, GPU Power: 68.72 W
Epoch 51/200, Loss: 0.0189, Time: 5.86s, CPU Mem: 4496.48 MB, GPU Mem: 2131.75 MB, CPU Usage: 43.40%, GPU Power: 64.80 W
Epoch 52/200, Loss: 0.0268, Time: 5.57s, CPU Mem: 4496.73 MB, GPU Mem: 2131.75 MB, CPU Usage: 44.90%, GPU Power: 46.44 W
Epoch 53/200, Loss: 0.0288, Time: 6.09s, CPU Mem: 4496.48 MB, GPU Mem: 2131.75 MB, CPU Usage: 42.80%, GPU Power: 79.95 W
Epoch 54/200, Loss: 0.0235, Time: 6.19s, CPU Mem: 4496.23 MB, GPU Mem: 2131.75 MB, CPU Usage: 42.30%, GPU Power: 60.04 W
Epoch 55/200, Loss: 0.0259, Time: 6.23s, CPU Mem: 4496.74 MB, GPU Mem: 2131.75 MB, CPU Usage: 42.20%, GPU Power: 43.78 W
Epoch 56/200, Loss: 0.0285, Time: 6.33s, CPU Mem: 4496.73 MB, GPU Mem: 2131.75 MB, CPU Usage: 41.80%, GPU Power: 63.40 W
Epoch 57/200, Loss: 0.0213, Time: 6.29s, CPU Mem: 4496.48 MB, GPU Mem: 2131.75 MB, CPU Usage: 42.00%, GPU Power: 59.37 W
Epoch 58/200, Loss: 0.0237, Time: 6.19s, CPU Mem: 4496.73 MB, GPU Mem: 2131.75 MB, CPU Usage: 42.30%, GPU Power: 40.24 W
Epoch 59/200, Loss: 0.0257, Time: 6.06s, CPU Mem: 4496.73 MB, GPU Mem: 2131.75 MB, CPU Usage: 42.80%, GPU Power: 67.37 W
Epoch 60/200, Loss: 0.0202, Time: 6.24s, CPU Mem: 4496.73 MB, GPU Mem: 2131.75 MB, CPU Usage: 42.40%, GPU Power: 49.49 W
Epoch 61/200, Loss: 0.0286, Time: 6.03s, CPU Mem: 4496.73 MB, GPU Mem: 2131.75 MB, CPU Usage: 43.10%, GPU Power: 49.72 W
Epoch 62/200, Loss: 0.0220, Time: 6.20s, CPU Mem: 4496.73 MB, GPU Mem: 2131.75 MB, CPU Usage: 42.20%, GPU Power: 72.67 W
Epoch 63/200, Loss: 0.0256, Time: 6.08s, CPU Mem: 4496.48 MB, GPU Mem: 2131.75 MB, CPU Usage: 42.60%, GPU Power: 53.65 W
Epoch 64/200, Loss: 0.0229, Time: 6.31s, CPU Mem: 4496.73 MB, GPU Mem: 2131.75 MB, CPU Usage: 41.70%, GPU Power: 45.38 W
Epoch 65/200, Loss: 0.0239, Time: 5.84s, CPU Mem: 4496.73 MB, GPU Mem: 2131.75 MB, CPU Usage: 43.40%, GPU Power: 48.60 W
Epoch 66/200, Loss: 0.0161, Time: 5.88s, CPU Mem: 4496.55 MB, GPU Mem: 2131.75 MB, CPU Usage: 43.30%, GPU Power: 71.98 W
Epoch 67/200, Loss: 0.0245, Time: 5.76s, CPU Mem: 4496.75 MB, GPU Mem: 2131.75 MB, CPU Usage: 43.90%, GPU Power: 64.88 W
Epoch 68/200, Loss: 0.0235, Time: 6.11s, CPU Mem: 4496.50 MB, GPU Mem: 2131.75 MB, CPU Usage: 42.30%, GPU Power: 66.58 W
Epoch 69/200, Loss: 0.0220, Time: 5.79s, CPU Mem: 4496.74 MB, GPU Mem: 2131.75 MB, CPU Usage: 43.50%, GPU Power: 79.75 W
Epoch 70/200, Loss: 0.0216, Time: 6.20s, CPU Mem: 4496.74 MB, GPU Mem: 2131.75 MB, CPU Usage: 42.40%, GPU Power: 57.37 W
Epoch 71/200, Loss: 0.0252, Time: 6.33s, CPU Mem: 4496.51 MB, GPU Mem: 2131.75 MB, CPU Usage: 41.80%, GPU Power: 39.53 W
Epoch 72/200, Loss: 0.0157, Time: 6.24s, CPU Mem: 4496.49 MB, GPU Mem: 2131.75 MB, CPU Usage: 42.10%, GPU Power: 59.85 W
Epoch 73/200, Loss: 0.0262, Time: 6.17s, CPU Mem: 4496.74 MB, GPU Mem: 2131.75 MB, CPU Usage: 42.60%, GPU Power: 55.22 W
Epoch 74/200, Loss: 0.0195, Time: 5.79s, CPU Mem: 4496.74 MB, GPU Mem: 2131.75 MB, CPU Usage: 43.90%, GPU Power: 49.22 W
Epoch 75/200, Loss: 0.0181, Time: 6.15s, CPU Mem: 4496.74 MB, GPU Mem: 2131.75 MB, CPU Usage: 42.30%, GPU Power: 47.66 W
Epoch 76/200, Loss: 0.0178, Time: 6.42s, CPU Mem: 4496.74 MB, GPU Mem: 2131.75 MB, CPU Usage: 41.30%, GPU Power: 62.42 W
Epoch 77/200, Loss: 0.0336, Time: 6.19s, CPU Mem: 4496.74 MB, GPU Mem: 2131.75 MB, CPU Usage: 42.10%, GPU Power: 66.58 W
Epoch 78/200, Loss: 0.0076, Time: 6.07s, CPU Mem: 4496.49 MB, GPU Mem: 2131.75 MB, CPU Usage: 42.80%, GPU Power: 46.16 W
Epoch 79/200, Loss: 0.0300, Time: 6.13s, CPU Mem: 4496.49 MB, GPU Mem: 2131.75 MB, CPU Usage: 42.40%, GPU Power: 64.69 W
Epoch 80/200, Loss: 0.0196, Time: 6.17s, CPU Mem: 4496.74 MB, GPU Mem: 2131.75 MB, CPU Usage: 42.40%, GPU Power: 74.61 W
Epoch 81/200, Loss: 0.0143, Time: 5.67s, CPU Mem: 4496.24 MB, GPU Mem: 2131.75 MB, CPU Usage: 44.40%, GPU Power: 69.82 W
Epoch 82/200, Loss: 0.0210, Time: 6.24s, CPU Mem: 4496.74 MB, GPU Mem: 2131.75 MB, CPU Usage: 42.10%, GPU Power: 56.02 W
Epoch 83/200, Loss: 0.0233, Time: 6.08s, CPU Mem: 4496.74 MB, GPU Mem: 2131.75 MB, CPU Usage: 42.50%, GPU Power: 49.69 W
Epoch 84/200, Loss: 0.0202, Time: 6.00s, CPU Mem: 4496.74 MB, GPU Mem: 2131.75 MB, CPU Usage: 43.20%, GPU Power: 46.53 W
Epoch 85/200, Loss: 0.0189, Time: 5.48s, CPU Mem: 4496.75 MB, GPU Mem: 2131.75 MB, CPU Usage: 45.10%, GPU Power: 78.64 W
Epoch 86/200, Loss: 0.0143, Time: 5.92s, CPU Mem: 4496.74 MB, GPU Mem: 2131.75 MB, CPU Usage: 43.20%, GPU Power: 76.89 W
Epoch 87/200, Loss: 0.0271, Time: 6.06s, CPU Mem: 4496.49 MB, GPU Mem: 2131.75 MB, CPU Usage: 42.80%, GPU Power: 63.68 W
Epoch 88/200, Loss: 0.0165, Time: 5.85s, CPU Mem: 4496.49 MB, GPU Mem: 2131.75 MB, CPU Usage: 43.50%, GPU Power: 46.53 W
Epoch 89/200, Loss: 0.0201, Time: 6.07s, CPU Mem: 4496.74 MB, GPU Mem: 2131.75 MB, CPU Usage: 42.70%, GPU Power: 72.39 W
Epoch 90/200, Loss: 0.0213, Time: 5.91s, CPU Mem: 4496.24 MB, GPU Mem: 2131.75 MB, CPU Usage: 43.40%, GPU Power: 80.40 W
Epoch 91/200, Loss: 0.0179, Time: 6.30s, CPU Mem: 4496.74 MB, GPU Mem: 2131.75 MB, CPU Usage: 42.00%, GPU Power: 80.55 W
Epoch 92/200, Loss: 0.0170, Time: 5.86s, CPU Mem: 4496.74 MB, GPU Mem: 2131.75 MB, CPU Usage: 43.40%, GPU Power: 59.45 W
Epoch 93/200, Loss: 0.0197, Time: 6.06s, CPU Mem: 4496.55 MB, GPU Mem: 2131.75 MB, CPU Usage: 42.90%, GPU Power: 80.43 W
Epoch 94/200, Loss: 0.0185, Time: 6.05s, CPU Mem: 4496.49 MB, GPU Mem: 2131.75 MB, CPU Usage: 42.90%, GPU Power: 70.21 W
Epoch 95/200, Loss: 0.0137, Time: 6.02s, CPU Mem: 4496.49 MB, GPU Mem: 2131.75 MB, CPU Usage: 43.10%, GPU Power: 52.86 W
Epoch 96/200, Loss: 0.0232, Time: 6.23s, CPU Mem: 4496.49 MB, GPU Mem: 2131.75 MB, CPU Usage: 42.00%, GPU Power: 69.79 W
Epoch 97/200, Loss: 0.0182, Time: 6.04s, CPU Mem: 4496.74 MB, GPU Mem: 2131.75 MB, CPU Usage: 42.40%, GPU Power: 47.84 W
Epoch 98/200, Loss: 0.0175, Time: 6.08s, CPU Mem: 4496.55 MB, GPU Mem: 2131.75 MB, CPU Usage: 42.70%, GPU Power: 46.55 W
Epoch 99/200, Loss: 0.0192, Time: 5.84s, CPU Mem: 4496.24 MB, GPU Mem: 2131.75 MB, CPU Usage: 43.30%, GPU Power: 69.32 W
Epoch 100/200, Loss: 0.0158, Time: 5.97s, CPU Mem: 4496.74 MB, GPU Mem: 2131.75 MB, CPU Usage: 43.30%, GPU Power: 49.51 W
Epoch 101/200, Loss: 0.0220, Time: 5.91s, CPU Mem: 4496.74 MB, GPU Mem: 2131.75 MB, CPU Usage: 43.10%, GPU Power: 48.41 W
Epoch 102/200, Loss: 0.0142, Time: 5.75s, CPU Mem: 4496.74 MB, GPU Mem: 2131.75 MB, CPU Usage: 43.50%, GPU Power: 56.12 W
Epoch 103/200, Loss: 0.0177, Time: 6.48s, CPU Mem: 4496.75 MB, GPU Mem: 2131.75 MB, CPU Usage: 41.10%, GPU Power: 66.58 W
Epoch 104/200, Loss: 0.0234, Time: 5.91s, CPU Mem: 4496.74 MB, GPU Mem: 2131.75 MB, CPU Usage: 43.40%, GPU Power: 83.25 W
Epoch 105/200, Loss: 0.0093, Time: 5.89s, CPU Mem: 4496.30 MB, GPU Mem: 2131.75 MB, CPU Usage: 43.40%, GPU Power: 48.02 W
Epoch 106/200, Loss: 0.0273, Time: 5.84s, CPU Mem: 4496.74 MB, GPU Mem: 2131.75 MB, CPU Usage: 43.70%, GPU Power: 68.82 W
Epoch 107/200, Loss: 0.0097, Time: 5.97s, CPU Mem: 4496.74 MB, GPU Mem: 2131.75 MB, CPU Usage: 43.00%, GPU Power: 71.47 W
Epoch 108/200, Loss: 0.0171, Time: 6.11s, CPU Mem: 4496.49 MB, GPU Mem: 2131.75 MB, CPU Usage: 42.20%, GPU Power: 47.95 W
Epoch 109/200, Loss: 0.0242, Time: 5.95s, CPU Mem: 4496.74 MB, GPU Mem: 2131.75 MB, CPU Usage: 42.90%, GPU Power: 74.72 W
Epoch 110/200, Loss: 0.0158, Time: 6.18s, CPU Mem: 4496.74 MB, GPU Mem: 2131.75 MB, CPU Usage: 42.00%, GPU Power: 59.58 W
Epoch 111/200, Loss: 0.0126, Time: 5.95s, CPU Mem: 4496.74 MB, GPU Mem: 2131.75 MB, CPU Usage: 42.80%, GPU Power: 52.37 W
Epoch 112/200, Loss: 0.0216, Time: 6.12s, CPU Mem: 4496.49 MB, GPU Mem: 2131.75 MB, CPU Usage: 42.20%, GPU Power: 46.66 W
Epoch 113/200, Loss: 0.0151, Time: 6.28s, CPU Mem: 4496.74 MB, GPU Mem: 2131.75 MB, CPU Usage: 41.20%, GPU Power: 68.43 W
Epoch 114/200, Loss: 0.0148, Time: 6.10s, CPU Mem: 4496.49 MB, GPU Mem: 2131.75 MB, CPU Usage: 42.10%, GPU Power: 49.59 W
Epoch 115/200, Loss: 0.0212, Time: 5.87s, CPU Mem: 4496.74 MB, GPU Mem: 2131.75 MB, CPU Usage: 43.10%, GPU Power: 78.55 W
Epoch 116/200, Loss: 0.0144, Time: 6.13s, CPU Mem: 4496.74 MB, GPU Mem: 2131.75 MB, CPU Usage: 42.30%, GPU Power: 72.68 W
Epoch 117/200, Loss: 0.0181, Time: 6.52s, CPU Mem: 4496.49 MB, GPU Mem: 2131.75 MB, CPU Usage: 40.90%, GPU Power: 47.33 W
Epoch 118/200, Loss: 0.0136, Time: 5.77s, CPU Mem: 4496.74 MB, GPU Mem: 2131.75 MB, CPU Usage: 43.70%, GPU Power: 66.35 W
Epoch 119/200, Loss: 0.0144, Time: 5.89s, CPU Mem: 4496.74 MB, GPU Mem: 2131.75 MB, CPU Usage: 43.60%, GPU Power: 64.98 W
Epoch 120/200, Loss: 0.0189, Time: 6.08s, CPU Mem: 4496.74 MB, GPU Mem: 2131.75 MB, CPU Usage: 42.70%, GPU Power: 61.02 W
Epoch 121/200, Loss: 0.0149, Time: 6.03s, CPU Mem: 4496.74 MB, GPU Mem: 2131.75 MB, CPU Usage: 42.70%, GPU Power: 70.85 W
Epoch 122/200, Loss: 0.0159, Time: 5.82s, CPU Mem: 4496.74 MB, GPU Mem: 2131.75 MB, CPU Usage: 43.70%, GPU Power: 46.44 W
Epoch 123/200, Loss: 0.0140, Time: 5.89s, CPU Mem: 4496.49 MB, GPU Mem: 2131.75 MB, CPU Usage: 43.70%, GPU Power: 74.85 W
Epoch 124/200, Loss: 0.0207, Time: 6.09s, CPU Mem: 4496.74 MB, GPU Mem: 2131.75 MB, CPU Usage: 42.90%, GPU Power: 61.92 W
Epoch 125/200, Loss: 0.0190, Time: 6.23s, CPU Mem: 4496.74 MB, GPU Mem: 2131.75 MB, CPU Usage: 42.00%, GPU Power: 53.65 W
Epoch 126/200, Loss: 0.0151, Time: 6.15s, CPU Mem: 4496.49 MB, GPU Mem: 2131.75 MB, CPU Usage: 42.70%, GPU Power: 54.72 W
Epoch 127/200, Loss: 0.0158, Time: 6.04s, CPU Mem: 4496.74 MB, GPU Mem: 2131.75 MB, CPU Usage: 42.90%, GPU Power: 71.19 W
Epoch 128/200, Loss: 0.0157, Time: 6.05s, CPU Mem: 4496.75 MB, GPU Mem: 2131.75 MB, CPU Usage: 42.70%, GPU Power: 45.38 W
Epoch 129/200, Loss: 0.0137, Time: 6.23s, CPU Mem: 4496.56 MB, GPU Mem: 2131.75 MB, CPU Usage: 42.20%, GPU Power: 55.33 W
Epoch 130/200, Loss: 0.0198, Time: 5.90s, CPU Mem: 4496.74 MB, GPU Mem: 2131.75 MB, CPU Usage: 44.00%, GPU Power: 75.52 W
Epoch 131/200, Loss: 0.0140, Time: 6.64s, CPU Mem: 4496.74 MB, GPU Mem: 2131.75 MB, CPU Usage: 41.00%, GPU Power: 56.97 W
Epoch 132/200, Loss: 0.0191, Time: 5.88s, CPU Mem: 4496.74 MB, GPU Mem: 2131.75 MB, CPU Usage: 43.50%, GPU Power: 69.81 W
Epoch 133/200, Loss: 0.0111, Time: 6.04s, CPU Mem: 4496.74 MB, GPU Mem: 2131.75 MB, CPU Usage: 42.70%, GPU Power: 55.33 W
Epoch 134/200, Loss: 0.0192, Time: 6.07s, CPU Mem: 4496.74 MB, GPU Mem: 2131.75 MB, CPU Usage: 43.00%, GPU Power: 65.56 W
Epoch 135/200, Loss: 0.0164, Time: 6.12s, CPU Mem: 4496.74 MB, GPU Mem: 2131.75 MB, CPU Usage: 42.30%, GPU Power: 67.04 W
Epoch 136/200, Loss: 0.0167, Time: 6.08s, CPU Mem: 4496.74 MB, GPU Mem: 2131.75 MB, CPU Usage: 42.60%, GPU Power: 68.90 W
Epoch 137/200, Loss: 0.0105, Time: 5.97s, CPU Mem: 4496.74 MB, GPU Mem: 2131.75 MB, CPU Usage: 43.20%, GPU Power: 62.80 W
Epoch 138/200, Loss: 0.0271, Time: 6.23s, CPU Mem: 4496.55 MB, GPU Mem: 2131.75 MB, CPU Usage: 41.90%, GPU Power: 60.03 W
Epoch 139/200, Loss: 0.0103, Time: 6.00s, CPU Mem: 4496.74 MB, GPU Mem: 2131.75 MB, CPU Usage: 43.10%, GPU Power: 65.46 W
Epoch 140/200, Loss: 0.0189, Time: 6.26s, CPU Mem: 4496.74 MB, GPU Mem: 2131.75 MB, CPU Usage: 42.10%, GPU Power: 56.21 W
Epoch 141/200, Loss: 0.0129, Time: 6.08s, CPU Mem: 4496.74 MB, GPU Mem: 2131.75 MB, CPU Usage: 42.70%, GPU Power: 67.54 W
Epoch 142/200, Loss: 0.0178, Time: 5.96s, CPU Mem: 4496.74 MB, GPU Mem: 2131.75 MB, CPU Usage: 43.40%, GPU Power: 68.12 W
Epoch 143/200, Loss: 0.0163, Time: 6.21s, CPU Mem: 4496.49 MB, GPU Mem: 2131.75 MB, CPU Usage: 42.20%, GPU Power: 64.59 W
Epoch 144/200, Loss: 0.0153, Time: 6.12s, CPU Mem: 4496.49 MB, GPU Mem: 2131.75 MB, CPU Usage: 42.40%, GPU Power: 78.18 W
Epoch 145/200, Loss: 0.0177, Time: 5.79s, CPU Mem: 4496.74 MB, GPU Mem: 2131.75 MB, CPU Usage: 44.10%, GPU Power: 62.22 W
Epoch 146/200, Loss: 0.0146, Time: 6.05s, CPU Mem: 4496.74 MB, GPU Mem: 2131.75 MB, CPU Usage: 43.20%, GPU Power: 70.49 W
Epoch 147/200, Loss: 0.0139, Time: 6.24s, CPU Mem: 4496.74 MB, GPU Mem: 2131.75 MB, CPU Usage: 42.10%, GPU Power: 62.30 W
Epoch 148/200, Loss: 0.0161, Time: 6.00s, CPU Mem: 4496.75 MB, GPU Mem: 2131.75 MB, CPU Usage: 43.10%, GPU Power: 48.90 W
Epoch 149/200, Loss: 0.0138, Time: 6.09s, CPU Mem: 4496.74 MB, GPU Mem: 2131.75 MB, CPU Usage: 42.70%, GPU Power: 81.31 W
Epoch 150/200, Loss: 0.0159, Time: 5.97s, CPU Mem: 4496.74 MB, GPU Mem: 2131.75 MB, CPU Usage: 43.40%, GPU Power: 70.10 W
Epoch 151/200, Loss: 0.0180, Time: 5.68s, CPU Mem: 4496.74 MB, GPU Mem: 2131.75 MB, CPU Usage: 44.10%, GPU Power: 79.05 W
Epoch 152/200, Loss: 0.0158, Time: 6.12s, CPU Mem: 4496.74 MB, GPU Mem: 2131.75 MB, CPU Usage: 42.40%, GPU Power: 67.94 W
Epoch 153/200, Loss: 0.0160, Time: 6.23s, CPU Mem: 4496.49 MB, GPU Mem: 2131.75 MB, CPU Usage: 42.20%, GPU Power: 59.37 W
Epoch 154/200, Loss: 0.0117, Time: 5.87s, CPU Mem: 4496.74 MB, GPU Mem: 2131.75 MB, CPU Usage: 43.60%, GPU Power: 65.77 W
Epoch 155/200, Loss: 0.0207, Time: 6.13s, CPU Mem: 4496.74 MB, GPU Mem: 2131.75 MB, CPU Usage: 42.70%, GPU Power: 39.14 W
Epoch 156/200, Loss: 0.0134, Time: 5.88s, CPU Mem: 4496.74 MB, GPU Mem: 2131.75 MB, CPU Usage: 43.80%, GPU Power: 63.38 W
Epoch 157/200, Loss: 0.0132, Time: 5.88s, CPU Mem: 4496.74 MB, GPU Mem: 2131.75 MB, CPU Usage: 43.70%, GPU Power: 65.85 W
Epoch 158/200, Loss: 0.0140, Time: 5.94s, CPU Mem: 4496.74 MB, GPU Mem: 2131.75 MB, CPU Usage: 43.40%, GPU Power: 46.94 W
Epoch 159/200, Loss: 0.0167, Time: 6.23s, CPU Mem: 4496.74 MB, GPU Mem: 2131.75 MB, CPU Usage: 42.60%, GPU Power: 67.54 W
Epoch 160/200, Loss: 0.0158, Time: 5.99s, CPU Mem: 4496.74 MB, GPU Mem: 2131.75 MB, CPU Usage: 43.50%, GPU Power: 68.84 W
Epoch 161/200, Loss: 0.0138, Time: 6.02s, CPU Mem: 4496.74 MB, GPU Mem: 2131.75 MB, CPU Usage: 43.10%, GPU Power: 67.46 W
Epoch 162/200, Loss: 0.0160, Time: 6.21s, CPU Mem: 4496.74 MB, GPU Mem: 2131.75 MB, CPU Usage: 42.30%, GPU Power: 50.98 W
Epoch 163/200, Loss: 0.0175, Time: 6.13s, CPU Mem: 4496.49 MB, GPU Mem: 2131.75 MB, CPU Usage: 42.70%, GPU Power: 64.14 W
Epoch 164/200, Loss: 0.0104, Time: 6.07s, CPU Mem: 4496.74 MB, GPU Mem: 2131.75 MB, CPU Usage: 42.70%, GPU Power: 76.89 W
Epoch 165/200, Loss: 0.0130, Time: 6.34s, CPU Mem: 4496.74 MB, GPU Mem: 2131.75 MB, CPU Usage: 41.70%, GPU Power: 55.91 W
Epoch 166/200, Loss: 0.0171, Time: 5.91s, CPU Mem: 4496.75 MB, GPU Mem: 2131.75 MB, CPU Usage: 43.30%, GPU Power: 73.18 W
Epoch 167/200, Loss: 0.0135, Time: 5.97s, CPU Mem: 4496.74 MB, GPU Mem: 2131.75 MB, CPU Usage: 43.40%, GPU Power: 76.96 W
Epoch 168/200, Loss: 0.0147, Time: 5.95s, CPU Mem: 4496.75 MB, GPU Mem: 2131.75 MB, CPU Usage: 43.10%, GPU Power: 47.24 W
Epoch 169/200, Loss: 0.0152, Time: 6.05s, CPU Mem: 4496.55 MB, GPU Mem: 2131.75 MB, CPU Usage: 42.70%, GPU Power: 73.24 W
Epoch 170/200, Loss: 0.0131, Time: 6.28s, CPU Mem: 4496.75 MB, GPU Mem: 2131.75 MB, CPU Usage: 42.00%, GPU Power: 77.17 W
Epoch 171/200, Loss: 0.0154, Time: 5.79s, CPU Mem: 4496.74 MB, GPU Mem: 2131.75 MB, CPU Usage: 43.70%, GPU Power: 49.09 W
Epoch 172/200, Loss: 0.0136, Time: 5.85s, CPU Mem: 4496.74 MB, GPU Mem: 2131.75 MB, CPU Usage: 43.80%, GPU Power: 50.68 W
Epoch 173/200, Loss: 0.0165, Time: 6.13s, CPU Mem: 4496.74 MB, GPU Mem: 2131.75 MB, CPU Usage: 42.70%, GPU Power: 67.43 W
Epoch 174/200, Loss: 0.0153, Time: 6.14s, CPU Mem: 4496.74 MB, GPU Mem: 2131.75 MB, CPU Usage: 42.30%, GPU Power: 59.47 W
Epoch 175/200, Loss: 0.0137, Time: 5.85s, CPU Mem: 4496.49 MB, GPU Mem: 2131.75 MB, CPU Usage: 43.70%, GPU Power: 75.42 W
Epoch 176/200, Loss: 0.0139, Time: 6.28s, CPU Mem: 4496.74 MB, GPU Mem: 2131.75 MB, CPU Usage: 42.20%, GPU Power: 51.38 W
Epoch 177/200, Loss: 0.0088, Time: 6.13s, CPU Mem: 4496.74 MB, GPU Mem: 2131.75 MB, CPU Usage: 42.40%, GPU Power: 56.82 W
Epoch 178/200, Loss: 0.0172, Time: 5.98s, CPU Mem: 4496.74 MB, GPU Mem: 2131.75 MB, CPU Usage: 43.20%, GPU Power: 65.17 W
Epoch 179/200, Loss: 0.0177, Time: 6.47s, CPU Mem: 4496.74 MB, GPU Mem: 2131.75 MB, CPU Usage: 41.50%, GPU Power: 40.62 W
Epoch 180/200, Loss: 0.0103, Time: 6.09s, CPU Mem: 4496.74 MB, GPU Mem: 2131.75 MB, CPU Usage: 42.70%, GPU Power: 69.11 W
Epoch 181/200, Loss: 0.0172, Time: 5.84s, CPU Mem: 4496.74 MB, GPU Mem: 2131.75 MB, CPU Usage: 43.80%, GPU Power: 68.22 W
Epoch 182/200, Loss: 0.0176, Time: 6.25s, CPU Mem: 4496.74 MB, GPU Mem: 2131.75 MB, CPU Usage: 42.10%, GPU Power: 72.47 W
Epoch 183/200, Loss: 0.0073, Time: 6.21s, CPU Mem: 4496.74 MB, GPU Mem: 2131.75 MB, CPU Usage: 42.40%, GPU Power: 71.55 W
Epoch 184/200, Loss: 0.0203, Time: 6.02s, CPU Mem: 4496.49 MB, GPU Mem: 2131.75 MB, CPU Usage: 42.90%, GPU Power: 48.22 W
Epoch 185/200, Loss: 0.0108, Time: 6.06s, CPU Mem: 4496.74 MB, GPU Mem: 2131.75 MB, CPU Usage: 42.70%, GPU Power: 78.16 W
Epoch 186/200, Loss: 0.0169, Time: 6.25s, CPU Mem: 4496.75 MB, GPU Mem: 2131.75 MB, CPU Usage: 42.20%, GPU Power: 63.68 W
Epoch 187/200, Loss: 0.0101, Time: 6.17s, CPU Mem: 4496.75 MB, GPU Mem: 2131.75 MB, CPU Usage: 42.40%, GPU Power: 54.25 W
Epoch 188/200, Loss: 0.0198, Time: 6.22s, CPU Mem: 4496.49 MB, GPU Mem: 2131.75 MB, CPU Usage: 42.30%, GPU Power: 40.91 W
Epoch 189/200, Loss: 0.0151, Time: 6.19s, CPU Mem: 4496.74 MB, GPU Mem: 2131.75 MB, CPU Usage: 42.80%, GPU Power: 70.59 W
Epoch 190/200, Loss: 0.0123, Time: 6.18s, CPU Mem: 4496.74 MB, GPU Mem: 2131.75 MB, CPU Usage: 42.70%, GPU Power: 73.25 W
Epoch 191/200, Loss: 0.0147, Time: 6.03s, CPU Mem: 4496.74 MB, GPU Mem: 2131.75 MB, CPU Usage: 42.90%, GPU Power: 58.97 W
Epoch 192/200, Loss: 0.0116, Time: 6.22s, CPU Mem: 4496.74 MB, GPU Mem: 2131.75 MB, CPU Usage: 42.40%, GPU Power: 46.34 W
Epoch 193/200, Loss: 0.0151, Time: 6.07s, CPU Mem: 4496.49 MB, GPU Mem: 2131.75 MB, CPU Usage: 42.70%, GPU Power: 66.64 W
Epoch 194/200, Loss: 0.0140, Time: 5.97s, CPU Mem: 4496.74 MB, GPU Mem: 2131.75 MB, CPU Usage: 43.30%, GPU Power: 73.46 W
Epoch 195/200, Loss: 0.0152, Time: 5.96s, CPU Mem: 4496.74 MB, GPU Mem: 2131.75 MB, CPU Usage: 43.00%, GPU Power: 78.06 W
Epoch 196/200, Loss: 0.0131, Time: 6.22s, CPU Mem: 4496.74 MB, GPU Mem: 2131.75 MB, CPU Usage: 42.30%, GPU Power: 78.45 W
Epoch 197/200, Loss: 0.0152, Time: 6.00s, CPU Mem: 4496.49 MB, GPU Mem: 2131.75 MB, CPU Usage: 43.20%, GPU Power: 55.44 W
Epoch 198/200, Loss: 0.0128, Time: 6.21s, CPU Mem: 4496.74 MB, GPU Mem: 2131.75 MB, CPU Usage: 42.30%, GPU Power: 48.41 W
Epoch 199/200, Loss: 0.0155, Time: 6.10s, CPU Mem: 4496.74 MB, GPU Mem: 2131.75 MB, CPU Usage: 42.70%, GPU Power: 76.60 W
Epoch 200/200, Loss: 0.0099, Time: 6.21s, CPU Mem: 4496.74 MB, GPU Mem: 2131.75 MB, CPU Usage: 42.50%, GPU Power: 61.81 W
Starting Testing...
Test Accuracy: 78.59%
Job 1 complete
