Starting job 2...
Files already downloaded and verified
Files already downloaded and verified
Starting Training...
Dataset: CIFAR-10 | Algo: BP | Kernel: 3 | Pad: 1 | MaxPooling: TRUE
Channels: 3 → 64 → 128 → 256 → 512 → 1 (via AdaptiveAvgPool) → num_classes
Epoch 1/100, Loss: 1.5044, Time: 8.92s, CPU Mem: 4484.25 MB, GPU Mem: 2131.75 MB, CPU Usage: 27.90%, GPU Power: 46.53 W
Epoch 2/100, Loss: 1.0553, Time: 6.22s, CPU Mem: 4487.30 MB, GPU Mem: 2131.75 MB, CPU Usage: 43.00%, GPU Power: 61.54 W
Epoch 3/100, Loss: 0.8349, Time: 6.54s, CPU Mem: 4487.75 MB, GPU Mem: 2131.75 MB, CPU Usage: 42.00%, GPU Power: 65.29 W
Epoch 4/100, Loss: 0.6952, Time: 6.34s, CPU Mem: 4488.14 MB, GPU Mem: 2131.75 MB, CPU Usage: 42.70%, GPU Power: 62.86 W
Epoch 5/100, Loss: 0.5912, Time: 6.42s, CPU Mem: 4487.94 MB, GPU Mem: 2131.75 MB, CPU Usage: 42.50%, GPU Power: 59.63 W
Epoch 6/100, Loss: 0.5050, Time: 6.43s, CPU Mem: 4487.90 MB, GPU Mem: 2131.75 MB, CPU Usage: 42.50%, GPU Power: 55.97 W
Epoch 7/100, Loss: 0.4346, Time: 6.38s, CPU Mem: 4488.16 MB, GPU Mem: 2131.75 MB, CPU Usage: 42.50%, GPU Power: 66.54 W
Epoch 8/100, Loss: 0.3683, Time: 6.34s, CPU Mem: 4488.16 MB, GPU Mem: 2131.75 MB, CPU Usage: 43.00%, GPU Power: 40.33 W
Epoch 9/100, Loss: 0.2996, Time: 6.35s, CPU Mem: 4487.91 MB, GPU Mem: 2131.75 MB, CPU Usage: 42.90%, GPU Power: 48.11 W
Epoch 10/100, Loss: 0.2449, Time: 6.71s, CPU Mem: 4488.16 MB, GPU Mem: 2131.75 MB, CPU Usage: 41.30%, GPU Power: 57.26 W
Epoch 11/100, Loss: 0.1958, Time: 6.29s, CPU Mem: 4487.91 MB, GPU Mem: 2131.75 MB, CPU Usage: 43.10%, GPU Power: 59.66 W
Epoch 12/100, Loss: 0.1541, Time: 6.72s, CPU Mem: 4488.16 MB, GPU Mem: 2131.75 MB, CPU Usage: 41.20%, GPU Power: 60.07 W
Epoch 13/100, Loss: 0.1238, Time: 6.40s, CPU Mem: 4487.91 MB, GPU Mem: 2131.75 MB, CPU Usage: 42.10%, GPU Power: 52.22 W
Epoch 14/100, Loss: 0.0989, Time: 6.29s, CPU Mem: 4488.16 MB, GPU Mem: 2131.75 MB, CPU Usage: 43.10%, GPU Power: 56.17 W
Epoch 15/100, Loss: 0.0805, Time: 6.34s, CPU Mem: 4488.16 MB, GPU Mem: 2131.75 MB, CPU Usage: 42.70%, GPU Power: 63.25 W
Epoch 16/100, Loss: 0.0733, Time: 6.23s, CPU Mem: 4488.16 MB, GPU Mem: 2131.75 MB, CPU Usage: 43.10%, GPU Power: 76.95 W
Epoch 17/100, Loss: 0.0677, Time: 6.51s, CPU Mem: 4488.16 MB, GPU Mem: 2131.75 MB, CPU Usage: 42.20%, GPU Power: 39.06 W
Epoch 18/100, Loss: 0.0614, Time: 6.15s, CPU Mem: 4488.16 MB, GPU Mem: 2131.75 MB, CPU Usage: 43.70%, GPU Power: 76.17 W
Epoch 19/100, Loss: 0.0570, Time: 6.38s, CPU Mem: 4487.91 MB, GPU Mem: 2131.75 MB, CPU Usage: 42.20%, GPU Power: 55.08 W
Epoch 20/100, Loss: 0.0553, Time: 6.11s, CPU Mem: 4488.16 MB, GPU Mem: 2131.75 MB, CPU Usage: 43.70%, GPU Power: 72.20 W
Epoch 21/100, Loss: 0.0438, Time: 6.23s, CPU Mem: 4488.17 MB, GPU Mem: 2131.75 MB, CPU Usage: 42.90%, GPU Power: 60.37 W
Epoch 22/100, Loss: 0.0478, Time: 6.48s, CPU Mem: 4488.16 MB, GPU Mem: 2131.75 MB, CPU Usage: 42.40%, GPU Power: 48.20 W
Epoch 23/100, Loss: 0.0490, Time: 6.41s, CPU Mem: 4488.16 MB, GPU Mem: 2131.75 MB, CPU Usage: 43.00%, GPU Power: 61.93 W
Epoch 24/100, Loss: 0.0429, Time: 6.37s, CPU Mem: 4488.16 MB, GPU Mem: 2131.75 MB, CPU Usage: 42.70%, GPU Power: 37.39 W
Epoch 25/100, Loss: 0.0483, Time: 6.46s, CPU Mem: 4488.16 MB, GPU Mem: 2131.75 MB, CPU Usage: 42.10%, GPU Power: 65.10 W
Epoch 26/100, Loss: 0.0435, Time: 6.33s, CPU Mem: 4487.91 MB, GPU Mem: 2131.75 MB, CPU Usage: 43.00%, GPU Power: 43.41 W
Epoch 27/100, Loss: 0.0346, Time: 6.46s, CPU Mem: 4488.16 MB, GPU Mem: 2131.75 MB, CPU Usage: 42.20%, GPU Power: 61.06 W
Epoch 28/100, Loss: 0.0381, Time: 6.18s, CPU Mem: 4488.16 MB, GPU Mem: 2131.75 MB, CPU Usage: 42.90%, GPU Power: 65.29 W
Epoch 29/100, Loss: 0.0406, Time: 6.37s, CPU Mem: 4488.16 MB, GPU Mem: 2131.75 MB, CPU Usage: 42.40%, GPU Power: 48.20 W
Epoch 30/100, Loss: 0.0404, Time: 6.79s, CPU Mem: 4488.16 MB, GPU Mem: 2131.75 MB, CPU Usage: 41.40%, GPU Power: 67.08 W
Epoch 31/100, Loss: 0.0238, Time: 6.39s, CPU Mem: 4488.16 MB, GPU Mem: 2131.75 MB, CPU Usage: 42.40%, GPU Power: 43.21 W
Epoch 32/100, Loss: 0.0427, Time: 6.26s, CPU Mem: 4487.91 MB, GPU Mem: 2131.75 MB, CPU Usage: 42.70%, GPU Power: 55.48 W
Epoch 33/100, Loss: 0.0370, Time: 6.21s, CPU Mem: 4488.16 MB, GPU Mem: 2131.75 MB, CPU Usage: 43.40%, GPU Power: 45.27 W
Epoch 34/100, Loss: 0.0290, Time: 6.21s, CPU Mem: 4488.16 MB, GPU Mem: 2131.75 MB, CPU Usage: 42.90%, GPU Power: 45.77 W
Epoch 35/100, Loss: 0.0371, Time: 6.38s, CPU Mem: 4488.16 MB, GPU Mem: 2131.75 MB, CPU Usage: 42.40%, GPU Power: 60.29 W
Epoch 36/100, Loss: 0.0342, Time: 6.33s, CPU Mem: 4488.16 MB, GPU Mem: 2131.75 MB, CPU Usage: 42.70%, GPU Power: 50.98 W
Epoch 37/100, Loss: 0.0255, Time: 6.13s, CPU Mem: 4488.16 MB, GPU Mem: 2131.75 MB, CPU Usage: 43.00%, GPU Power: 65.97 W
Epoch 38/100, Loss: 0.0292, Time: 6.32s, CPU Mem: 4488.16 MB, GPU Mem: 2131.75 MB, CPU Usage: 42.90%, GPU Power: 49.01 W
Epoch 39/100, Loss: 0.0335, Time: 6.59s, CPU Mem: 4488.16 MB, GPU Mem: 2131.75 MB, CPU Usage: 41.70%, GPU Power: 60.17 W
Epoch 40/100, Loss: 0.0316, Time: 6.56s, CPU Mem: 4488.16 MB, GPU Mem: 2131.75 MB, CPU Usage: 42.10%, GPU Power: 44.08 W
Epoch 41/100, Loss: 0.0299, Time: 6.41s, CPU Mem: 4488.16 MB, GPU Mem: 2131.75 MB, CPU Usage: 42.30%, GPU Power: 70.30 W
Epoch 42/100, Loss: 0.0213, Time: 6.41s, CPU Mem: 4488.16 MB, GPU Mem: 2131.75 MB, CPU Usage: 42.20%, GPU Power: 74.11 W
Epoch 43/100, Loss: 0.0357, Time: 6.53s, CPU Mem: 4488.16 MB, GPU Mem: 2131.75 MB, CPU Usage: 42.10%, GPU Power: 67.32 W
Epoch 44/100, Loss: 0.0262, Time: 6.54s, CPU Mem: 4488.16 MB, GPU Mem: 2131.75 MB, CPU Usage: 41.70%, GPU Power: 60.39 W
Epoch 45/100, Loss: 0.0198, Time: 6.10s, CPU Mem: 4488.16 MB, GPU Mem: 2131.75 MB, CPU Usage: 43.00%, GPU Power: 55.38 W
Epoch 46/100, Loss: 0.0351, Time: 6.47s, CPU Mem: 4488.16 MB, GPU Mem: 2131.75 MB, CPU Usage: 41.70%, GPU Power: 59.52 W
Epoch 47/100, Loss: 0.0285, Time: 6.19s, CPU Mem: 4488.16 MB, GPU Mem: 2131.75 MB, CPU Usage: 43.20%, GPU Power: 64.10 W
Epoch 48/100, Loss: 0.0224, Time: 6.74s, CPU Mem: 4488.16 MB, GPU Mem: 2131.75 MB, CPU Usage: 44.40%, GPU Power: 37.59 W
Epoch 49/100, Loss: 0.0268, Time: 6.43s, CPU Mem: 4487.91 MB, GPU Mem: 2131.75 MB, CPU Usage: 44.00%, GPU Power: 61.73 W
Epoch 50/100, Loss: 0.0235, Time: 6.40s, CPU Mem: 4488.16 MB, GPU Mem: 2131.75 MB, CPU Usage: 46.40%, GPU Power: 74.47 W
Epoch 51/100, Loss: 0.0267, Time: 6.59s, CPU Mem: 4488.16 MB, GPU Mem: 2131.75 MB, CPU Usage: 42.30%, GPU Power: 49.49 W
Epoch 52/100, Loss: 0.0280, Time: 6.64s, CPU Mem: 4488.16 MB, GPU Mem: 2131.75 MB, CPU Usage: 41.90%, GPU Power: 58.11 W
Epoch 53/100, Loss: 0.0261, Time: 5.97s, CPU Mem: 4488.16 MB, GPU Mem: 2131.75 MB, CPU Usage: 43.70%, GPU Power: 76.26 W
Epoch 54/100, Loss: 0.0128, Time: 6.43s, CPU Mem: 4488.16 MB, GPU Mem: 2131.75 MB, CPU Usage: 42.10%, GPU Power: 62.72 W
Epoch 55/100, Loss: 0.0326, Time: 6.48s, CPU Mem: 4488.16 MB, GPU Mem: 2131.75 MB, CPU Usage: 42.30%, GPU Power: 37.98 W
Epoch 56/100, Loss: 0.0253, Time: 6.45s, CPU Mem: 4488.16 MB, GPU Mem: 2131.75 MB, CPU Usage: 42.60%, GPU Power: 54.29 W
Epoch 57/100, Loss: 0.0211, Time: 6.45s, CPU Mem: 4488.16 MB, GPU Mem: 2131.75 MB, CPU Usage: 42.60%, GPU Power: 72.72 W
Epoch 58/100, Loss: 0.0237, Time: 6.31s, CPU Mem: 4488.16 MB, GPU Mem: 2131.75 MB, CPU Usage: 42.60%, GPU Power: 44.98 W
Epoch 59/100, Loss: 0.0254, Time: 6.42s, CPU Mem: 4487.71 MB, GPU Mem: 2131.75 MB, CPU Usage: 42.20%, GPU Power: 58.34 W
Epoch 60/100, Loss: 0.0233, Time: 6.36s, CPU Mem: 4488.16 MB, GPU Mem: 2131.75 MB, CPU Usage: 42.40%, GPU Power: 61.46 W
Epoch 61/100, Loss: 0.0202, Time: 6.53s, CPU Mem: 4487.91 MB, GPU Mem: 2131.75 MB, CPU Usage: 41.80%, GPU Power: 52.14 W
Epoch 62/100, Loss: 0.0253, Time: 6.58s, CPU Mem: 4488.16 MB, GPU Mem: 2131.75 MB, CPU Usage: 42.10%, GPU Power: 55.48 W
Epoch 63/100, Loss: 0.0177, Time: 6.36s, CPU Mem: 4488.16 MB, GPU Mem: 2131.75 MB, CPU Usage: 42.40%, GPU Power: 65.98 W
Epoch 64/100, Loss: 0.0234, Time: 6.51s, CPU Mem: 4488.16 MB, GPU Mem: 2131.75 MB, CPU Usage: 42.10%, GPU Power: 55.10 W
Epoch 65/100, Loss: 0.0235, Time: 6.55s, CPU Mem: 4488.16 MB, GPU Mem: 2131.75 MB, CPU Usage: 42.40%, GPU Power: 44.27 W
Epoch 66/100, Loss: 0.0232, Time: 6.23s, CPU Mem: 4487.92 MB, GPU Mem: 2131.75 MB, CPU Usage: 43.00%, GPU Power: 54.39 W
Epoch 67/100, Loss: 0.0239, Time: 6.10s, CPU Mem: 4488.17 MB, GPU Mem: 2131.75 MB, CPU Usage: 43.50%, GPU Power: 57.64 W
Epoch 68/100, Loss: 0.0196, Time: 6.24s, CPU Mem: 4488.17 MB, GPU Mem: 2131.75 MB, CPU Usage: 42.90%, GPU Power: 54.63 W
Epoch 69/100, Loss: 0.0227, Time: 6.42s, CPU Mem: 4487.92 MB, GPU Mem: 2131.75 MB, CPU Usage: 42.30%, GPU Power: 47.91 W
Epoch 70/100, Loss: 0.0166, Time: 6.34s, CPU Mem: 4488.17 MB, GPU Mem: 2131.75 MB, CPU Usage: 42.50%, GPU Power: 58.45 W
Epoch 71/100, Loss: 0.0271, Time: 6.17s, CPU Mem: 4488.17 MB, GPU Mem: 2131.75 MB, CPU Usage: 43.20%, GPU Power: 44.86 W
Epoch 72/100, Loss: 0.0149, Time: 6.32s, CPU Mem: 4487.98 MB, GPU Mem: 2131.75 MB, CPU Usage: 42.40%, GPU Power: 67.14 W
Epoch 73/100, Loss: 0.0290, Time: 6.50s, CPU Mem: 4488.17 MB, GPU Mem: 2131.75 MB, CPU Usage: 41.60%, GPU Power: 43.50 W
Epoch 74/100, Loss: 0.0177, Time: 6.12s, CPU Mem: 4488.17 MB, GPU Mem: 2131.75 MB, CPU Usage: 43.20%, GPU Power: 46.16 W
Epoch 75/100, Loss: 0.0172, Time: 6.32s, CPU Mem: 4488.17 MB, GPU Mem: 2131.75 MB, CPU Usage: 42.40%, GPU Power: 49.48 W
Epoch 76/100, Loss: 0.0154, Time: 6.14s, CPU Mem: 4488.18 MB, GPU Mem: 2131.75 MB, CPU Usage: 43.40%, GPU Power: 42.91 W
Epoch 77/100, Loss: 0.0263, Time: 6.25s, CPU Mem: 4488.17 MB, GPU Mem: 2131.75 MB, CPU Usage: 42.90%, GPU Power: 52.45 W
Epoch 78/100, Loss: 0.0129, Time: 6.17s, CPU Mem: 4487.93 MB, GPU Mem: 2131.75 MB, CPU Usage: 43.70%, GPU Power: 61.94 W
Epoch 79/100, Loss: 0.0233, Time: 6.44s, CPU Mem: 4488.17 MB, GPU Mem: 2131.75 MB, CPU Usage: 42.30%, GPU Power: 65.16 W
Epoch 80/100, Loss: 0.0226, Time: 6.31s, CPU Mem: 4488.17 MB, GPU Mem: 2131.75 MB, CPU Usage: 42.50%, GPU Power: 70.09 W
Epoch 81/100, Loss: 0.0180, Time: 6.31s, CPU Mem: 4488.17 MB, GPU Mem: 2131.75 MB, CPU Usage: 42.60%, GPU Power: 68.10 W
Epoch 82/100, Loss: 0.0084, Time: 6.12s, CPU Mem: 4487.67 MB, GPU Mem: 2131.75 MB, CPU Usage: 43.20%, GPU Power: 58.30 W
Epoch 83/100, Loss: 0.0284, Time: 6.18s, CPU Mem: 4488.17 MB, GPU Mem: 2131.75 MB, CPU Usage: 43.50%, GPU Power: 74.64 W
Epoch 84/100, Loss: 0.0153, Time: 6.37s, CPU Mem: 4488.18 MB, GPU Mem: 2131.75 MB, CPU Usage: 42.20%, GPU Power: 57.45 W
Epoch 85/100, Loss: 0.0208, Time: 6.61s, CPU Mem: 4488.18 MB, GPU Mem: 2131.75 MB, CPU Usage: 41.40%, GPU Power: 55.93 W
Epoch 86/100, Loss: 0.0191, Time: 6.36s, CPU Mem: 4488.17 MB, GPU Mem: 2131.75 MB, CPU Usage: 42.80%, GPU Power: 41.03 W
Epoch 87/100, Loss: 0.0183, Time: 6.52s, CPU Mem: 4488.17 MB, GPU Mem: 2131.75 MB, CPU Usage: 41.70%, GPU Power: 60.46 W
Epoch 88/100, Loss: 0.0158, Time: 6.60s, CPU Mem: 4488.17 MB, GPU Mem: 2131.75 MB, CPU Usage: 42.10%, GPU Power: 46.73 W
Epoch 89/100, Loss: 0.0218, Time: 6.21s, CPU Mem: 4488.17 MB, GPU Mem: 2131.75 MB, CPU Usage: 42.70%, GPU Power: 45.44 W
Epoch 90/100, Loss: 0.0176, Time: 6.20s, CPU Mem: 4488.17 MB, GPU Mem: 2131.75 MB, CPU Usage: 42.50%, GPU Power: 67.01 W
Epoch 91/100, Loss: 0.0193, Time: 6.52s, CPU Mem: 4488.17 MB, GPU Mem: 2131.75 MB, CPU Usage: 41.90%, GPU Power: 56.93 W
Epoch 92/100, Loss: 0.0157, Time: 6.24s, CPU Mem: 4487.92 MB, GPU Mem: 2131.75 MB, CPU Usage: 43.00%, GPU Power: 78.10 W
Epoch 93/100, Loss: 0.0228, Time: 6.24s, CPU Mem: 4488.17 MB, GPU Mem: 2131.75 MB, CPU Usage: 42.70%, GPU Power: 37.88 W
Epoch 94/100, Loss: 0.0140, Time: 6.36s, CPU Mem: 4488.17 MB, GPU Mem: 2131.75 MB, CPU Usage: 42.80%, GPU Power: 47.82 W
Epoch 95/100, Loss: 0.0170, Time: 6.68s, CPU Mem: 4487.92 MB, GPU Mem: 2131.75 MB, CPU Usage: 41.90%, GPU Power: 40.64 W
Epoch 96/100, Loss: 0.0158, Time: 6.54s, CPU Mem: 4488.17 MB, GPU Mem: 2131.75 MB, CPU Usage: 42.20%, GPU Power: 64.10 W
Epoch 97/100, Loss: 0.0199, Time: 6.41s, CPU Mem: 4488.17 MB, GPU Mem: 2131.75 MB, CPU Usage: 42.20%, GPU Power: 48.40 W
Epoch 98/100, Loss: 0.0198, Time: 6.51s, CPU Mem: 4488.17 MB, GPU Mem: 2131.75 MB, CPU Usage: 42.20%, GPU Power: 56.74 W
Epoch 99/100, Loss: 0.0171, Time: 6.47s, CPU Mem: 4488.17 MB, GPU Mem: 2131.75 MB, CPU Usage: 41.90%, GPU Power: 57.45 W
Epoch 100/100, Loss: 0.0127, Time: 6.41s, CPU Mem: 4488.17 MB, GPU Mem: 2131.75 MB, CPU Usage: 42.40%, GPU Power: 64.29 W
Starting Testing...
Test Accuracy: 78.80%
Job 2 complete
