Starting job 2...
Files already downloaded and verified
Files already downloaded and verified
Starting Training...
Dataset: CIFAR-10 | Algo: BP | Kernel: 7 | Pad: 5| MaxPooling: TRUE
Channels: 3 → 64 → 128 → 256 → 512 → 1 (via AdaptiveAvgPool) → num_classes
Epoch 1/100, Loss: 1.4955, Time: 12.46s, CPU Mem: 4507.93 MB, GPU Mem: 2131.75 MB, CPU Usage: 18.20%, GPU Power: 57.15 W
Epoch 2/100, Loss: 1.0414, Time: 6.08s, CPU Mem: 4508.95 MB, GPU Mem: 2131.75 MB, CPU Usage: 42.90%, GPU Power: 71.23 W
Epoch 3/100, Loss: 0.8410, Time: 5.99s, CPU Mem: 4509.41 MB, GPU Mem: 2131.75 MB, CPU Usage: 43.10%, GPU Power: 79.20 W
Epoch 4/100, Loss: 0.7087, Time: 5.97s, CPU Mem: 4509.41 MB, GPU Mem: 2131.75 MB, CPU Usage: 43.00%, GPU Power: 47.89 W
Epoch 5/100, Loss: 0.6045, Time: 5.89s, CPU Mem: 4508.91 MB, GPU Mem: 2131.75 MB, CPU Usage: 43.40%, GPU Power: 78.96 W
Epoch 6/100, Loss: 0.5275, Time: 5.78s, CPU Mem: 4509.43 MB, GPU Mem: 2131.75 MB, CPU Usage: 43.70%, GPU Power: 74.78 W
Epoch 7/100, Loss: 0.4543, Time: 5.99s, CPU Mem: 4509.43 MB, GPU Mem: 2131.75 MB, CPU Usage: 43.40%, GPU Power: 74.47 W
Epoch 8/100, Loss: 0.3915, Time: 6.15s, CPU Mem: 4509.43 MB, GPU Mem: 2131.75 MB, CPU Usage: 42.70%, GPU Power: 42.96 W
Epoch 9/100, Loss: 0.3323, Time: 6.01s, CPU Mem: 4509.43 MB, GPU Mem: 2131.75 MB, CPU Usage: 43.00%, GPU Power: 70.26 W
Epoch 10/100, Loss: 0.2716, Time: 5.93s, CPU Mem: 4509.43 MB, GPU Mem: 2131.75 MB, CPU Usage: 43.10%, GPU Power: 78.00 W
Epoch 11/100, Loss: 0.2224, Time: 5.97s, CPU Mem: 4509.18 MB, GPU Mem: 2131.75 MB, CPU Usage: 42.80%, GPU Power: 50.06 W
Epoch 12/100, Loss: 0.1794, Time: 6.10s, CPU Mem: 4509.43 MB, GPU Mem: 2131.75 MB, CPU Usage: 42.30%, GPU Power: 73.09 W
Epoch 13/100, Loss: 0.1423, Time: 6.19s, CPU Mem: 4509.43 MB, GPU Mem: 2131.75 MB, CPU Usage: 42.50%, GPU Power: 53.49 W
Epoch 14/100, Loss: 0.1138, Time: 5.93s, CPU Mem: 4509.18 MB, GPU Mem: 2131.75 MB, CPU Usage: 43.10%, GPU Power: 58.54 W
Epoch 15/100, Loss: 0.0976, Time: 5.96s, CPU Mem: 4509.43 MB, GPU Mem: 2131.75 MB, CPU Usage: 42.90%, GPU Power: 72.28 W
Epoch 16/100, Loss: 0.0851, Time: 5.83s, CPU Mem: 4509.43 MB, GPU Mem: 2131.75 MB, CPU Usage: 43.40%, GPU Power: 77.87 W
Epoch 17/100, Loss: 0.0715, Time: 6.16s, CPU Mem: 4509.43 MB, GPU Mem: 2131.75 MB, CPU Usage: 42.60%, GPU Power: 49.17 W
Epoch 18/100, Loss: 0.0617, Time: 6.10s, CPU Mem: 4509.18 MB, GPU Mem: 2131.75 MB, CPU Usage: 43.10%, GPU Power: 43.95 W
Epoch 19/100, Loss: 0.0665, Time: 5.87s, CPU Mem: 4509.43 MB, GPU Mem: 2131.75 MB, CPU Usage: 44.10%, GPU Power: 77.68 W
Epoch 20/100, Loss: 0.0606, Time: 6.05s, CPU Mem: 4509.43 MB, GPU Mem: 2131.75 MB, CPU Usage: 42.70%, GPU Power: 82.22 W
Epoch 21/100, Loss: 0.0509, Time: 6.24s, CPU Mem: 4509.43 MB, GPU Mem: 2131.75 MB, CPU Usage: 42.40%, GPU Power: 73.29 W
Epoch 22/100, Loss: 0.0559, Time: 5.70s, CPU Mem: 4509.43 MB, GPU Mem: 2131.75 MB, CPU Usage: 44.30%, GPU Power: 80.12 W
Epoch 23/100, Loss: 0.0492, Time: 6.19s, CPU Mem: 4509.43 MB, GPU Mem: 2131.75 MB, CPU Usage: 42.40%, GPU Power: 76.11 W
Epoch 24/100, Loss: 0.0397, Time: 5.99s, CPU Mem: 4509.18 MB, GPU Mem: 2131.75 MB, CPU Usage: 43.30%, GPU Power: 45.74 W
Epoch 25/100, Loss: 0.0494, Time: 5.98s, CPU Mem: 4509.43 MB, GPU Mem: 2131.75 MB, CPU Usage: 43.40%, GPU Power: 71.44 W
Epoch 26/100, Loss: 0.0401, Time: 5.90s, CPU Mem: 4509.44 MB, GPU Mem: 2131.75 MB, CPU Usage: 43.50%, GPU Power: 75.56 W
Epoch 27/100, Loss: 0.0484, Time: 5.74s, CPU Mem: 4509.18 MB, GPU Mem: 2131.75 MB, CPU Usage: 44.10%, GPU Power: 76.82 W
Epoch 28/100, Loss: 0.0367, Time: 6.11s, CPU Mem: 4509.43 MB, GPU Mem: 2131.75 MB, CPU Usage: 42.70%, GPU Power: 77.21 W
Epoch 29/100, Loss: 0.0416, Time: 5.92s, CPU Mem: 4509.18 MB, GPU Mem: 2131.75 MB, CPU Usage: 43.50%, GPU Power: 48.09 W
Epoch 30/100, Loss: 0.0414, Time: 6.09s, CPU Mem: 4509.43 MB, GPU Mem: 2131.75 MB, CPU Usage: 42.80%, GPU Power: 66.13 W
Epoch 31/100, Loss: 0.0358, Time: 6.09s, CPU Mem: 4509.43 MB, GPU Mem: 2131.75 MB, CPU Usage: 43.10%, GPU Power: 78.73 W
Epoch 32/100, Loss: 0.0390, Time: 5.93s, CPU Mem: 4509.43 MB, GPU Mem: 2131.75 MB, CPU Usage: 43.10%, GPU Power: 72.62 W
Epoch 33/100, Loss: 0.0324, Time: 6.09s, CPU Mem: 4509.43 MB, GPU Mem: 2131.75 MB, CPU Usage: 42.70%, GPU Power: 41.98 W
Epoch 34/100, Loss: 0.0372, Time: 6.09s, CPU Mem: 4509.43 MB, GPU Mem: 2131.75 MB, CPU Usage: 42.80%, GPU Power: 64.81 W
Epoch 35/100, Loss: 0.0402, Time: 5.76s, CPU Mem: 4509.43 MB, GPU Mem: 2131.75 MB, CPU Usage: 44.20%, GPU Power: 67.19 W
Epoch 36/100, Loss: 0.0274, Time: 5.86s, CPU Mem: 4509.18 MB, GPU Mem: 2131.75 MB, CPU Usage: 43.60%, GPU Power: 57.93 W
Epoch 37/100, Loss: 0.0314, Time: 5.94s, CPU Mem: 4509.44 MB, GPU Mem: 2131.75 MB, CPU Usage: 42.80%, GPU Power: 67.19 W
Epoch 38/100, Loss: 0.0366, Time: 6.01s, CPU Mem: 4509.43 MB, GPU Mem: 2131.75 MB, CPU Usage: 43.40%, GPU Power: 48.98 W
Epoch 39/100, Loss: 0.0304, Time: 6.10s, CPU Mem: 4509.43 MB, GPU Mem: 2131.75 MB, CPU Usage: 42.80%, GPU Power: 62.35 W
Epoch 40/100, Loss: 0.0280, Time: 5.93s, CPU Mem: 4509.45 MB, GPU Mem: 2131.75 MB, CPU Usage: 44.00%, GPU Power: 74.35 W
Epoch 41/100, Loss: 0.0316, Time: 5.78s, CPU Mem: 4509.44 MB, GPU Mem: 2131.75 MB, CPU Usage: 43.60%, GPU Power: 69.66 W
Epoch 42/100, Loss: 0.0296, Time: 6.33s, CPU Mem: 4509.43 MB, GPU Mem: 2131.75 MB, CPU Usage: 42.80%, GPU Power: 76.89 W
Epoch 43/100, Loss: 0.0326, Time: 6.08s, CPU Mem: 4509.43 MB, GPU Mem: 2131.75 MB, CPU Usage: 42.70%, GPU Power: 76.22 W
Epoch 44/100, Loss: 0.0302, Time: 5.93s, CPU Mem: 4509.43 MB, GPU Mem: 2131.75 MB, CPU Usage: 43.20%, GPU Power: 71.42 W
Epoch 45/100, Loss: 0.0305, Time: 6.10s, CPU Mem: 4508.93 MB, GPU Mem: 2131.75 MB, CPU Usage: 43.00%, GPU Power: 64.55 W
Epoch 46/100, Loss: 0.0255, Time: 5.94s, CPU Mem: 4509.43 MB, GPU Mem: 2131.75 MB, CPU Usage: 43.00%, GPU Power: 81.93 W
Epoch 47/100, Loss: 0.0325, Time: 6.20s, CPU Mem: 4509.44 MB, GPU Mem: 2131.75 MB, CPU Usage: 42.30%, GPU Power: 48.67 W
Epoch 48/100, Loss: 0.0267, Time: 5.83s, CPU Mem: 4509.43 MB, GPU Mem: 2131.75 MB, CPU Usage: 43.50%, GPU Power: 51.03 W
Epoch 49/100, Loss: 0.0274, Time: 5.77s, CPU Mem: 4509.45 MB, GPU Mem: 2131.75 MB, CPU Usage: 43.80%, GPU Power: 78.58 W
Epoch 50/100, Loss: 0.0288, Time: 6.29s, CPU Mem: 4509.43 MB, GPU Mem: 2131.75 MB, CPU Usage: 42.30%, GPU Power: 68.78 W
Epoch 51/100, Loss: 0.0277, Time: 5.80s, CPU Mem: 4509.18 MB, GPU Mem: 2131.75 MB, CPU Usage: 43.90%, GPU Power: 72.10 W
Epoch 52/100, Loss: 0.0298, Time: 6.04s, CPU Mem: 4509.44 MB, GPU Mem: 2131.75 MB, CPU Usage: 43.20%, GPU Power: 77.34 W
Epoch 53/100, Loss: 0.0253, Time: 6.37s, CPU Mem: 4509.43 MB, GPU Mem: 2131.75 MB, CPU Usage: 41.50%, GPU Power: 58.44 W
Epoch 54/100, Loss: 0.0268, Time: 5.90s, CPU Mem: 4509.18 MB, GPU Mem: 2131.75 MB, CPU Usage: 44.00%, GPU Power: 80.48 W
Epoch 55/100, Loss: 0.0217, Time: 6.22s, CPU Mem: 4509.43 MB, GPU Mem: 2131.75 MB, CPU Usage: 42.30%, GPU Power: 72.28 W
Epoch 56/100, Loss: 0.0297, Time: 6.09s, CPU Mem: 4509.43 MB, GPU Mem: 2131.75 MB, CPU Usage: 42.60%, GPU Power: 78.15 W
Epoch 57/100, Loss: 0.0240, Time: 5.64s, CPU Mem: 4509.43 MB, GPU Mem: 2131.75 MB, CPU Usage: 44.50%, GPU Power: 85.29 W
Epoch 58/100, Loss: 0.0271, Time: 5.77s, CPU Mem: 4509.44 MB, GPU Mem: 2131.75 MB, CPU Usage: 44.60%, GPU Power: 72.00 W
Epoch 59/100, Loss: 0.0187, Time: 6.05s, CPU Mem: 4509.43 MB, GPU Mem: 2131.75 MB, CPU Usage: 42.80%, GPU Power: 52.03 W
Epoch 60/100, Loss: 0.0268, Time: 6.18s, CPU Mem: 4509.43 MB, GPU Mem: 2131.75 MB, CPU Usage: 42.40%, GPU Power: 77.51 W
Epoch 61/100, Loss: 0.0271, Time: 6.06s, CPU Mem: 4509.45 MB, GPU Mem: 2131.75 MB, CPU Usage: 42.80%, GPU Power: 60.77 W
Epoch 62/100, Loss: 0.0222, Time: 6.09s, CPU Mem: 4509.43 MB, GPU Mem: 2131.75 MB, CPU Usage: 42.90%, GPU Power: 71.14 W
Epoch 63/100, Loss: 0.0281, Time: 5.95s, CPU Mem: 4509.18 MB, GPU Mem: 2131.75 MB, CPU Usage: 43.10%, GPU Power: 83.31 W
Epoch 64/100, Loss: 0.0237, Time: 6.03s, CPU Mem: 4509.43 MB, GPU Mem: 2131.75 MB, CPU Usage: 42.70%, GPU Power: 74.47 W
Epoch 65/100, Loss: 0.0261, Time: 6.06s, CPU Mem: 4509.43 MB, GPU Mem: 2131.75 MB, CPU Usage: 42.80%, GPU Power: 69.14 W
Epoch 66/100, Loss: 0.0187, Time: 6.01s, CPU Mem: 4509.45 MB, GPU Mem: 2131.75 MB, CPU Usage: 42.80%, GPU Power: 78.08 W
Epoch 67/100, Loss: 0.0256, Time: 6.01s, CPU Mem: 4509.45 MB, GPU Mem: 2131.75 MB, CPU Usage: 43.00%, GPU Power: 78.47 W
Epoch 68/100, Loss: 0.0169, Time: 6.12s, CPU Mem: 4509.20 MB, GPU Mem: 2131.75 MB, CPU Usage: 42.60%, GPU Power: 57.74 W
Epoch 69/100, Loss: 0.0224, Time: 5.92s, CPU Mem: 4509.45 MB, GPU Mem: 2131.75 MB, CPU Usage: 43.40%, GPU Power: 67.40 W
Epoch 70/100, Loss: 0.0246, Time: 5.95s, CPU Mem: 4509.45 MB, GPU Mem: 2131.75 MB, CPU Usage: 43.60%, GPU Power: 79.32 W
Epoch 71/100, Loss: 0.0201, Time: 6.01s, CPU Mem: 4509.45 MB, GPU Mem: 2131.75 MB, CPU Usage: 42.90%, GPU Power: 81.64 W
Epoch 72/100, Loss: 0.0200, Time: 6.10s, CPU Mem: 4509.45 MB, GPU Mem: 2131.75 MB, CPU Usage: 42.70%, GPU Power: 72.50 W
Epoch 73/100, Loss: 0.0274, Time: 5.89s, CPU Mem: 4509.45 MB, GPU Mem: 2131.75 MB, CPU Usage: 43.00%, GPU Power: 82.13 W
Epoch 74/100, Loss: 0.0182, Time: 6.04s, CPU Mem: 4509.45 MB, GPU Mem: 2131.75 MB, CPU Usage: 42.80%, GPU Power: 67.17 W
Epoch 75/100, Loss: 0.0311, Time: 5.85s, CPU Mem: 4509.45 MB, GPU Mem: 2131.75 MB, CPU Usage: 44.00%, GPU Power: 69.73 W
Epoch 76/100, Loss: 0.0156, Time: 6.08s, CPU Mem: 4509.45 MB, GPU Mem: 2131.75 MB, CPU Usage: 42.80%, GPU Power: 51.64 W
Epoch 77/100, Loss: 0.0262, Time: 5.96s, CPU Mem: 4509.45 MB, GPU Mem: 2131.75 MB, CPU Usage: 43.40%, GPU Power: 79.46 W
Epoch 78/100, Loss: 0.0155, Time: 6.14s, CPU Mem: 4509.45 MB, GPU Mem: 2131.75 MB, CPU Usage: 42.80%, GPU Power: 47.88 W
Epoch 79/100, Loss: 0.0236, Time: 5.81s, CPU Mem: 4509.45 MB, GPU Mem: 2131.75 MB, CPU Usage: 44.00%, GPU Power: 78.30 W
Epoch 80/100, Loss: 0.0221, Time: 6.16s, CPU Mem: 4509.45 MB, GPU Mem: 2131.75 MB, CPU Usage: 42.90%, GPU Power: 74.18 W
Epoch 81/100, Loss: 0.0133, Time: 6.14s, CPU Mem: 4509.20 MB, GPU Mem: 2131.75 MB, CPU Usage: 42.80%, GPU Power: 47.09 W
Epoch 82/100, Loss: 0.0272, Time: 5.76s, CPU Mem: 4509.45 MB, GPU Mem: 2131.75 MB, CPU Usage: 44.90%, GPU Power: 72.70 W
Epoch 83/100, Loss: 0.0253, Time: 6.07s, CPU Mem: 4509.45 MB, GPU Mem: 2131.75 MB, CPU Usage: 43.10%, GPU Power: 49.77 W
Epoch 84/100, Loss: 0.0143, Time: 6.01s, CPU Mem: 4509.45 MB, GPU Mem: 2131.75 MB, CPU Usage: 43.00%, GPU Power: 45.74 W
Epoch 85/100, Loss: 0.0203, Time: 5.84s, CPU Mem: 4509.45 MB, GPU Mem: 2131.75 MB, CPU Usage: 43.70%, GPU Power: 79.19 W
Epoch 86/100, Loss: 0.0189, Time: 5.80s, CPU Mem: 4509.20 MB, GPU Mem: 2131.75 MB, CPU Usage: 43.80%, GPU Power: 65.61 W
Epoch 87/100, Loss: 0.0243, Time: 6.00s, CPU Mem: 4509.45 MB, GPU Mem: 2131.75 MB, CPU Usage: 43.00%, GPU Power: 73.46 W
Epoch 88/100, Loss: 0.0131, Time: 6.02s, CPU Mem: 4509.20 MB, GPU Mem: 2131.75 MB, CPU Usage: 43.30%, GPU Power: 76.14 W
Epoch 89/100, Loss: 0.0219, Time: 6.16s, CPU Mem: 4509.46 MB, GPU Mem: 2131.75 MB, CPU Usage: 42.90%, GPU Power: 67.69 W
Epoch 90/100, Loss: 0.0207, Time: 6.01s, CPU Mem: 4509.20 MB, GPU Mem: 2131.75 MB, CPU Usage: 43.70%, GPU Power: 72.02 W
Epoch 91/100, Loss: 0.0164, Time: 6.02s, CPU Mem: 4509.45 MB, GPU Mem: 2131.75 MB, CPU Usage: 43.60%, GPU Power: 78.58 W
Epoch 92/100, Loss: 0.0243, Time: 6.28s, CPU Mem: 4509.45 MB, GPU Mem: 2131.75 MB, CPU Usage: 42.60%, GPU Power: 67.29 W
Epoch 93/100, Loss: 0.0060, Time: 6.06s, CPU Mem: 4509.45 MB, GPU Mem: 2131.75 MB, CPU Usage: 42.50%, GPU Power: 46.12 W
Epoch 94/100, Loss: 0.0328, Time: 5.78s, CPU Mem: 4509.20 MB, GPU Mem: 2131.75 MB, CPU Usage: 44.30%, GPU Power: 76.94 W
Epoch 95/100, Loss: 0.0121, Time: 5.72s, CPU Mem: 4509.45 MB, GPU Mem: 2131.75 MB, CPU Usage: 44.10%, GPU Power: 47.59 W
Epoch 96/100, Loss: 0.0214, Time: 6.05s, CPU Mem: 4509.45 MB, GPU Mem: 2131.75 MB, CPU Usage: 42.90%, GPU Power: 81.76 W
Epoch 97/100, Loss: 0.0147, Time: 5.90s, CPU Mem: 4509.45 MB, GPU Mem: 2131.75 MB, CPU Usage: 43.70%, GPU Power: 73.58 W
Epoch 98/100, Loss: 0.0219, Time: 5.89s, CPU Mem: 4509.45 MB, GPU Mem: 2131.75 MB, CPU Usage: 43.80%, GPU Power: 50.84 W
Epoch 99/100, Loss: 0.0193, Time: 6.02s, CPU Mem: 4509.45 MB, GPU Mem: 2131.75 MB, CPU Usage: 42.80%, GPU Power: 70.94 W
Epoch 100/100, Loss: 0.0172, Time: 5.89s, CPU Mem: 4509.45 MB, GPU Mem: 2131.75 MB, CPU Usage: 43.50%, GPU Power: 73.44 W
Starting Testing...
Test Accuracy: 78.73%
Job 2 complete
