Starting job 2...
Files already downloaded and verified
Files already downloaded and verified
Starting Training...
Dataset: CIFAR-10 | Algo: FF | Kernel: 3 | Pad: 1 | Opacity 0.3 | MaxPooling: TRUE
Channels: 3 → 64 → 128 → 256 → 512  Spatial Dimensions: 32 x 32 → 16 x 16 → 8 x 8 → 4 x 4 → 1 x 1
Epoch 1/100, Loss: 1.5002, Time: 48.77s, CPU Mem: 4589.09 MB, GPU Mem: 2111.75 MB, CPU Usage: 16.40%, GPU Power: 31.25 W
Epoch 2/100, Loss: 1.1626, Time: 46.49s, CPU Mem: 4591.18 MB, GPU Mem: 2111.75 MB, CPU Usage: 17.70%, GPU Power: 32.02 W
Epoch 3/100, Loss: 1.0645, Time: 45.56s, CPU Mem: 4591.94 MB, GPU Mem: 2111.75 MB, CPU Usage: 17.90%, GPU Power: 29.66 W
Epoch 4/100, Loss: 0.9917, Time: 46.40s, CPU Mem: 4592.32 MB, GPU Mem: 2111.75 MB, CPU Usage: 17.80%, GPU Power: 31.85 W
Epoch 5/100, Loss: 0.9420, Time: 45.87s, CPU Mem: 4591.89 MB, GPU Mem: 2111.75 MB, CPU Usage: 17.80%, GPU Power: 32.23 W
Epoch 6/100, Loss: 0.8983, Time: 46.04s, CPU Mem: 4592.40 MB, GPU Mem: 2111.75 MB, CPU Usage: 17.90%, GPU Power: 30.85 W
Epoch 7/100, Loss: 0.8607, Time: 45.74s, CPU Mem: 4592.42 MB, GPU Mem: 2111.75 MB, CPU Usage: 17.90%, GPU Power: 28.47 W
Epoch 8/100, Loss: 0.8243, Time: 46.42s, CPU Mem: 4592.17 MB, GPU Mem: 2111.75 MB, CPU Usage: 17.70%, GPU Power: 31.63 W
Epoch 9/100, Loss: 0.7959, Time: 46.42s, CPU Mem: 4591.92 MB, GPU Mem: 2111.75 MB, CPU Usage: 17.70%, GPU Power: 31.64 W
Epoch 10/100, Loss: 0.7680, Time: 46.24s, CPU Mem: 4592.43 MB, GPU Mem: 2111.75 MB, CPU Usage: 17.80%, GPU Power: 31.72 W
Epoch 11/100, Loss: 0.7400, Time: 46.73s, CPU Mem: 4592.42 MB, GPU Mem: 2111.75 MB, CPU Usage: 17.60%, GPU Power: 30.46 W
Epoch 12/100, Loss: 0.7206, Time: 46.14s, CPU Mem: 4592.31 MB, GPU Mem: 2111.75 MB, CPU Usage: 17.70%, GPU Power: 30.56 W
Epoch 13/100, Loss: 0.7014, Time: 46.35s, CPU Mem: 4591.92 MB, GPU Mem: 2111.75 MB, CPU Usage: 17.80%, GPU Power: 31.34 W
Epoch 14/100, Loss: 0.6845, Time: 46.01s, CPU Mem: 4592.42 MB, GPU Mem: 2111.75 MB, CPU Usage: 17.90%, GPU Power: 31.84 W
Epoch 15/100, Loss: 0.6733, Time: 46.14s, CPU Mem: 4592.42 MB, GPU Mem: 2111.75 MB, CPU Usage: 17.80%, GPU Power: 29.17 W
Epoch 16/100, Loss: 0.6593, Time: 45.59s, CPU Mem: 4592.42 MB, GPU Mem: 2111.75 MB, CPU Usage: 17.80%, GPU Power: 28.77 W
Epoch 17/100, Loss: 0.6466, Time: 46.48s, CPU Mem: 4592.17 MB, GPU Mem: 2111.75 MB, CPU Usage: 17.70%, GPU Power: 31.44 W
Epoch 18/100, Loss: 0.6377, Time: 45.94s, CPU Mem: 4592.42 MB, GPU Mem: 2111.75 MB, CPU Usage: 17.90%, GPU Power: 30.95 W
Epoch 19/100, Loss: 0.6271, Time: 46.28s, CPU Mem: 4592.42 MB, GPU Mem: 2111.75 MB, CPU Usage: 17.90%, GPU Power: 29.76 W
Epoch 20/100, Loss: 0.6151, Time: 45.83s, CPU Mem: 4592.42 MB, GPU Mem: 2111.75 MB, CPU Usage: 17.80%, GPU Power: 29.76 W
Epoch 21/100, Loss: 0.6054, Time: 46.29s, CPU Mem: 4592.17 MB, GPU Mem: 2111.75 MB, CPU Usage: 17.70%, GPU Power: 28.96 W
Epoch 22/100, Loss: 0.5991, Time: 46.13s, CPU Mem: 4592.42 MB, GPU Mem: 2111.75 MB, CPU Usage: 17.80%, GPU Power: 30.16 W
Epoch 23/100, Loss: 0.5887, Time: 46.46s, CPU Mem: 4592.17 MB, GPU Mem: 2111.75 MB, CPU Usage: 17.70%, GPU Power: 31.84 W
Epoch 24/100, Loss: 0.5807, Time: 46.50s, CPU Mem: 4592.42 MB, GPU Mem: 2111.75 MB, CPU Usage: 17.70%, GPU Power: 28.57 W
Epoch 25/100, Loss: 0.5721, Time: 46.55s, CPU Mem: 4592.42 MB, GPU Mem: 2111.75 MB, CPU Usage: 17.80%, GPU Power: 31.34 W
Epoch 26/100, Loss: 0.5685, Time: 46.88s, CPU Mem: 4592.17 MB, GPU Mem: 2111.75 MB, CPU Usage: 17.60%, GPU Power: 29.57 W
Epoch 27/100, Loss: 0.5562, Time: 46.20s, CPU Mem: 4592.42 MB, GPU Mem: 2111.75 MB, CPU Usage: 17.90%, GPU Power: 30.06 W
Epoch 28/100, Loss: 0.5545, Time: 46.28s, CPU Mem: 4592.42 MB, GPU Mem: 2111.75 MB, CPU Usage: 17.90%, GPU Power: 28.57 W
Epoch 29/100, Loss: 0.5502, Time: 46.87s, CPU Mem: 4592.17 MB, GPU Mem: 2111.75 MB, CPU Usage: 17.70%, GPU Power: 29.08 W
Epoch 30/100, Loss: 0.5419, Time: 45.91s, CPU Mem: 4591.92 MB, GPU Mem: 2111.75 MB, CPU Usage: 18.00%, GPU Power: 28.57 W
Epoch 31/100, Loss: 0.5350, Time: 45.78s, CPU Mem: 4592.42 MB, GPU Mem: 2111.75 MB, CPU Usage: 17.80%, GPU Power: 31.72 W
Epoch 32/100, Loss: 0.5303, Time: 46.28s, CPU Mem: 4592.42 MB, GPU Mem: 2111.75 MB, CPU Usage: 17.80%, GPU Power: 29.86 W
Epoch 33/100, Loss: 0.5254, Time: 46.80s, CPU Mem: 4592.42 MB, GPU Mem: 2111.75 MB, CPU Usage: 17.60%, GPU Power: 32.03 W
Epoch 34/100, Loss: 0.5240, Time: 46.51s, CPU Mem: 4592.17 MB, GPU Mem: 2111.75 MB, CPU Usage: 17.70%, GPU Power: 29.95 W
Epoch 35/100, Loss: 0.5164, Time: 46.44s, CPU Mem: 4592.42 MB, GPU Mem: 2111.75 MB, CPU Usage: 17.80%, GPU Power: 28.77 W
Epoch 36/100, Loss: 0.5153, Time: 45.87s, CPU Mem: 4592.17 MB, GPU Mem: 2111.75 MB, CPU Usage: 17.90%, GPU Power: 31.53 W
Epoch 37/100, Loss: 0.5079, Time: 46.33s, CPU Mem: 4592.42 MB, GPU Mem: 2111.75 MB, CPU Usage: 17.90%, GPU Power: 30.86 W
Epoch 38/100, Loss: 0.5109, Time: 46.01s, CPU Mem: 4591.92 MB, GPU Mem: 2111.75 MB, CPU Usage: 17.90%, GPU Power: 28.77 W
Epoch 39/100, Loss: 0.5003, Time: 46.74s, CPU Mem: 4592.42 MB, GPU Mem: 2111.75 MB, CPU Usage: 17.60%, GPU Power: 32.43 W
Epoch 40/100, Loss: 0.4998, Time: 45.94s, CPU Mem: 4592.17 MB, GPU Mem: 2111.75 MB, CPU Usage: 17.90%, GPU Power: 34.50 W
Epoch 41/100, Loss: 0.4992, Time: 45.99s, CPU Mem: 4592.42 MB, GPU Mem: 2111.75 MB, CPU Usage: 17.90%, GPU Power: 31.84 W
Epoch 42/100, Loss: 0.4954, Time: 46.40s, CPU Mem: 4592.42 MB, GPU Mem: 2111.75 MB, CPU Usage: 17.80%, GPU Power: 31.15 W
Epoch 43/100, Loss: 0.4938, Time: 46.11s, CPU Mem: 4592.17 MB, GPU Mem: 2111.75 MB, CPU Usage: 17.80%, GPU Power: 28.77 W
Epoch 44/100, Loss: 0.4870, Time: 46.63s, CPU Mem: 4592.42 MB, GPU Mem: 2111.75 MB, CPU Usage: 17.70%, GPU Power: 28.67 W
Epoch 45/100, Loss: 0.4851, Time: 46.51s, CPU Mem: 4592.42 MB, GPU Mem: 2111.75 MB, CPU Usage: 17.80%, GPU Power: 29.47 W
Epoch 46/100, Loss: 0.4893, Time: 46.82s, CPU Mem: 4592.42 MB, GPU Mem: 2111.75 MB, CPU Usage: 17.80%, GPU Power: 31.14 W
Epoch 47/100, Loss: 0.4828, Time: 46.43s, CPU Mem: 4592.17 MB, GPU Mem: 2111.75 MB, CPU Usage: 17.90%, GPU Power: 31.15 W
Epoch 48/100, Loss: 0.4786, Time: 47.24s, CPU Mem: 4592.42 MB, GPU Mem: 2111.75 MB, CPU Usage: 17.60%, GPU Power: 29.86 W
Epoch 49/100, Loss: 0.4747, Time: 46.27s, CPU Mem: 4592.42 MB, GPU Mem: 2111.75 MB, CPU Usage: 17.70%, GPU Power: 32.34 W
Epoch 50/100, Loss: 0.4796, Time: 47.12s, CPU Mem: 4592.42 MB, GPU Mem: 2111.75 MB, CPU Usage: 17.50%, GPU Power: 31.43 W
Epoch 51/100, Loss: 0.4696, Time: 47.53s, CPU Mem: 4592.17 MB, GPU Mem: 2111.75 MB, CPU Usage: 17.50%, GPU Power: 29.37 W
Epoch 52/100, Loss: 0.4732, Time: 46.75s, CPU Mem: 4592.42 MB, GPU Mem: 2111.75 MB, CPU Usage: 17.80%, GPU Power: 31.15 W
Epoch 53/100, Loss: 0.4712, Time: 46.64s, CPU Mem: 4592.42 MB, GPU Mem: 2111.75 MB, CPU Usage: 17.70%, GPU Power: 31.35 W
Epoch 54/100, Loss: 0.4664, Time: 46.64s, CPU Mem: 4592.17 MB, GPU Mem: 2111.75 MB, CPU Usage: 17.70%, GPU Power: 31.24 W
Epoch 55/100, Loss: 0.4671, Time: 46.32s, CPU Mem: 4591.92 MB, GPU Mem: 2111.75 MB, CPU Usage: 17.80%, GPU Power: 29.75 W
Epoch 56/100, Loss: 0.4605, Time: 46.21s, CPU Mem: 4592.42 MB, GPU Mem: 2111.75 MB, CPU Usage: 17.80%, GPU Power: 30.45 W
Epoch 57/100, Loss: 0.4671, Time: 46.43s, CPU Mem: 4592.17 MB, GPU Mem: 2111.75 MB, CPU Usage: 17.80%, GPU Power: 30.86 W
Epoch 58/100, Loss: 0.4580, Time: 46.40s, CPU Mem: 4592.42 MB, GPU Mem: 2111.75 MB, CPU Usage: 17.80%, GPU Power: 32.83 W
Epoch 59/100, Loss: 0.4619, Time: 46.53s, CPU Mem: 4592.42 MB, GPU Mem: 2111.75 MB, CPU Usage: 17.80%, GPU Power: 31.94 W
Epoch 60/100, Loss: 0.4648, Time: 46.19s, CPU Mem: 4592.17 MB, GPU Mem: 2111.75 MB, CPU Usage: 17.90%, GPU Power: 28.77 W
Epoch 61/100, Loss: 0.4530, Time: 46.83s, CPU Mem: 4592.42 MB, GPU Mem: 2111.75 MB, CPU Usage: 17.70%, GPU Power: 28.77 W
Epoch 62/100, Loss: 0.4615, Time: 46.57s, CPU Mem: 4592.42 MB, GPU Mem: 2111.75 MB, CPU Usage: 17.80%, GPU Power: 28.86 W
Epoch 63/100, Loss: 0.4528, Time: 46.46s, CPU Mem: 4592.42 MB, GPU Mem: 2111.75 MB, CPU Usage: 17.80%, GPU Power: 31.33 W
Epoch 64/100, Loss: 0.4491, Time: 46.42s, CPU Mem: 4592.17 MB, GPU Mem: 2111.75 MB, CPU Usage: 17.90%, GPU Power: 32.12 W
Epoch 65/100, Loss: 0.4567, Time: 46.86s, CPU Mem: 4592.42 MB, GPU Mem: 2111.75 MB, CPU Usage: 17.70%, GPU Power: 33.23 W
Epoch 66/100, Loss: 0.4530, Time: 46.10s, CPU Mem: 4592.18 MB, GPU Mem: 2111.75 MB, CPU Usage: 17.90%, GPU Power: 32.13 W
Epoch 67/100, Loss: 0.4516, Time: 46.87s, CPU Mem: 4592.18 MB, GPU Mem: 2111.75 MB, CPU Usage: 17.60%, GPU Power: 30.46 W
Epoch 68/100, Loss: 0.4455, Time: 46.43s, CPU Mem: 4591.93 MB, GPU Mem: 2111.75 MB, CPU Usage: 17.50%, GPU Power: 30.75 W
Epoch 69/100, Loss: 0.4508, Time: 47.17s, CPU Mem: 4592.43 MB, GPU Mem: 2111.75 MB, CPU Usage: 17.50%, GPU Power: 32.13 W
Epoch 70/100, Loss: 0.4448, Time: 47.19s, CPU Mem: 4592.43 MB, GPU Mem: 2111.75 MB, CPU Usage: 17.50%, GPU Power: 29.86 W
Epoch 71/100, Loss: 0.4450, Time: 47.12s, CPU Mem: 4592.43 MB, GPU Mem: 2111.75 MB, CPU Usage: 17.60%, GPU Power: 30.55 W
Epoch 72/100, Loss: 0.4452, Time: 47.25s, CPU Mem: 4592.18 MB, GPU Mem: 2111.75 MB, CPU Usage: 17.50%, GPU Power: 34.99 W
Epoch 73/100, Loss: 0.4415, Time: 46.58s, CPU Mem: 4592.43 MB, GPU Mem: 2111.75 MB, CPU Usage: 17.80%, GPU Power: 34.59 W
Epoch 74/100, Loss: 0.4423, Time: 46.62s, CPU Mem: 4592.43 MB, GPU Mem: 2111.75 MB, CPU Usage: 17.50%, GPU Power: 31.72 W
Epoch 75/100, Loss: 0.4399, Time: 46.49s, CPU Mem: 4592.43 MB, GPU Mem: 2111.75 MB, CPU Usage: 17.70%, GPU Power: 28.87 W
Epoch 76/100, Loss: 0.4433, Time: 46.37s, CPU Mem: 4592.18 MB, GPU Mem: 2111.75 MB, CPU Usage: 17.70%, GPU Power: 30.05 W
Epoch 77/100, Loss: 0.4382, Time: 46.89s, CPU Mem: 4592.43 MB, GPU Mem: 2111.75 MB, CPU Usage: 17.70%, GPU Power: 28.57 W
Epoch 78/100, Loss: 0.4377, Time: 46.78s, CPU Mem: 4592.18 MB, GPU Mem: 2111.75 MB, CPU Usage: 17.70%, GPU Power: 29.27 W
Epoch 79/100, Loss: 0.4368, Time: 46.14s, CPU Mem: 4592.43 MB, GPU Mem: 2111.75 MB, CPU Usage: 17.90%, GPU Power: 32.33 W
Epoch 80/100, Loss: 0.4407, Time: 47.41s, CPU Mem: 4592.43 MB, GPU Mem: 2111.75 MB, CPU Usage: 17.60%, GPU Power: 29.95 W
Epoch 81/100, Loss: 0.4357, Time: 46.65s, CPU Mem: 4592.18 MB, GPU Mem: 2111.75 MB, CPU Usage: 17.80%, GPU Power: 28.86 W
Epoch 82/100, Loss: 0.4297, Time: 47.12s, CPU Mem: 4592.43 MB, GPU Mem: 2111.75 MB, CPU Usage: 17.70%, GPU Power: 28.57 W
Epoch 83/100, Loss: 0.4325, Time: 46.36s, CPU Mem: 4592.43 MB, GPU Mem: 2111.75 MB, CPU Usage: 17.80%, GPU Power: 29.27 W
Epoch 84/100, Loss: 0.4379, Time: 45.51s, CPU Mem: 4592.43 MB, GPU Mem: 2111.75 MB, CPU Usage: 17.90%, GPU Power: 28.77 W
Epoch 85/100, Loss: 0.4290, Time: 46.70s, CPU Mem: 4592.18 MB, GPU Mem: 2111.75 MB, CPU Usage: 18.30%, GPU Power: 32.92 W
Epoch 86/100, Loss: 0.4331, Time: 46.70s, CPU Mem: 4592.43 MB, GPU Mem: 2111.75 MB, CPU Usage: 17.80%, GPU Power: 28.86 W
Epoch 87/100, Loss: 0.4261, Time: 45.92s, CPU Mem: 4592.43 MB, GPU Mem: 2111.75 MB, CPU Usage: 17.80%, GPU Power: 31.63 W
Epoch 88/100, Loss: 0.4355, Time: 46.92s, CPU Mem: 4592.43 MB, GPU Mem: 2111.75 MB, CPU Usage: 17.60%, GPU Power: 29.76 W
Epoch 89/100, Loss: 0.4266, Time: 46.79s, CPU Mem: 4592.18 MB, GPU Mem: 2111.75 MB, CPU Usage: 17.50%, GPU Power: 32.33 W
Epoch 90/100, Loss: 0.4255, Time: 46.40s, CPU Mem: 4592.43 MB, GPU Mem: 2111.75 MB, CPU Usage: 17.80%, GPU Power: 28.67 W
Epoch 91/100, Loss: 0.4274, Time: 46.40s, CPU Mem: 4592.44 MB, GPU Mem: 2111.75 MB, CPU Usage: 17.90%, GPU Power: 34.29 W
Epoch 92/100, Loss: 0.4228, Time: 45.85s, CPU Mem: 4592.43 MB, GPU Mem: 2111.75 MB, CPU Usage: 17.90%, GPU Power: 35.60 W
Epoch 93/100, Loss: 0.4273, Time: 46.45s, CPU Mem: 4592.18 MB, GPU Mem: 2111.75 MB, CPU Usage: 17.80%, GPU Power: 28.58 W
Epoch 94/100, Loss: 0.4248, Time: 47.02s, CPU Mem: 4592.43 MB, GPU Mem: 2111.75 MB, CPU Usage: 17.70%, GPU Power: 31.34 W
Epoch 95/100, Loss: 0.4219, Time: 46.07s, CPU Mem: 4592.18 MB, GPU Mem: 2111.75 MB, CPU Usage: 17.90%, GPU Power: 34.69 W
Epoch 96/100, Loss: 0.4243, Time: 46.28s, CPU Mem: 4592.43 MB, GPU Mem: 2111.75 MB, CPU Usage: 17.80%, GPU Power: 35.89 W
Epoch 97/100, Loss: 0.4213, Time: 46.82s, CPU Mem: 4592.18 MB, GPU Mem: 2111.75 MB, CPU Usage: 17.70%, GPU Power: 30.75 W
Epoch 98/100, Loss: 0.4262, Time: 45.94s, CPU Mem: 4592.43 MB, GPU Mem: 2111.75 MB, CPU Usage: 17.90%, GPU Power: 28.86 W
Epoch 99/100, Loss: 0.4193, Time: 46.67s, CPU Mem: 4592.18 MB, GPU Mem: 2111.75 MB, CPU Usage: 17.70%, GPU Power: 34.89 W
Epoch 100/100, Loss: 0.4178, Time: 46.06s, CPU Mem: 4592.43 MB, GPU Mem: 2111.75 MB, CPU Usage: 17.90%, GPU Power: 29.57 W
Starting Testing...
Test Accuracy: 85.90%
Job 2 complete
