Starting job 1...
Files already downloaded and verified
Files already downloaded and verified
Starting Training...
Dataset: CIFAR-10 | Algo: FF | Kernel: 5 | Pad: 2 | Opacity 0.3 | MaxPooling: TRUE
Channels: 3 → 64 → 128 → 256 → 512  Spatial Dimensions: 32 x 32 → 16 x 16 → 8 x 8 → 4 x 4 → 1 x 1
Epoch 1/100, Loss: 1.4777, Time: 48.57s, CPU Mem: 4600.84 MB, GPU Mem: 2111.75 MB, CPU Usage: 16.10%, GPU Power: 30.49 W
Epoch 2/100, Loss: 1.1575, Time: 45.26s, CPU Mem: 4603.03 MB, GPU Mem: 2111.75 MB, CPU Usage: 17.80%, GPU Power: 29.91 W
Epoch 3/100, Loss: 1.0612, Time: 45.66s, CPU Mem: 4603.30 MB, GPU Mem: 2111.75 MB, CPU Usage: 17.70%, GPU Power: 30.79 W
Epoch 4/100, Loss: 0.9945, Time: 45.17s, CPU Mem: 4603.66 MB, GPU Mem: 2111.75 MB, CPU Usage: 17.90%, GPU Power: 27.53 W
Epoch 5/100, Loss: 0.9478, Time: 45.07s, CPU Mem: 4603.42 MB, GPU Mem: 2111.75 MB, CPU Usage: 17.90%, GPU Power: 27.62 W
Epoch 6/100, Loss: 0.9060, Time: 45.29s, CPU Mem: 4603.43 MB, GPU Mem: 2111.75 MB, CPU Usage: 17.90%, GPU Power: 31.30 W
Epoch 7/100, Loss: 0.8698, Time: 45.22s, CPU Mem: 4603.44 MB, GPU Mem: 2111.75 MB, CPU Usage: 17.90%, GPU Power: 30.81 W
Epoch 8/100, Loss: 0.8369, Time: 45.35s, CPU Mem: 4603.69 MB, GPU Mem: 2111.75 MB, CPU Usage: 17.80%, GPU Power: 31.79 W
Epoch 9/100, Loss: 0.8076, Time: 45.74s, CPU Mem: 4602.94 MB, GPU Mem: 2111.75 MB, CPU Usage: 17.60%, GPU Power: 30.49 W
Epoch 10/100, Loss: 0.7800, Time: 45.58s, CPU Mem: 4603.33 MB, GPU Mem: 2111.75 MB, CPU Usage: 17.80%, GPU Power: 29.42 W
Epoch 11/100, Loss: 0.7533, Time: 44.99s, CPU Mem: 4603.69 MB, GPU Mem: 2111.75 MB, CPU Usage: 17.90%, GPU Power: 31.99 W
Epoch 12/100, Loss: 0.7292, Time: 45.16s, CPU Mem: 4603.69 MB, GPU Mem: 2111.75 MB, CPU Usage: 18.00%, GPU Power: 32.46 W
Epoch 13/100, Loss: 0.7111, Time: 45.13s, CPU Mem: 4603.20 MB, GPU Mem: 2111.75 MB, CPU Usage: 17.80%, GPU Power: 28.73 W
Epoch 14/100, Loss: 0.6924, Time: 44.74s, CPU Mem: 4603.34 MB, GPU Mem: 2111.75 MB, CPU Usage: 17.80%, GPU Power: 30.79 W
Epoch 15/100, Loss: 0.6768, Time: 45.10s, CPU Mem: 4603.70 MB, GPU Mem: 2111.75 MB, CPU Usage: 17.80%, GPU Power: 32.76 W
Epoch 16/100, Loss: 0.6628, Time: 46.02s, CPU Mem: 4603.71 MB, GPU Mem: 2111.75 MB, CPU Usage: 17.60%, GPU Power: 30.70 W
Epoch 17/100, Loss: 0.6490, Time: 45.38s, CPU Mem: 4603.20 MB, GPU Mem: 2111.75 MB, CPU Usage: 17.90%, GPU Power: 27.62 W
Epoch 18/100, Loss: 0.6361, Time: 45.29s, CPU Mem: 4603.35 MB, GPU Mem: 2111.75 MB, CPU Usage: 17.90%, GPU Power: 31.20 W
Epoch 19/100, Loss: 0.6252, Time: 45.22s, CPU Mem: 4603.70 MB, GPU Mem: 2111.75 MB, CPU Usage: 17.80%, GPU Power: 29.51 W
Epoch 20/100, Loss: 0.6152, Time: 45.07s, CPU Mem: 4603.70 MB, GPU Mem: 2111.75 MB, CPU Usage: 17.90%, GPU Power: 32.97 W
Epoch 21/100, Loss: 0.6090, Time: 45.50s, CPU Mem: 4603.20 MB, GPU Mem: 2111.75 MB, CPU Usage: 17.70%, GPU Power: 31.69 W
Epoch 22/100, Loss: 0.5980, Time: 45.02s, CPU Mem: 4603.34 MB, GPU Mem: 2111.75 MB, CPU Usage: 17.70%, GPU Power: 30.90 W
Epoch 23/100, Loss: 0.5878, Time: 45.74s, CPU Mem: 4603.45 MB, GPU Mem: 2111.75 MB, CPU Usage: 17.80%, GPU Power: 28.54 W
Epoch 24/100, Loss: 0.5830, Time: 44.69s, CPU Mem: 4603.70 MB, GPU Mem: 2111.75 MB, CPU Usage: 18.00%, GPU Power: 31.68 W
Epoch 25/100, Loss: 0.5748, Time: 45.23s, CPU Mem: 4602.95 MB, GPU Mem: 2111.75 MB, CPU Usage: 18.00%, GPU Power: 30.79 W
Epoch 26/100, Loss: 0.5669, Time: 44.91s, CPU Mem: 4603.34 MB, GPU Mem: 2111.75 MB, CPU Usage: 17.80%, GPU Power: 30.90 W
Epoch 27/100, Loss: 0.5613, Time: 44.91s, CPU Mem: 4603.45 MB, GPU Mem: 2111.75 MB, CPU Usage: 17.90%, GPU Power: 27.82 W
Epoch 28/100, Loss: 0.5531, Time: 45.79s, CPU Mem: 4603.70 MB, GPU Mem: 2111.75 MB, CPU Usage: 17.80%, GPU Power: 29.80 W
Epoch 29/100, Loss: 0.5463, Time: 44.66s, CPU Mem: 4602.95 MB, GPU Mem: 2111.75 MB, CPU Usage: 18.00%, GPU Power: 27.82 W
Epoch 30/100, Loss: 0.5446, Time: 45.68s, CPU Mem: 4603.34 MB, GPU Mem: 2111.75 MB, CPU Usage: 17.60%, GPU Power: 30.19 W
Epoch 31/100, Loss: 0.5355, Time: 45.29s, CPU Mem: 4603.45 MB, GPU Mem: 2111.75 MB, CPU Usage: 17.90%, GPU Power: 27.72 W
Epoch 32/100, Loss: 0.5317, Time: 45.50s, CPU Mem: 4603.70 MB, GPU Mem: 2111.75 MB, CPU Usage: 17.80%, GPU Power: 32.17 W
Epoch 33/100, Loss: 0.5268, Time: 45.12s, CPU Mem: 4603.70 MB, GPU Mem: 2111.75 MB, CPU Usage: 17.90%, GPU Power: 32.88 W
Epoch 34/100, Loss: 0.5221, Time: 45.46s, CPU Mem: 4603.20 MB, GPU Mem: 2111.75 MB, CPU Usage: 17.60%, GPU Power: 31.69 W
Epoch 35/100, Loss: 0.5187, Time: 44.52s, CPU Mem: 4603.34 MB, GPU Mem: 2111.75 MB, CPU Usage: 18.00%, GPU Power: 31.19 W
Epoch 36/100, Loss: 0.5111, Time: 45.30s, CPU Mem: 4603.70 MB, GPU Mem: 2111.75 MB, CPU Usage: 17.90%, GPU Power: 27.62 W
Epoch 37/100, Loss: 0.5076, Time: 46.29s, CPU Mem: 4603.70 MB, GPU Mem: 2111.75 MB, CPU Usage: 17.60%, GPU Power: 32.09 W
Epoch 38/100, Loss: 0.5092, Time: 45.70s, CPU Mem: 4603.20 MB, GPU Mem: 2111.75 MB, CPU Usage: 17.80%, GPU Power: 28.83 W
Epoch 39/100, Loss: 0.5034, Time: 45.67s, CPU Mem: 4603.35 MB, GPU Mem: 2111.75 MB, CPU Usage: 17.70%, GPU Power: 30.79 W
Epoch 40/100, Loss: 0.4984, Time: 44.83s, CPU Mem: 4603.45 MB, GPU Mem: 2111.75 MB, CPU Usage: 17.80%, GPU Power: 30.90 W
Epoch 41/100, Loss: 0.4941, Time: 45.41s, CPU Mem: 4603.70 MB, GPU Mem: 2111.75 MB, CPU Usage: 17.70%, GPU Power: 30.61 W
Epoch 42/100, Loss: 0.4908, Time: 45.29s, CPU Mem: 4602.95 MB, GPU Mem: 2111.75 MB, CPU Usage: 17.90%, GPU Power: 27.72 W
Epoch 43/100, Loss: 0.4926, Time: 45.12s, CPU Mem: 4603.35 MB, GPU Mem: 2111.75 MB, CPU Usage: 17.80%, GPU Power: 27.62 W
Epoch 44/100, Loss: 0.4871, Time: 45.37s, CPU Mem: 4603.70 MB, GPU Mem: 2111.75 MB, CPU Usage: 17.80%, GPU Power: 28.64 W
Epoch 45/100, Loss: 0.4831, Time: 45.35s, CPU Mem: 4603.70 MB, GPU Mem: 2111.75 MB, CPU Usage: 17.90%, GPU Power: 27.82 W
Epoch 46/100, Loss: 0.4841, Time: 44.58s, CPU Mem: 4603.21 MB, GPU Mem: 2111.75 MB, CPU Usage: 17.80%, GPU Power: 28.54 W
Epoch 47/100, Loss: 0.4790, Time: 44.46s, CPU Mem: 4603.35 MB, GPU Mem: 2111.75 MB, CPU Usage: 17.80%, GPU Power: 29.62 W
Epoch 48/100, Loss: 0.4775, Time: 44.88s, CPU Mem: 4603.70 MB, GPU Mem: 2111.75 MB, CPU Usage: 17.90%, GPU Power: 32.17 W
Epoch 49/100, Loss: 0.4762, Time: 45.04s, CPU Mem: 4603.70 MB, GPU Mem: 2111.75 MB, CPU Usage: 17.80%, GPU Power: 31.48 W
Epoch 50/100, Loss: 0.4777, Time: 45.28s, CPU Mem: 4603.20 MB, GPU Mem: 2111.75 MB, CPU Usage: 17.80%, GPU Power: 28.11 W
Epoch 51/100, Loss: 0.4704, Time: 44.50s, CPU Mem: 4603.35 MB, GPU Mem: 2111.75 MB, CPU Usage: 17.80%, GPU Power: 31.20 W
Epoch 52/100, Loss: 0.4727, Time: 45.02s, CPU Mem: 4603.45 MB, GPU Mem: 2111.75 MB, CPU Usage: 17.90%, GPU Power: 31.20 W
Epoch 53/100, Loss: 0.4691, Time: 45.20s, CPU Mem: 4603.70 MB, GPU Mem: 2111.75 MB, CPU Usage: 17.70%, GPU Power: 29.42 W
Epoch 54/100, Loss: 0.4628, Time: 45.59s, CPU Mem: 4603.70 MB, GPU Mem: 2111.75 MB, CPU Usage: 17.60%, GPU Power: 27.62 W
Epoch 55/100, Loss: 0.4640, Time: 44.83s, CPU Mem: 4603.20 MB, GPU Mem: 2111.75 MB, CPU Usage: 18.00%, GPU Power: 27.52 W
Epoch 56/100, Loss: 0.4708, Time: 44.87s, CPU Mem: 4603.35 MB, GPU Mem: 2111.75 MB, CPU Usage: 18.00%, GPU Power: 27.82 W
Epoch 57/100, Loss: 0.4567, Time: 45.28s, CPU Mem: 4603.45 MB, GPU Mem: 2111.75 MB, CPU Usage: 17.80%, GPU Power: 27.42 W
Epoch 58/100, Loss: 0.4617, Time: 44.89s, CPU Mem: 4603.71 MB, GPU Mem: 2111.75 MB, CPU Usage: 17.80%, GPU Power: 27.72 W
Epoch 59/100, Loss: 0.4580, Time: 45.68s, CPU Mem: 4602.95 MB, GPU Mem: 2111.75 MB, CPU Usage: 17.60%, GPU Power: 31.39 W
Epoch 60/100, Loss: 0.4555, Time: 45.59s, CPU Mem: 4603.36 MB, GPU Mem: 2111.75 MB, CPU Usage: 17.80%, GPU Power: 32.76 W
Epoch 61/100, Loss: 0.4595, Time: 46.11s, CPU Mem: 4603.45 MB, GPU Mem: 2111.75 MB, CPU Usage: 17.60%, GPU Power: 30.49 W
Epoch 62/100, Loss: 0.4529, Time: 45.45s, CPU Mem: 4603.70 MB, GPU Mem: 2111.75 MB, CPU Usage: 17.80%, GPU Power: 28.22 W
Epoch 63/100, Loss: 0.4526, Time: 45.07s, CPU Mem: 4602.95 MB, GPU Mem: 2111.75 MB, CPU Usage: 17.80%, GPU Power: 28.63 W
Epoch 64/100, Loss: 0.4537, Time: 45.24s, CPU Mem: 4603.35 MB, GPU Mem: 2111.75 MB, CPU Usage: 17.90%, GPU Power: 31.39 W
Epoch 65/100, Loss: 0.4527, Time: 45.28s, CPU Mem: 4603.70 MB, GPU Mem: 2111.75 MB, CPU Usage: 17.70%, GPU Power: 27.52 W
Epoch 66/100, Loss: 0.4448, Time: 44.72s, CPU Mem: 4603.71 MB, GPU Mem: 2111.75 MB, CPU Usage: 17.90%, GPU Power: 27.62 W
Epoch 67/100, Loss: 0.4534, Time: 44.91s, CPU Mem: 4603.46 MB, GPU Mem: 2111.75 MB, CPU Usage: 17.80%, GPU Power: 34.64 W
Epoch 68/100, Loss: 0.4464, Time: 45.54s, CPU Mem: 4603.71 MB, GPU Mem: 2111.75 MB, CPU Usage: 17.40%, GPU Power: 30.89 W
Epoch 69/100, Loss: 0.4444, Time: 45.40s, CPU Mem: 4603.46 MB, GPU Mem: 2111.75 MB, CPU Usage: 17.70%, GPU Power: 29.92 W
Epoch 70/100, Loss: 0.4457, Time: 45.53s, CPU Mem: 4603.71 MB, GPU Mem: 2111.75 MB, CPU Usage: 17.80%, GPU Power: 29.30 W
Epoch 71/100, Loss: 0.4438, Time: 45.19s, CPU Mem: 4603.21 MB, GPU Mem: 2111.75 MB, CPU Usage: 17.90%, GPU Power: 28.73 W
Epoch 72/100, Loss: 0.4421, Time: 44.74s, CPU Mem: 4603.71 MB, GPU Mem: 2111.75 MB, CPU Usage: 18.00%, GPU Power: 28.82 W
Epoch 73/100, Loss: 0.4362, Time: 45.18s, CPU Mem: 4603.72 MB, GPU Mem: 2111.75 MB, CPU Usage: 17.90%, GPU Power: 31.19 W
Epoch 74/100, Loss: 0.4479, Time: 45.33s, CPU Mem: 4603.71 MB, GPU Mem: 2111.75 MB, CPU Usage: 17.80%, GPU Power: 28.11 W
Epoch 75/100, Loss: 0.4374, Time: 45.07s, CPU Mem: 4603.46 MB, GPU Mem: 2111.75 MB, CPU Usage: 17.90%, GPU Power: 34.51 W
Epoch 76/100, Loss: 0.4340, Time: 45.02s, CPU Mem: 4603.71 MB, GPU Mem: 2111.75 MB, CPU Usage: 17.90%, GPU Power: 30.90 W
Epoch 77/100, Loss: 0.4367, Time: 45.84s, CPU Mem: 4603.46 MB, GPU Mem: 2111.75 MB, CPU Usage: 17.70%, GPU Power: 32.76 W
Epoch 78/100, Loss: 0.4392, Time: 45.48s, CPU Mem: 4603.71 MB, GPU Mem: 2111.75 MB, CPU Usage: 17.70%, GPU Power: 27.72 W
Epoch 79/100, Loss: 0.4321, Time: 45.01s, CPU Mem: 4603.21 MB, GPU Mem: 2111.75 MB, CPU Usage: 17.80%, GPU Power: 28.54 W
Epoch 80/100, Loss: 0.4315, Time: 45.13s, CPU Mem: 4603.71 MB, GPU Mem: 2111.75 MB, CPU Usage: 18.00%, GPU Power: 34.63 W
Epoch 81/100, Loss: 0.4385, Time: 45.46s, CPU Mem: 4603.46 MB, GPU Mem: 2111.75 MB, CPU Usage: 17.90%, GPU Power: 27.62 W
Epoch 82/100, Loss: 0.4302, Time: 46.11s, CPU Mem: 4603.71 MB, GPU Mem: 2111.75 MB, CPU Usage: 17.50%, GPU Power: 27.52 W
Epoch 83/100, Loss: 0.4331, Time: 44.39s, CPU Mem: 4603.71 MB, GPU Mem: 2111.75 MB, CPU Usage: 17.90%, GPU Power: 28.32 W
Epoch 84/100, Loss: 0.4282, Time: 45.10s, CPU Mem: 4603.46 MB, GPU Mem: 2111.75 MB, CPU Usage: 18.00%, GPU Power: 30.90 W
Epoch 85/100, Loss: 0.4317, Time: 44.98s, CPU Mem: 4603.71 MB, GPU Mem: 2111.75 MB, CPU Usage: 17.90%, GPU Power: 33.84 W
Epoch 86/100, Loss: 0.4224, Time: 45.72s, CPU Mem: 4603.46 MB, GPU Mem: 2111.75 MB, CPU Usage: 17.70%, GPU Power: 30.49 W
Epoch 87/100, Loss: 0.4277, Time: 45.23s, CPU Mem: 4603.71 MB, GPU Mem: 2111.75 MB, CPU Usage: 17.90%, GPU Power: 30.70 W
Epoch 88/100, Loss: 0.4293, Time: 45.77s, CPU Mem: 4603.21 MB, GPU Mem: 2111.75 MB, CPU Usage: 17.50%, GPU Power: 30.99 W
Epoch 89/100, Loss: 0.4210, Time: 45.56s, CPU Mem: 4603.71 MB, GPU Mem: 2111.75 MB, CPU Usage: 17.70%, GPU Power: 30.50 W
Epoch 90/100, Loss: 0.4280, Time: 45.66s, CPU Mem: 4603.46 MB, GPU Mem: 2111.75 MB, CPU Usage: 17.80%, GPU Power: 27.62 W
Epoch 91/100, Loss: 0.4280, Time: 45.36s, CPU Mem: 4603.71 MB, GPU Mem: 2111.75 MB, CPU Usage: 17.80%, GPU Power: 30.01 W
Epoch 92/100, Loss: 0.4205, Time: 44.62s, CPU Mem: 4603.21 MB, GPU Mem: 2111.75 MB, CPU Usage: 18.00%, GPU Power: 28.43 W
Epoch 93/100, Loss: 0.4189, Time: 44.91s, CPU Mem: 4603.71 MB, GPU Mem: 2111.75 MB, CPU Usage: 17.90%, GPU Power: 27.43 W
Epoch 94/100, Loss: 0.4210, Time: 44.92s, CPU Mem: 4603.46 MB, GPU Mem: 2111.75 MB, CPU Usage: 18.00%, GPU Power: 27.72 W
Epoch 95/100, Loss: 0.4237, Time: 45.85s, CPU Mem: 4603.72 MB, GPU Mem: 2111.75 MB, CPU Usage: 17.70%, GPU Power: 28.54 W
Epoch 96/100, Loss: 0.4169, Time: 45.69s, CPU Mem: 4603.71 MB, GPU Mem: 2111.75 MB, CPU Usage: 17.90%, GPU Power: 28.72 W
Epoch 97/100, Loss: 0.4206, Time: 45.41s, CPU Mem: 4603.46 MB, GPU Mem: 2111.75 MB, CPU Usage: 17.80%, GPU Power: 32.28 W
Epoch 98/100, Loss: 0.4192, Time: 45.30s, CPU Mem: 4603.71 MB, GPU Mem: 2111.75 MB, CPU Usage: 17.90%, GPU Power: 28.44 W
Epoch 99/100, Loss: 0.4144, Time: 45.92s, CPU Mem: 4603.71 MB, GPU Mem: 2111.75 MB, CPU Usage: 17.60%, GPU Power: 28.64 W
Epoch 100/100, Loss: 0.4182, Time: 44.47s, CPU Mem: 4603.71 MB, GPU Mem: 2111.75 MB, CPU Usage: 18.10%, GPU Power: 30.39 W
Starting Testing...
Test Accuracy: 84.81%
Job 1 complete
