Starting job 7...
Files already downloaded and verified
Files already downloaded and verified
Starting Training...
Dataset: CIFAR-10 | Algo: BP | Kernel: 7 | Pad: 5 | MaxPooling: TRUE
Channels: 3 → 64 → 128 → 256 → 512 → 1 (via AdaptiveAvgPool) → num_classes
Epoch 1/100, Loss: 1.5126, Time: 8.52s, CPU Mem: 4497.54 MB, GPU Mem: 2131.75 MB, CPU Usage: 27.40%, GPU Power: 56.02 W
Epoch 2/100, Loss: 1.0695, Time: 6.08s, CPU Mem: 4500.05 MB, GPU Mem: 2131.75 MB, CPU Usage: 43.00%, GPU Power: 67.61 W
Epoch 3/100, Loss: 0.8415, Time: 5.76s, CPU Mem: 4500.52 MB, GPU Mem: 2131.75 MB, CPU Usage: 44.00%, GPU Power: 46.53 W
Epoch 4/100, Loss: 0.6950, Time: 5.74s, CPU Mem: 4500.52 MB, GPU Mem: 2131.75 MB, CPU Usage: 44.30%, GPU Power: 69.34 W
Epoch 5/100, Loss: 0.5914, Time: 5.54s, CPU Mem: 4500.07 MB, GPU Mem: 2131.75 MB, CPU Usage: 45.00%, GPU Power: 69.61 W
Epoch 6/100, Loss: 0.5058, Time: 6.01s, CPU Mem: 4500.53 MB, GPU Mem: 2131.75 MB, CPU Usage: 43.30%, GPU Power: 65.97 W
Epoch 7/100, Loss: 0.4253, Time: 5.99s, CPU Mem: 4500.58 MB, GPU Mem: 2131.75 MB, CPU Usage: 43.20%, GPU Power: 74.61 W
Epoch 8/100, Loss: 0.3525, Time: 6.02s, CPU Mem: 4500.58 MB, GPU Mem: 2131.75 MB, CPU Usage: 43.30%, GPU Power: 62.91 W
Epoch 9/100, Loss: 0.2833, Time: 6.05s, CPU Mem: 4500.33 MB, GPU Mem: 2131.75 MB, CPU Usage: 42.60%, GPU Power: 65.20 W
Epoch 10/100, Loss: 0.2267, Time: 6.06s, CPU Mem: 4500.58 MB, GPU Mem: 2131.75 MB, CPU Usage: 42.90%, GPU Power: 78.28 W
Epoch 11/100, Loss: 0.1774, Time: 6.14s, CPU Mem: 4500.58 MB, GPU Mem: 2131.75 MB, CPU Usage: 42.50%, GPU Power: 70.32 W
Epoch 12/100, Loss: 0.1398, Time: 6.44s, CPU Mem: 4500.58 MB, GPU Mem: 2131.75 MB, CPU Usage: 41.30%, GPU Power: 37.57 W
Epoch 13/100, Loss: 0.1082, Time: 5.94s, CPU Mem: 4500.58 MB, GPU Mem: 2131.75 MB, CPU Usage: 43.60%, GPU Power: 56.49 W
Epoch 14/100, Loss: 0.0917, Time: 6.14s, CPU Mem: 4500.33 MB, GPU Mem: 2131.75 MB, CPU Usage: 42.50%, GPU Power: 64.60 W
Epoch 15/100, Loss: 0.0797, Time: 5.83s, CPU Mem: 4500.58 MB, GPU Mem: 2131.75 MB, CPU Usage: 43.60%, GPU Power: 55.23 W
Epoch 16/100, Loss: 0.0665, Time: 6.18s, CPU Mem: 4500.58 MB, GPU Mem: 2131.75 MB, CPU Usage: 42.30%, GPU Power: 63.99 W
Epoch 17/100, Loss: 0.0673, Time: 6.12s, CPU Mem: 4500.58 MB, GPU Mem: 2131.75 MB, CPU Usage: 42.40%, GPU Power: 65.66 W
Epoch 18/100, Loss: 0.0555, Time: 6.15s, CPU Mem: 4500.33 MB, GPU Mem: 2131.75 MB, CPU Usage: 42.30%, GPU Power: 54.63 W
Epoch 19/100, Loss: 0.0512, Time: 6.22s, CPU Mem: 4500.58 MB, GPU Mem: 2131.75 MB, CPU Usage: 42.10%, GPU Power: 57.79 W
Epoch 20/100, Loss: 0.0515, Time: 6.09s, CPU Mem: 4500.58 MB, GPU Mem: 2131.75 MB, CPU Usage: 42.50%, GPU Power: 60.15 W
Epoch 21/100, Loss: 0.0498, Time: 6.06s, CPU Mem: 4500.58 MB, GPU Mem: 2131.75 MB, CPU Usage: 42.50%, GPU Power: 74.92 W
Epoch 22/100, Loss: 0.0479, Time: 5.81s, CPU Mem: 4500.38 MB, GPU Mem: 2131.75 MB, CPU Usage: 43.70%, GPU Power: 48.23 W
Epoch 23/100, Loss: 0.0436, Time: 5.96s, CPU Mem: 4500.58 MB, GPU Mem: 2131.75 MB, CPU Usage: 43.30%, GPU Power: 57.58 W
Epoch 24/100, Loss: 0.0494, Time: 5.84s, CPU Mem: 4500.33 MB, GPU Mem: 2131.75 MB, CPU Usage: 43.40%, GPU Power: 68.05 W
Epoch 25/100, Loss: 0.0421, Time: 5.88s, CPU Mem: 4500.58 MB, GPU Mem: 2131.75 MB, CPU Usage: 43.40%, GPU Power: 76.17 W
Epoch 26/100, Loss: 0.0331, Time: 6.20s, CPU Mem: 4500.58 MB, GPU Mem: 2131.75 MB, CPU Usage: 42.00%, GPU Power: 61.55 W
Epoch 27/100, Loss: 0.0448, Time: 6.31s, CPU Mem: 4500.33 MB, GPU Mem: 2131.75 MB, CPU Usage: 41.90%, GPU Power: 69.61 W
Epoch 28/100, Loss: 0.0384, Time: 5.88s, CPU Mem: 4500.58 MB, GPU Mem: 2131.75 MB, CPU Usage: 43.20%, GPU Power: 71.10 W
Epoch 29/100, Loss: 0.0330, Time: 6.43s, CPU Mem: 4500.58 MB, GPU Mem: 2131.75 MB, CPU Usage: 41.50%, GPU Power: 63.10 W
Epoch 30/100, Loss: 0.0396, Time: 5.88s, CPU Mem: 4500.58 MB, GPU Mem: 2131.75 MB, CPU Usage: 43.10%, GPU Power: 78.06 W
Epoch 31/100, Loss: 0.0346, Time: 5.73s, CPU Mem: 4500.58 MB, GPU Mem: 2131.75 MB, CPU Usage: 44.20%, GPU Power: 79.34 W
Epoch 32/100, Loss: 0.0349, Time: 5.94s, CPU Mem: 4500.58 MB, GPU Mem: 2131.75 MB, CPU Usage: 43.30%, GPU Power: 51.67 W
Epoch 33/100, Loss: 0.0391, Time: 6.03s, CPU Mem: 4500.33 MB, GPU Mem: 2131.75 MB, CPU Usage: 42.80%, GPU Power: 48.51 W
Epoch 34/100, Loss: 0.0329, Time: 6.07s, CPU Mem: 4500.58 MB, GPU Mem: 2131.75 MB, CPU Usage: 42.50%, GPU Power: 78.35 W
Epoch 35/100, Loss: 0.0291, Time: 6.06s, CPU Mem: 4500.59 MB, GPU Mem: 2131.75 MB, CPU Usage: 42.60%, GPU Power: 64.97 W
Epoch 36/100, Loss: 0.0282, Time: 6.07s, CPU Mem: 4500.33 MB, GPU Mem: 2131.75 MB, CPU Usage: 42.90%, GPU Power: 49.00 W
Epoch 37/100, Loss: 0.0339, Time: 5.98s, CPU Mem: 4500.58 MB, GPU Mem: 2131.75 MB, CPU Usage: 42.90%, GPU Power: 71.65 W
Epoch 38/100, Loss: 0.0327, Time: 6.13s, CPU Mem: 4500.58 MB, GPU Mem: 2131.75 MB, CPU Usage: 42.40%, GPU Power: 64.38 W
Epoch 39/100, Loss: 0.0297, Time: 6.04s, CPU Mem: 4500.58 MB, GPU Mem: 2131.75 MB, CPU Usage: 42.70%, GPU Power: 67.34 W
Epoch 40/100, Loss: 0.0257, Time: 6.05s, CPU Mem: 4500.58 MB, GPU Mem: 2131.75 MB, CPU Usage: 42.80%, GPU Power: 70.00 W
Epoch 41/100, Loss: 0.0320, Time: 5.86s, CPU Mem: 4500.58 MB, GPU Mem: 2131.75 MB, CPU Usage: 43.90%, GPU Power: 70.87 W
Epoch 42/100, Loss: 0.0276, Time: 6.17s, CPU Mem: 4500.33 MB, GPU Mem: 2131.75 MB, CPU Usage: 42.60%, GPU Power: 49.31 W
Epoch 43/100, Loss: 0.0296, Time: 6.30s, CPU Mem: 4500.59 MB, GPU Mem: 2131.75 MB, CPU Usage: 41.70%, GPU Power: 44.08 W
Epoch 44/100, Loss: 0.0252, Time: 6.06s, CPU Mem: 4500.58 MB, GPU Mem: 2131.75 MB, CPU Usage: 43.10%, GPU Power: 69.19 W
Epoch 45/100, Loss: 0.0268, Time: 5.98s, CPU Mem: 4500.33 MB, GPU Mem: 2131.75 MB, CPU Usage: 43.20%, GPU Power: 62.31 W
Epoch 46/100, Loss: 0.0274, Time: 5.98s, CPU Mem: 4500.58 MB, GPU Mem: 2131.75 MB, CPU Usage: 43.20%, GPU Power: 53.36 W
Epoch 47/100, Loss: 0.0271, Time: 5.84s, CPU Mem: 4500.58 MB, GPU Mem: 2131.75 MB, CPU Usage: 43.50%, GPU Power: 74.39 W
Epoch 48/100, Loss: 0.0279, Time: 5.97s, CPU Mem: 4500.38 MB, GPU Mem: 2131.75 MB, CPU Usage: 42.50%, GPU Power: 67.74 W
Epoch 49/100, Loss: 0.0223, Time: 6.11s, CPU Mem: 4500.58 MB, GPU Mem: 2131.75 MB, CPU Usage: 42.60%, GPU Power: 47.84 W
Epoch 50/100, Loss: 0.0245, Time: 6.05s, CPU Mem: 4500.34 MB, GPU Mem: 2131.75 MB, CPU Usage: 42.80%, GPU Power: 70.10 W
Epoch 51/100, Loss: 0.0293, Time: 6.21s, CPU Mem: 4500.58 MB, GPU Mem: 2131.75 MB, CPU Usage: 42.20%, GPU Power: 50.49 W
Epoch 52/100, Loss: 0.0214, Time: 5.89s, CPU Mem: 4500.58 MB, GPU Mem: 2131.75 MB, CPU Usage: 43.30%, GPU Power: 63.60 W
Epoch 53/100, Loss: 0.0241, Time: 6.13s, CPU Mem: 4500.58 MB, GPU Mem: 2131.75 MB, CPU Usage: 42.30%, GPU Power: 38.35 W
Epoch 54/100, Loss: 0.0303, Time: 6.40s, CPU Mem: 4500.33 MB, GPU Mem: 2131.75 MB, CPU Usage: 41.50%, GPU Power: 62.12 W
Epoch 55/100, Loss: 0.0199, Time: 6.01s, CPU Mem: 4500.58 MB, GPU Mem: 2131.75 MB, CPU Usage: 42.90%, GPU Power: 55.62 W
Epoch 56/100, Loss: 0.0270, Time: 6.11s, CPU Mem: 4500.58 MB, GPU Mem: 2131.75 MB, CPU Usage: 42.60%, GPU Power: 45.28 W
Epoch 57/100, Loss: 0.0151, Time: 6.16s, CPU Mem: 4500.58 MB, GPU Mem: 2131.75 MB, CPU Usage: 42.40%, GPU Power: 63.68 W
Epoch 58/100, Loss: 0.0301, Time: 5.92s, CPU Mem: 4500.58 MB, GPU Mem: 2131.75 MB, CPU Usage: 43.50%, GPU Power: 48.70 W
Epoch 59/100, Loss: 0.0238, Time: 5.98s, CPU Mem: 4500.58 MB, GPU Mem: 2131.75 MB, CPU Usage: 42.70%, GPU Power: 75.61 W
Epoch 60/100, Loss: 0.0184, Time: 5.95s, CPU Mem: 4500.33 MB, GPU Mem: 2131.75 MB, CPU Usage: 43.20%, GPU Power: 66.39 W
Epoch 61/100, Loss: 0.0206, Time: 6.12s, CPU Mem: 4500.33 MB, GPU Mem: 2131.75 MB, CPU Usage: 42.40%, GPU Power: 66.06 W
Epoch 62/100, Loss: 0.0245, Time: 5.98s, CPU Mem: 4500.58 MB, GPU Mem: 2131.75 MB, CPU Usage: 43.20%, GPU Power: 45.17 W
Epoch 63/100, Loss: 0.0255, Time: 6.10s, CPU Mem: 4500.08 MB, GPU Mem: 2131.75 MB, CPU Usage: 42.70%, GPU Power: 55.54 W
Epoch 64/100, Loss: 0.0260, Time: 5.74s, CPU Mem: 4500.59 MB, GPU Mem: 2131.75 MB, CPU Usage: 44.00%, GPU Power: 79.04 W
Epoch 65/100, Loss: 0.0176, Time: 6.10s, CPU Mem: 4500.59 MB, GPU Mem: 2131.75 MB, CPU Usage: 42.40%, GPU Power: 61.94 W
Epoch 66/100, Loss: 0.0191, Time: 6.00s, CPU Mem: 4500.34 MB, GPU Mem: 2131.75 MB, CPU Usage: 42.90%, GPU Power: 70.90 W
Epoch 67/100, Loss: 0.0256, Time: 6.03s, CPU Mem: 4500.59 MB, GPU Mem: 2131.75 MB, CPU Usage: 42.60%, GPU Power: 59.18 W
Epoch 68/100, Loss: 0.0213, Time: 5.84s, CPU Mem: 4500.34 MB, GPU Mem: 2131.75 MB, CPU Usage: 43.40%, GPU Power: 67.02 W
Epoch 69/100, Loss: 0.0222, Time: 5.53s, CPU Mem: 4500.61 MB, GPU Mem: 2131.75 MB, CPU Usage: 44.90%, GPU Power: 80.44 W
Epoch 70/100, Loss: 0.0214, Time: 5.95s, CPU Mem: 4500.59 MB, GPU Mem: 2131.75 MB, CPU Usage: 42.70%, GPU Power: 68.69 W
Epoch 71/100, Loss: 0.0155, Time: 6.00s, CPU Mem: 4500.59 MB, GPU Mem: 2131.75 MB, CPU Usage: 43.00%, GPU Power: 63.70 W
Epoch 72/100, Loss: 0.0260, Time: 6.04s, CPU Mem: 4500.34 MB, GPU Mem: 2131.75 MB, CPU Usage: 42.80%, GPU Power: 64.68 W
Epoch 73/100, Loss: 0.0243, Time: 6.26s, CPU Mem: 4500.60 MB, GPU Mem: 2131.75 MB, CPU Usage: 41.80%, GPU Power: 65.75 W
Epoch 74/100, Loss: 0.0166, Time: 5.86s, CPU Mem: 4500.59 MB, GPU Mem: 2131.75 MB, CPU Usage: 43.60%, GPU Power: 76.94 W
Epoch 75/100, Loss: 0.0174, Time: 5.93s, CPU Mem: 4500.34 MB, GPU Mem: 2131.75 MB, CPU Usage: 43.30%, GPU Power: 69.40 W
Epoch 76/100, Loss: 0.0220, Time: 5.89s, CPU Mem: 4500.59 MB, GPU Mem: 2131.75 MB, CPU Usage: 43.40%, GPU Power: 50.91 W
Epoch 77/100, Loss: 0.0212, Time: 5.94s, CPU Mem: 4500.34 MB, GPU Mem: 2131.75 MB, CPU Usage: 43.10%, GPU Power: 70.78 W
Epoch 78/100, Loss: 0.0206, Time: 6.13s, CPU Mem: 4500.59 MB, GPU Mem: 2131.75 MB, CPU Usage: 42.30%, GPU Power: 73.11 W
Epoch 79/100, Loss: 0.0193, Time: 5.87s, CPU Mem: 4500.59 MB, GPU Mem: 2131.75 MB, CPU Usage: 43.30%, GPU Power: 46.53 W
Epoch 80/100, Loss: 0.0207, Time: 6.13s, CPU Mem: 4500.59 MB, GPU Mem: 2131.75 MB, CPU Usage: 42.40%, GPU Power: 64.80 W
Epoch 81/100, Loss: 0.0147, Time: 5.92s, CPU Mem: 4500.34 MB, GPU Mem: 2131.75 MB, CPU Usage: 43.30%, GPU Power: 75.58 W
Epoch 82/100, Loss: 0.0228, Time: 6.16s, CPU Mem: 4500.59 MB, GPU Mem: 2131.75 MB, CPU Usage: 42.40%, GPU Power: 58.21 W
Epoch 83/100, Loss: 0.0189, Time: 5.79s, CPU Mem: 4500.59 MB, GPU Mem: 2131.75 MB, CPU Usage: 43.80%, GPU Power: 74.24 W
Epoch 84/100, Loss: 0.0189, Time: 5.84s, CPU Mem: 4500.39 MB, GPU Mem: 2131.75 MB, CPU Usage: 43.70%, GPU Power: 74.34 W
Epoch 85/100, Loss: 0.0176, Time: 5.64s, CPU Mem: 4500.59 MB, GPU Mem: 2131.75 MB, CPU Usage: 44.80%, GPU Power: 71.25 W
Epoch 86/100, Loss: 0.0205, Time: 6.00s, CPU Mem: 4500.34 MB, GPU Mem: 2131.75 MB, CPU Usage: 43.30%, GPU Power: 71.08 W
Epoch 87/100, Loss: 0.0168, Time: 6.19s, CPU Mem: 4500.59 MB, GPU Mem: 2131.75 MB, CPU Usage: 42.60%, GPU Power: 51.09 W
Epoch 88/100, Loss: 0.0195, Time: 6.22s, CPU Mem: 4500.59 MB, GPU Mem: 2131.75 MB, CPU Usage: 42.10%, GPU Power: 60.55 W
Epoch 89/100, Loss: 0.0143, Time: 6.28s, CPU Mem: 4500.59 MB, GPU Mem: 2131.75 MB, CPU Usage: 42.00%, GPU Power: 52.27 W
Epoch 90/100, Loss: 0.0232, Time: 5.91s, CPU Mem: 4500.34 MB, GPU Mem: 2131.75 MB, CPU Usage: 43.50%, GPU Power: 48.22 W
Epoch 91/100, Loss: 0.0227, Time: 5.89s, CPU Mem: 4500.59 MB, GPU Mem: 2131.75 MB, CPU Usage: 43.50%, GPU Power: 78.16 W
Epoch 92/100, Loss: 0.0067, Time: 5.98s, CPU Mem: 4500.59 MB, GPU Mem: 2131.75 MB, CPU Usage: 43.50%, GPU Power: 50.98 W
Epoch 93/100, Loss: 0.0228, Time: 6.13s, CPU Mem: 4500.59 MB, GPU Mem: 2131.75 MB, CPU Usage: 42.40%, GPU Power: 45.36 W
Epoch 94/100, Loss: 0.0235, Time: 6.08s, CPU Mem: 4500.59 MB, GPU Mem: 2131.75 MB, CPU Usage: 42.80%, GPU Power: 61.15 W
Epoch 95/100, Loss: 0.0139, Time: 6.27s, CPU Mem: 4500.59 MB, GPU Mem: 2131.75 MB, CPU Usage: 42.30%, GPU Power: 63.77 W
Epoch 96/100, Loss: 0.0150, Time: 5.97s, CPU Mem: 4500.34 MB, GPU Mem: 2131.75 MB, CPU Usage: 43.30%, GPU Power: 58.38 W
Epoch 97/100, Loss: 0.0202, Time: 5.92s, CPU Mem: 4500.59 MB, GPU Mem: 2131.75 MB, CPU Usage: 43.30%, GPU Power: 45.38 W
Epoch 98/100, Loss: 0.0176, Time: 6.17s, CPU Mem: 4500.34 MB, GPU Mem: 2131.75 MB, CPU Usage: 42.30%, GPU Power: 65.77 W
Epoch 99/100, Loss: 0.0213, Time: 5.99s, CPU Mem: 4500.09 MB, GPU Mem: 2131.75 MB, CPU Usage: 42.70%, GPU Power: 50.69 W
Epoch 100/100, Loss: 0.0133, Time: 5.93s, CPU Mem: 4500.59 MB, GPU Mem: 2131.75 MB, CPU Usage: 43.10%, GPU Power: 50.19 W
Starting Testing...
Test Accuracy: 79.32%
Job 7 complete
