Starting job 1...
Files already downloaded and verified
Files already downloaded and verified
Starting Training...
Dataset: CIFAR-10 | Algo: FF | Kernel: 3 | Pad: 1 | Opacity 0.3 | MaxPooling: TRUE
Channels: 3 → 64 → 128 → 256 → 512  Spatial Dimensions: 32 x 32 → 16 x 16 → 8 x 8 → 4 x 4 → 1 x 1
Epoch 1/200, Loss: 1.5099, Time: 49.28s, CPU Mem: 4609.72 MB, GPU Mem: 2111.75 MB, CPU Usage: 16.50%, GPU Power: 28.57 W
Epoch 2/200, Loss: 1.1757, Time: 47.20s, CPU Mem: 4612.24 MB, GPU Mem: 2111.75 MB, CPU Usage: 17.80%, GPU Power: 28.97 W
Epoch 3/200, Loss: 1.0711, Time: 47.08s, CPU Mem: 4612.88 MB, GPU Mem: 2111.75 MB, CPU Usage: 18.00%, GPU Power: 31.34 W
Epoch 4/200, Loss: 1.0067, Time: 47.15s, CPU Mem: 4613.00 MB, GPU Mem: 2111.75 MB, CPU Usage: 17.90%, GPU Power: 34.10 W
Epoch 5/200, Loss: 0.9553, Time: 47.20s, CPU Mem: 4612.64 MB, GPU Mem: 2111.75 MB, CPU Usage: 17.80%, GPU Power: 29.55 W
Epoch 6/200, Loss: 0.9145, Time: 47.27s, CPU Mem: 4612.91 MB, GPU Mem: 2111.75 MB, CPU Usage: 17.80%, GPU Power: 32.43 W
Epoch 7/200, Loss: 0.8764, Time: 47.67s, CPU Mem: 4613.04 MB, GPU Mem: 2111.75 MB, CPU Usage: 17.60%, GPU Power: 31.35 W
Epoch 8/200, Loss: 0.8404, Time: 47.25s, CPU Mem: 4613.29 MB, GPU Mem: 2111.75 MB, CPU Usage: 17.80%, GPU Power: 31.05 W
Epoch 9/200, Loss: 0.8135, Time: 47.28s, CPU Mem: 4612.54 MB, GPU Mem: 2111.75 MB, CPU Usage: 17.70%, GPU Power: 28.97 W
Epoch 10/200, Loss: 0.7809, Time: 47.57s, CPU Mem: 4612.93 MB, GPU Mem: 2111.75 MB, CPU Usage: 17.70%, GPU Power: 31.24 W
Epoch 11/200, Loss: 0.7550, Time: 47.02s, CPU Mem: 4613.31 MB, GPU Mem: 2111.75 MB, CPU Usage: 17.80%, GPU Power: 30.16 W
Epoch 12/200, Loss: 0.7337, Time: 46.88s, CPU Mem: 4612.94 MB, GPU Mem: 2111.75 MB, CPU Usage: 17.90%, GPU Power: 35.19 W
Epoch 13/200, Loss: 0.7125, Time: 46.91s, CPU Mem: 4613.29 MB, GPU Mem: 2111.75 MB, CPU Usage: 17.80%, GPU Power: 29.07 W
Epoch 14/200, Loss: 0.6961, Time: 46.88s, CPU Mem: 4612.54 MB, GPU Mem: 2111.75 MB, CPU Usage: 17.90%, GPU Power: 29.57 W
Epoch 15/200, Loss: 0.6804, Time: 46.60s, CPU Mem: 4612.93 MB, GPU Mem: 2111.75 MB, CPU Usage: 17.80%, GPU Power: 29.95 W
Epoch 16/200, Loss: 0.6694, Time: 46.60s, CPU Mem: 4613.29 MB, GPU Mem: 2111.75 MB, CPU Usage: 17.90%, GPU Power: 28.67 W
Epoch 17/200, Loss: 0.6570, Time: 47.59s, CPU Mem: 4613.29 MB, GPU Mem: 2111.75 MB, CPU Usage: 17.60%, GPU Power: 30.45 W
Epoch 18/200, Loss: 0.6431, Time: 46.70s, CPU Mem: 4612.79 MB, GPU Mem: 2111.75 MB, CPU Usage: 17.90%, GPU Power: 28.57 W
Epoch 19/200, Loss: 0.6330, Time: 47.84s, CPU Mem: 4612.93 MB, GPU Mem: 2111.75 MB, CPU Usage: 17.50%, GPU Power: 30.06 W
Epoch 20/200, Loss: 0.6214, Time: 46.91s, CPU Mem: 4613.04 MB, GPU Mem: 2111.75 MB, CPU Usage: 17.70%, GPU Power: 30.55 W
Epoch 21/200, Loss: 0.6133, Time: 47.11s, CPU Mem: 4613.29 MB, GPU Mem: 2111.75 MB, CPU Usage: 17.70%, GPU Power: 28.77 W
Epoch 22/200, Loss: 0.6029, Time: 47.43s, CPU Mem: 4612.54 MB, GPU Mem: 2111.75 MB, CPU Usage: 17.70%, GPU Power: 28.77 W
Epoch 23/200, Loss: 0.5958, Time: 47.23s, CPU Mem: 4612.93 MB, GPU Mem: 2111.75 MB, CPU Usage: 17.60%, GPU Power: 28.57 W
Epoch 24/200, Loss: 0.5861, Time: 47.43s, CPU Mem: 4613.04 MB, GPU Mem: 2111.75 MB, CPU Usage: 17.60%, GPU Power: 28.47 W
Epoch 25/200, Loss: 0.5802, Time: 46.49s, CPU Mem: 4613.29 MB, GPU Mem: 2111.75 MB, CPU Usage: 17.90%, GPU Power: 29.57 W
Epoch 26/200, Loss: 0.5690, Time: 46.81s, CPU Mem: 4612.54 MB, GPU Mem: 2111.75 MB, CPU Usage: 17.80%, GPU Power: 31.14 W
Epoch 27/200, Loss: 0.5617, Time: 46.87s, CPU Mem: 4612.93 MB, GPU Mem: 2111.75 MB, CPU Usage: 17.80%, GPU Power: 31.14 W
Epoch 28/200, Loss: 0.5562, Time: 47.01s, CPU Mem: 4613.04 MB, GPU Mem: 2111.75 MB, CPU Usage: 17.80%, GPU Power: 31.14 W
Epoch 29/200, Loss: 0.5501, Time: 46.86s, CPU Mem: 4613.29 MB, GPU Mem: 2111.75 MB, CPU Usage: 17.80%, GPU Power: 29.86 W
Epoch 30/200, Loss: 0.5444, Time: 47.11s, CPU Mem: 4612.54 MB, GPU Mem: 2111.75 MB, CPU Usage: 17.90%, GPU Power: 29.57 W
Epoch 31/200, Loss: 0.5382, Time: 48.07s, CPU Mem: 4612.69 MB, GPU Mem: 2111.75 MB, CPU Usage: 17.50%, GPU Power: 29.27 W
Epoch 32/200, Loss: 0.5323, Time: 46.76s, CPU Mem: 4612.94 MB, GPU Mem: 2111.75 MB, CPU Usage: 17.90%, GPU Power: 31.44 W
Epoch 33/200, Loss: 0.5255, Time: 47.21s, CPU Mem: 4613.29 MB, GPU Mem: 2111.75 MB, CPU Usage: 17.60%, GPU Power: 28.86 W
Epoch 34/200, Loss: 0.5241, Time: 47.04s, CPU Mem: 4613.04 MB, GPU Mem: 2111.75 MB, CPU Usage: 17.80%, GPU Power: 30.36 W
Epoch 35/200, Loss: 0.5141, Time: 47.87s, CPU Mem: 4612.54 MB, GPU Mem: 2111.75 MB, CPU Usage: 17.50%, GPU Power: 28.77 W
Epoch 36/200, Loss: 0.5151, Time: 47.11s, CPU Mem: 4612.94 MB, GPU Mem: 2111.75 MB, CPU Usage: 17.90%, GPU Power: 29.95 W
Epoch 37/200, Loss: 0.5102, Time: 46.46s, CPU Mem: 4613.29 MB, GPU Mem: 2111.75 MB, CPU Usage: 18.00%, GPU Power: 28.67 W
Epoch 38/200, Loss: 0.5047, Time: 46.89s, CPU Mem: 4613.04 MB, GPU Mem: 2111.75 MB, CPU Usage: 17.90%, GPU Power: 29.37 W
Epoch 39/200, Loss: 0.4986, Time: 46.98s, CPU Mem: 4612.54 MB, GPU Mem: 2111.75 MB, CPU Usage: 17.80%, GPU Power: 28.86 W
Epoch 40/200, Loss: 0.4997, Time: 46.29s, CPU Mem: 4612.94 MB, GPU Mem: 2111.75 MB, CPU Usage: 18.00%, GPU Power: 28.47 W
Epoch 41/200, Loss: 0.4939, Time: 47.38s, CPU Mem: 4613.29 MB, GPU Mem: 2111.75 MB, CPU Usage: 17.70%, GPU Power: 29.66 W
Epoch 42/200, Loss: 0.4905, Time: 46.72s, CPU Mem: 4613.04 MB, GPU Mem: 2111.75 MB, CPU Usage: 17.90%, GPU Power: 29.57 W
Epoch 43/200, Loss: 0.4877, Time: 46.70s, CPU Mem: 4612.54 MB, GPU Mem: 2111.75 MB, CPU Usage: 17.80%, GPU Power: 31.24 W
Epoch 44/200, Loss: 0.4842, Time: 47.31s, CPU Mem: 4612.94 MB, GPU Mem: 2111.75 MB, CPU Usage: 17.70%, GPU Power: 28.96 W
Epoch 45/200, Loss: 0.4856, Time: 46.84s, CPU Mem: 4613.04 MB, GPU Mem: 2111.75 MB, CPU Usage: 17.80%, GPU Power: 29.06 W
Epoch 46/200, Loss: 0.4792, Time: 47.96s, CPU Mem: 4613.29 MB, GPU Mem: 2111.75 MB, CPU Usage: 17.80%, GPU Power: 28.67 W
Epoch 47/200, Loss: 0.4784, Time: 48.04s, CPU Mem: 4612.54 MB, GPU Mem: 2111.75 MB, CPU Usage: 17.60%, GPU Power: 31.85 W
Epoch 48/200, Loss: 0.4755, Time: 47.60s, CPU Mem: 4612.94 MB, GPU Mem: 2111.75 MB, CPU Usage: 17.70%, GPU Power: 31.84 W
Epoch 49/200, Loss: 0.4727, Time: 47.48s, CPU Mem: 4613.04 MB, GPU Mem: 2111.75 MB, CPU Usage: 17.70%, GPU Power: 28.67 W
Epoch 50/200, Loss: 0.4735, Time: 47.43s, CPU Mem: 4613.29 MB, GPU Mem: 2111.75 MB, CPU Usage: 17.70%, GPU Power: 28.57 W
Epoch 51/200, Loss: 0.4690, Time: 47.52s, CPU Mem: 4613.29 MB, GPU Mem: 2111.75 MB, CPU Usage: 17.80%, GPU Power: 28.58 W
Epoch 52/200, Loss: 0.4646, Time: 47.73s, CPU Mem: 4612.79 MB, GPU Mem: 2111.75 MB, CPU Usage: 17.80%, GPU Power: 30.25 W
Epoch 53/200, Loss: 0.4655, Time: 47.63s, CPU Mem: 4612.94 MB, GPU Mem: 2111.75 MB, CPU Usage: 17.70%, GPU Power: 31.44 W
Epoch 54/200, Loss: 0.4654, Time: 47.72s, CPU Mem: 4613.29 MB, GPU Mem: 2111.75 MB, CPU Usage: 17.70%, GPU Power: 28.86 W
Epoch 55/200, Loss: 0.4619, Time: 48.64s, CPU Mem: 4613.29 MB, GPU Mem: 2111.75 MB, CPU Usage: 17.40%, GPU Power: 28.87 W
Epoch 56/200, Loss: 0.4608, Time: 47.34s, CPU Mem: 4612.79 MB, GPU Mem: 2111.75 MB, CPU Usage: 17.80%, GPU Power: 28.67 W
Epoch 57/200, Loss: 0.4596, Time: 48.27s, CPU Mem: 4612.95 MB, GPU Mem: 2111.75 MB, CPU Usage: 17.50%, GPU Power: 28.77 W
Epoch 58/200, Loss: 0.4591, Time: 46.60s, CPU Mem: 4613.29 MB, GPU Mem: 2111.75 MB, CPU Usage: 17.90%, GPU Power: 28.57 W
Epoch 59/200, Loss: 0.4577, Time: 47.30s, CPU Mem: 4613.04 MB, GPU Mem: 2111.75 MB, CPU Usage: 17.60%, GPU Power: 31.44 W
Epoch 60/200, Loss: 0.4493, Time: 47.67s, CPU Mem: 4612.54 MB, GPU Mem: 2111.75 MB, CPU Usage: 17.60%, GPU Power: 29.76 W
Epoch 61/200, Loss: 0.4570, Time: 46.86s, CPU Mem: 4612.94 MB, GPU Mem: 2111.75 MB, CPU Usage: 17.90%, GPU Power: 30.66 W
Epoch 62/200, Loss: 0.4487, Time: 46.91s, CPU Mem: 4613.04 MB, GPU Mem: 2111.75 MB, CPU Usage: 17.80%, GPU Power: 35.39 W
Epoch 63/200, Loss: 0.4480, Time: 46.89s, CPU Mem: 4613.04 MB, GPU Mem: 2111.75 MB, CPU Usage: 17.90%, GPU Power: 29.27 W
Epoch 64/200, Loss: 0.4543, Time: 46.79s, CPU Mem: 4613.04 MB, GPU Mem: 2111.75 MB, CPU Usage: 17.80%, GPU Power: 32.63 W
Epoch 65/200, Loss: 0.4518, Time: 46.79s, CPU Mem: 4613.29 MB, GPU Mem: 2111.75 MB, CPU Usage: 17.90%, GPU Power: 28.77 W
Epoch 66/200, Loss: 0.4455, Time: 46.96s, CPU Mem: 4613.30 MB, GPU Mem: 2111.75 MB, CPU Usage: 17.90%, GPU Power: 29.47 W
Epoch 67/200, Loss: 0.4441, Time: 47.60s, CPU Mem: 4613.30 MB, GPU Mem: 2111.75 MB, CPU Usage: 17.70%, GPU Power: 29.47 W
Epoch 68/200, Loss: 0.4436, Time: 46.69s, CPU Mem: 4613.05 MB, GPU Mem: 2111.75 MB, CPU Usage: 17.90%, GPU Power: 30.86 W
Epoch 69/200, Loss: 0.4426, Time: 46.55s, CPU Mem: 4613.30 MB, GPU Mem: 2111.75 MB, CPU Usage: 18.00%, GPU Power: 30.26 W
Epoch 70/200, Loss: 0.4440, Time: 47.06s, CPU Mem: 4613.05 MB, GPU Mem: 2111.75 MB, CPU Usage: 17.90%, GPU Power: 32.73 W
Epoch 71/200, Loss: 0.4361, Time: 46.93s, CPU Mem: 4613.30 MB, GPU Mem: 2111.75 MB, CPU Usage: 17.90%, GPU Power: 35.98 W
Epoch 72/200, Loss: 0.4402, Time: 47.29s, CPU Mem: 4613.07 MB, GPU Mem: 2111.75 MB, CPU Usage: 17.80%, GPU Power: 28.57 W
Epoch 73/200, Loss: 0.4418, Time: 47.03s, CPU Mem: 4613.30 MB, GPU Mem: 2111.75 MB, CPU Usage: 17.70%, GPU Power: 29.57 W
Epoch 74/200, Loss: 0.4350, Time: 46.97s, CPU Mem: 4613.05 MB, GPU Mem: 2111.75 MB, CPU Usage: 18.00%, GPU Power: 29.57 W
Epoch 75/200, Loss: 0.4386, Time: 46.52s, CPU Mem: 4613.30 MB, GPU Mem: 2111.75 MB, CPU Usage: 17.90%, GPU Power: 29.57 W
Epoch 76/200, Loss: 0.4344, Time: 46.96s, CPU Mem: 4613.30 MB, GPU Mem: 2111.75 MB, CPU Usage: 17.80%, GPU Power: 30.75 W
Epoch 77/200, Loss: 0.4359, Time: 47.28s, CPU Mem: 4613.05 MB, GPU Mem: 2111.75 MB, CPU Usage: 17.70%, GPU Power: 31.43 W
Epoch 78/200, Loss: 0.4359, Time: 46.92s, CPU Mem: 4613.30 MB, GPU Mem: 2111.75 MB, CPU Usage: 17.90%, GPU Power: 30.75 W
Epoch 79/200, Loss: 0.4292, Time: 47.43s, CPU Mem: 4613.30 MB, GPU Mem: 2111.75 MB, CPU Usage: 17.60%, GPU Power: 31.72 W
Epoch 80/200, Loss: 0.4376, Time: 47.36s, CPU Mem: 4613.30 MB, GPU Mem: 2111.75 MB, CPU Usage: 17.60%, GPU Power: 31.53 W
Epoch 81/200, Loss: 0.4268, Time: 47.80s, CPU Mem: 4613.05 MB, GPU Mem: 2111.75 MB, CPU Usage: 17.60%, GPU Power: 29.66 W
Epoch 82/200, Loss: 0.4295, Time: 47.43s, CPU Mem: 4613.30 MB, GPU Mem: 2111.75 MB, CPU Usage: 17.60%, GPU Power: 30.66 W
Epoch 83/200, Loss: 0.4298, Time: 46.93s, CPU Mem: 4613.30 MB, GPU Mem: 2111.75 MB, CPU Usage: 17.90%, GPU Power: 30.15 W
Epoch 84/200, Loss: 0.4291, Time: 46.37s, CPU Mem: 4613.30 MB, GPU Mem: 2111.75 MB, CPU Usage: 18.00%, GPU Power: 29.66 W
Epoch 85/200, Loss: 0.4272, Time: 47.34s, CPU Mem: 4613.05 MB, GPU Mem: 2111.75 MB, CPU Usage: 17.80%, GPU Power: 29.05 W
Epoch 86/200, Loss: 0.4255, Time: 47.42s, CPU Mem: 4613.30 MB, GPU Mem: 2111.75 MB, CPU Usage: 17.80%, GPU Power: 28.67 W
Epoch 87/200, Loss: 0.4288, Time: 47.25s, CPU Mem: 4613.30 MB, GPU Mem: 2111.75 MB, CPU Usage: 17.80%, GPU Power: 31.63 W
Epoch 88/200, Loss: 0.4239, Time: 47.94s, CPU Mem: 4613.30 MB, GPU Mem: 2111.75 MB, CPU Usage: 17.50%, GPU Power: 30.07 W
Epoch 89/200, Loss: 0.4210, Time: 47.49s, CPU Mem: 4613.05 MB, GPU Mem: 2111.75 MB, CPU Usage: 17.60%, GPU Power: 31.53 W
Epoch 90/200, Loss: 0.4297, Time: 47.01s, CPU Mem: 4613.30 MB, GPU Mem: 2111.75 MB, CPU Usage: 17.60%, GPU Power: 29.06 W
Epoch 91/200, Loss: 0.4214, Time: 47.51s, CPU Mem: 4613.30 MB, GPU Mem: 2111.75 MB, CPU Usage: 17.60%, GPU Power: 29.66 W
Epoch 92/200, Loss: 0.4225, Time: 47.22s, CPU Mem: 4613.30 MB, GPU Mem: 2111.75 MB, CPU Usage: 17.80%, GPU Power: 29.36 W
Epoch 93/200, Loss: 0.4230, Time: 47.08s, CPU Mem: 4613.05 MB, GPU Mem: 2111.75 MB, CPU Usage: 17.70%, GPU Power: 29.57 W
Epoch 94/200, Loss: 0.4191, Time: 47.01s, CPU Mem: 4613.30 MB, GPU Mem: 2111.75 MB, CPU Usage: 17.90%, GPU Power: 34.60 W
Epoch 95/200, Loss: 0.4235, Time: 47.54s, CPU Mem: 4613.05 MB, GPU Mem: 2111.75 MB, CPU Usage: 17.60%, GPU Power: 31.54 W
Epoch 96/200, Loss: 0.4147, Time: 47.86s, CPU Mem: 4613.30 MB, GPU Mem: 2111.75 MB, CPU Usage: 17.60%, GPU Power: 32.92 W
Epoch 97/200, Loss: 0.4208, Time: 47.09s, CPU Mem: 4613.05 MB, GPU Mem: 2111.75 MB, CPU Usage: 17.80%, GPU Power: 30.05 W
Epoch 98/200, Loss: 0.4149, Time: 46.89s, CPU Mem: 4613.30 MB, GPU Mem: 2111.75 MB, CPU Usage: 17.90%, GPU Power: 28.57 W
Epoch 99/200, Loss: 0.4174, Time: 47.85s, CPU Mem: 4613.05 MB, GPU Mem: 2111.75 MB, CPU Usage: 17.70%, GPU Power: 28.67 W
Epoch 100/200, Loss: 0.4166, Time: 47.00s, CPU Mem: 4613.30 MB, GPU Mem: 2111.75 MB, CPU Usage: 17.70%, GPU Power: 31.64 W
Epoch 101/200, Loss: 0.4198, Time: 47.35s, CPU Mem: 4613.30 MB, GPU Mem: 2111.75 MB, CPU Usage: 17.80%, GPU Power: 33.32 W
Epoch 102/200, Loss: 0.4114, Time: 48.07s, CPU Mem: 4613.05 MB, GPU Mem: 2111.75 MB, CPU Usage: 17.50%, GPU Power: 31.92 W
Epoch 103/200, Loss: 0.4143, Time: 46.97s, CPU Mem: 4613.30 MB, GPU Mem: 2111.75 MB, CPU Usage: 17.80%, GPU Power: 29.17 W
Epoch 104/200, Loss: 0.4116, Time: 46.82s, CPU Mem: 4613.30 MB, GPU Mem: 2111.75 MB, CPU Usage: 17.70%, GPU Power: 28.67 W
Epoch 105/200, Loss: 0.4131, Time: 47.32s, CPU Mem: 4613.30 MB, GPU Mem: 2111.75 MB, CPU Usage: 17.70%, GPU Power: 34.58 W
Epoch 106/200, Loss: 0.4187, Time: 47.17s, CPU Mem: 4613.05 MB, GPU Mem: 2111.75 MB, CPU Usage: 17.80%, GPU Power: 29.27 W
Epoch 107/200, Loss: 0.4052, Time: 46.88s, CPU Mem: 4613.32 MB, GPU Mem: 2111.75 MB, CPU Usage: 17.80%, GPU Power: 29.46 W
Epoch 108/200, Loss: 0.4171, Time: 47.52s, CPU Mem: 4613.30 MB, GPU Mem: 2111.75 MB, CPU Usage: 17.60%, GPU Power: 28.86 W
Epoch 109/200, Loss: 0.4110, Time: 47.45s, CPU Mem: 4613.30 MB, GPU Mem: 2111.75 MB, CPU Usage: 17.70%, GPU Power: 28.97 W
Epoch 110/200, Loss: 0.4123, Time: 46.59s, CPU Mem: 4613.30 MB, GPU Mem: 2111.75 MB, CPU Usage: 17.90%, GPU Power: 32.12 W
Epoch 111/200, Loss: 0.4079, Time: 46.89s, CPU Mem: 4613.30 MB, GPU Mem: 2111.75 MB, CPU Usage: 17.80%, GPU Power: 30.85 W
Epoch 112/200, Loss: 0.4096, Time: 47.59s, CPU Mem: 4613.30 MB, GPU Mem: 2111.75 MB, CPU Usage: 17.70%, GPU Power: 28.56 W
Epoch 113/200, Loss: 0.4112, Time: 47.00s, CPU Mem: 4613.30 MB, GPU Mem: 2111.75 MB, CPU Usage: 17.80%, GPU Power: 32.92 W
Epoch 114/200, Loss: 0.4055, Time: 47.43s, CPU Mem: 4613.30 MB, GPU Mem: 2111.75 MB, CPU Usage: 17.70%, GPU Power: 35.29 W
Epoch 115/200, Loss: 0.4100, Time: 47.84s, CPU Mem: 4613.30 MB, GPU Mem: 2111.75 MB, CPU Usage: 17.60%, GPU Power: 28.86 W
Epoch 116/200, Loss: 0.4096, Time: 47.32s, CPU Mem: 4613.30 MB, GPU Mem: 2111.75 MB, CPU Usage: 17.80%, GPU Power: 28.67 W
Epoch 117/200, Loss: 0.4066, Time: 46.94s, CPU Mem: 4613.30 MB, GPU Mem: 2111.75 MB, CPU Usage: 17.90%, GPU Power: 28.57 W
Epoch 118/200, Loss: 0.4050, Time: 47.46s, CPU Mem: 4613.30 MB, GPU Mem: 2111.75 MB, CPU Usage: 17.80%, GPU Power: 28.75 W
Epoch 119/200, Loss: 0.4064, Time: 47.57s, CPU Mem: 4613.30 MB, GPU Mem: 2111.75 MB, CPU Usage: 17.70%, GPU Power: 32.22 W
Epoch 120/200, Loss: 0.4050, Time: 46.75s, CPU Mem: 4613.30 MB, GPU Mem: 2111.75 MB, CPU Usage: 18.00%, GPU Power: 29.95 W
Epoch 121/200, Loss: 0.4062, Time: 47.99s, CPU Mem: 4613.30 MB, GPU Mem: 2111.75 MB, CPU Usage: 17.50%, GPU Power: 33.31 W
Epoch 122/200, Loss: 0.4028, Time: 47.06s, CPU Mem: 4613.30 MB, GPU Mem: 2111.75 MB, CPU Usage: 17.80%, GPU Power: 28.56 W
Epoch 123/200, Loss: 0.4055, Time: 47.19s, CPU Mem: 4613.30 MB, GPU Mem: 2111.75 MB, CPU Usage: 17.80%, GPU Power: 31.72 W
Epoch 124/200, Loss: 0.4064, Time: 47.65s, CPU Mem: 4613.30 MB, GPU Mem: 2111.75 MB, CPU Usage: 17.60%, GPU Power: 33.40 W
Epoch 125/200, Loss: 0.4020, Time: 47.19s, CPU Mem: 4613.30 MB, GPU Mem: 2111.75 MB, CPU Usage: 17.60%, GPU Power: 30.94 W
Epoch 126/200, Loss: 0.4001, Time: 47.56s, CPU Mem: 4613.30 MB, GPU Mem: 2111.75 MB, CPU Usage: 17.70%, GPU Power: 35.88 W
Epoch 127/200, Loss: 0.3979, Time: 46.68s, CPU Mem: 4613.30 MB, GPU Mem: 2111.75 MB, CPU Usage: 17.70%, GPU Power: 31.73 W
Epoch 128/200, Loss: 0.4091, Time: 46.77s, CPU Mem: 4613.30 MB, GPU Mem: 2111.75 MB, CPU Usage: 18.00%, GPU Power: 29.47 W
Epoch 129/200, Loss: 0.3966, Time: 47.47s, CPU Mem: 4613.30 MB, GPU Mem: 2111.75 MB, CPU Usage: 17.70%, GPU Power: 30.25 W
Epoch 130/200, Loss: 0.4029, Time: 47.06s, CPU Mem: 4613.30 MB, GPU Mem: 2111.75 MB, CPU Usage: 17.90%, GPU Power: 29.36 W
Epoch 131/200, Loss: 0.3985, Time: 46.96s, CPU Mem: 4613.30 MB, GPU Mem: 2111.75 MB, CPU Usage: 17.90%, GPU Power: 28.56 W
Epoch 132/200, Loss: 0.4009, Time: 47.28s, CPU Mem: 4613.30 MB, GPU Mem: 2111.75 MB, CPU Usage: 17.80%, GPU Power: 29.56 W
Epoch 133/200, Loss: 0.3964, Time: 47.55s, CPU Mem: 4613.30 MB, GPU Mem: 2111.75 MB, CPU Usage: 17.70%, GPU Power: 29.95 W
Epoch 134/200, Loss: 0.4011, Time: 47.24s, CPU Mem: 4613.30 MB, GPU Mem: 2111.75 MB, CPU Usage: 17.70%, GPU Power: 29.47 W
Epoch 135/200, Loss: 0.3988, Time: 47.36s, CPU Mem: 4613.30 MB, GPU Mem: 2111.75 MB, CPU Usage: 17.60%, GPU Power: 28.57 W
Epoch 136/200, Loss: 0.3996, Time: 46.89s, CPU Mem: 4613.30 MB, GPU Mem: 2111.75 MB, CPU Usage: 17.90%, GPU Power: 29.17 W
Epoch 137/200, Loss: 0.3933, Time: 47.38s, CPU Mem: 4613.30 MB, GPU Mem: 2111.75 MB, CPU Usage: 17.70%, GPU Power: 29.56 W
Epoch 138/200, Loss: 0.3989, Time: 47.91s, CPU Mem: 4613.31 MB, GPU Mem: 2111.75 MB, CPU Usage: 17.60%, GPU Power: 29.75 W
Epoch 139/200, Loss: 0.3975, Time: 47.29s, CPU Mem: 4613.30 MB, GPU Mem: 2111.75 MB, CPU Usage: 17.70%, GPU Power: 31.63 W
Epoch 140/200, Loss: 0.3983, Time: 46.93s, CPU Mem: 4613.30 MB, GPU Mem: 2111.75 MB, CPU Usage: 17.80%, GPU Power: 29.76 W
Epoch 141/200, Loss: 0.3936, Time: 47.01s, CPU Mem: 4613.30 MB, GPU Mem: 2111.75 MB, CPU Usage: 17.80%, GPU Power: 33.31 W
Epoch 142/200, Loss: 0.3978, Time: 47.20s, CPU Mem: 4613.30 MB, GPU Mem: 2111.75 MB, CPU Usage: 17.90%, GPU Power: 29.26 W
Epoch 143/200, Loss: 0.3929, Time: 46.99s, CPU Mem: 4613.30 MB, GPU Mem: 2111.75 MB, CPU Usage: 17.80%, GPU Power: 28.47 W
Epoch 144/200, Loss: 0.3991, Time: 47.21s, CPU Mem: 4613.30 MB, GPU Mem: 2111.75 MB, CPU Usage: 17.80%, GPU Power: 33.70 W
Epoch 145/200, Loss: 0.3918, Time: 47.44s, CPU Mem: 4613.30 MB, GPU Mem: 2111.75 MB, CPU Usage: 17.50%, GPU Power: 30.36 W
Epoch 146/200, Loss: 0.3947, Time: 47.20s, CPU Mem: 4613.30 MB, GPU Mem: 2111.75 MB, CPU Usage: 17.70%, GPU Power: 29.46 W
Epoch 147/200, Loss: 0.3912, Time: 47.10s, CPU Mem: 4613.30 MB, GPU Mem: 2111.75 MB, CPU Usage: 17.60%, GPU Power: 30.15 W
Epoch 148/200, Loss: 0.3944, Time: 46.39s, CPU Mem: 4613.30 MB, GPU Mem: 2111.75 MB, CPU Usage: 18.00%, GPU Power: 28.57 W
Epoch 149/200, Loss: 0.3926, Time: 47.33s, CPU Mem: 4613.30 MB, GPU Mem: 2111.75 MB, CPU Usage: 17.60%, GPU Power: 28.56 W
Epoch 150/200, Loss: 0.3951, Time: 47.13s, CPU Mem: 4613.30 MB, GPU Mem: 2111.75 MB, CPU Usage: 17.80%, GPU Power: 33.62 W
Epoch 151/200, Loss: 0.3918, Time: 47.47s, CPU Mem: 4613.30 MB, GPU Mem: 2111.75 MB, CPU Usage: 17.60%, GPU Power: 29.57 W
Epoch 152/200, Loss: 0.3916, Time: 46.84s, CPU Mem: 4613.30 MB, GPU Mem: 2111.75 MB, CPU Usage: 17.90%, GPU Power: 30.25 W
Epoch 153/200, Loss: 0.3932, Time: 47.61s, CPU Mem: 4613.30 MB, GPU Mem: 2111.75 MB, CPU Usage: 17.70%, GPU Power: 35.30 W
Epoch 154/200, Loss: 0.3929, Time: 46.90s, CPU Mem: 4613.30 MB, GPU Mem: 2111.75 MB, CPU Usage: 17.70%, GPU Power: 29.56 W
Epoch 155/200, Loss: 0.3878, Time: 47.14s, CPU Mem: 4613.30 MB, GPU Mem: 2111.75 MB, CPU Usage: 17.70%, GPU Power: 29.66 W
Epoch 156/200, Loss: 0.3928, Time: 46.62s, CPU Mem: 4613.30 MB, GPU Mem: 2111.75 MB, CPU Usage: 17.90%, GPU Power: 28.77 W
Epoch 157/200, Loss: 0.3881, Time: 46.63s, CPU Mem: 4613.30 MB, GPU Mem: 2111.75 MB, CPU Usage: 17.90%, GPU Power: 28.67 W
Epoch 158/200, Loss: 0.3947, Time: 46.67s, CPU Mem: 4613.30 MB, GPU Mem: 2111.75 MB, CPU Usage: 17.90%, GPU Power: 30.76 W
Epoch 159/200, Loss: 0.3918, Time: 47.50s, CPU Mem: 4613.30 MB, GPU Mem: 2111.75 MB, CPU Usage: 17.70%, GPU Power: 30.96 W
Epoch 160/200, Loss: 0.3867, Time: 46.85s, CPU Mem: 4613.30 MB, GPU Mem: 2111.75 MB, CPU Usage: 17.80%, GPU Power: 32.02 W
Epoch 161/200, Loss: 0.3838, Time: 47.27s, CPU Mem: 4613.30 MB, GPU Mem: 2111.75 MB, CPU Usage: 17.70%, GPU Power: 30.66 W
Epoch 162/200, Loss: 0.3948, Time: 46.83s, CPU Mem: 4613.30 MB, GPU Mem: 2111.75 MB, CPU Usage: 17.80%, GPU Power: 28.86 W
Epoch 163/200, Loss: 0.3887, Time: 47.18s, CPU Mem: 4613.30 MB, GPU Mem: 2111.75 MB, CPU Usage: 17.80%, GPU Power: 30.35 W
Epoch 164/200, Loss: 0.3858, Time: 47.39s, CPU Mem: 4613.30 MB, GPU Mem: 2111.75 MB, CPU Usage: 17.80%, GPU Power: 29.47 W
Epoch 165/200, Loss: 0.3894, Time: 46.16s, CPU Mem: 4613.30 MB, GPU Mem: 2111.75 MB, CPU Usage: 18.10%, GPU Power: 31.53 W
Epoch 166/200, Loss: 0.3873, Time: 47.11s, CPU Mem: 4613.30 MB, GPU Mem: 2111.75 MB, CPU Usage: 18.40%, GPU Power: 30.26 W
Epoch 167/200, Loss: 0.3885, Time: 47.59s, CPU Mem: 4613.30 MB, GPU Mem: 2111.75 MB, CPU Usage: 17.60%, GPU Power: 30.75 W
Epoch 168/200, Loss: 0.3866, Time: 46.88s, CPU Mem: 4613.30 MB, GPU Mem: 2111.75 MB, CPU Usage: 17.90%, GPU Power: 32.72 W
Epoch 169/200, Loss: 0.3858, Time: 47.36s, CPU Mem: 4613.30 MB, GPU Mem: 2111.75 MB, CPU Usage: 17.70%, GPU Power: 28.66 W
Epoch 170/200, Loss: 0.3842, Time: 46.95s, CPU Mem: 4613.30 MB, GPU Mem: 2111.75 MB, CPU Usage: 17.80%, GPU Power: 29.27 W
Epoch 171/200, Loss: 0.3893, Time: 48.38s, CPU Mem: 4613.30 MB, GPU Mem: 2111.75 MB, CPU Usage: 17.30%, GPU Power: 31.53 W
Epoch 172/200, Loss: 0.3821, Time: 47.63s, CPU Mem: 4613.30 MB, GPU Mem: 2111.75 MB, CPU Usage: 17.70%, GPU Power: 31.73 W
Epoch 173/200, Loss: 0.3885, Time: 46.30s, CPU Mem: 4613.30 MB, GPU Mem: 2111.75 MB, CPU Usage: 18.00%, GPU Power: 30.16 W
Epoch 174/200, Loss: 0.3826, Time: 46.68s, CPU Mem: 4613.30 MB, GPU Mem: 2111.75 MB, CPU Usage: 17.90%, GPU Power: 31.93 W
Epoch 175/200, Loss: 0.3827, Time: 46.97s, CPU Mem: 4613.30 MB, GPU Mem: 2111.75 MB, CPU Usage: 17.80%, GPU Power: 29.46 W
Epoch 176/200, Loss: 0.3904, Time: 47.29s, CPU Mem: 4613.30 MB, GPU Mem: 2111.75 MB, CPU Usage: 17.80%, GPU Power: 28.86 W
Epoch 177/200, Loss: 0.3793, Time: 47.16s, CPU Mem: 4613.30 MB, GPU Mem: 2111.75 MB, CPU Usage: 17.60%, GPU Power: 31.84 W
Epoch 178/200, Loss: 0.3836, Time: 47.28s, CPU Mem: 4613.30 MB, GPU Mem: 2111.75 MB, CPU Usage: 17.80%, GPU Power: 33.61 W
Epoch 179/200, Loss: 0.3848, Time: 46.53s, CPU Mem: 4613.30 MB, GPU Mem: 2111.75 MB, CPU Usage: 17.90%, GPU Power: 35.88 W
Epoch 180/200, Loss: 0.3856, Time: 47.11s, CPU Mem: 4613.30 MB, GPU Mem: 2111.75 MB, CPU Usage: 17.80%, GPU Power: 29.46 W
Epoch 181/200, Loss: 0.3791, Time: 47.39s, CPU Mem: 4613.30 MB, GPU Mem: 2111.75 MB, CPU Usage: 17.70%, GPU Power: 32.53 W
Epoch 182/200, Loss: 0.3861, Time: 46.80s, CPU Mem: 4613.30 MB, GPU Mem: 2111.75 MB, CPU Usage: 17.80%, GPU Power: 31.93 W
Epoch 183/200, Loss: 0.3804, Time: 47.64s, CPU Mem: 4613.30 MB, GPU Mem: 2111.75 MB, CPU Usage: 17.60%, GPU Power: 31.52 W
Epoch 184/200, Loss: 0.3864, Time: 46.68s, CPU Mem: 4613.30 MB, GPU Mem: 2111.75 MB, CPU Usage: 17.90%, GPU Power: 28.66 W
Epoch 185/200, Loss: 0.3803, Time: 47.00s, CPU Mem: 4613.30 MB, GPU Mem: 2111.75 MB, CPU Usage: 17.90%, GPU Power: 28.57 W
Epoch 186/200, Loss: 0.3785, Time: 46.59s, CPU Mem: 4613.30 MB, GPU Mem: 2111.75 MB, CPU Usage: 17.80%, GPU Power: 30.26 W
Epoch 187/200, Loss: 0.3871, Time: 47.39s, CPU Mem: 4613.30 MB, GPU Mem: 2111.75 MB, CPU Usage: 17.60%, GPU Power: 31.44 W
Epoch 188/200, Loss: 0.3755, Time: 46.65s, CPU Mem: 4613.30 MB, GPU Mem: 2111.75 MB, CPU Usage: 17.80%, GPU Power: 31.74 W
Epoch 189/200, Loss: 0.3837, Time: 46.73s, CPU Mem: 4613.30 MB, GPU Mem: 2111.75 MB, CPU Usage: 17.90%, GPU Power: 33.52 W
Epoch 190/200, Loss: 0.3807, Time: 47.40s, CPU Mem: 4613.30 MB, GPU Mem: 2111.75 MB, CPU Usage: 17.70%, GPU Power: 28.96 W
Epoch 191/200, Loss: 0.3772, Time: 46.82s, CPU Mem: 4613.30 MB, GPU Mem: 2111.75 MB, CPU Usage: 17.80%, GPU Power: 28.57 W
Epoch 192/200, Loss: 0.3765, Time: 47.00s, CPU Mem: 4613.30 MB, GPU Mem: 2111.75 MB, CPU Usage: 17.80%, GPU Power: 31.62 W
Epoch 193/200, Loss: 0.3846, Time: 47.71s, CPU Mem: 4613.30 MB, GPU Mem: 2111.75 MB, CPU Usage: 17.60%, GPU Power: 29.95 W
Epoch 194/200, Loss: 0.3790, Time: 46.49s, CPU Mem: 4613.30 MB, GPU Mem: 2111.75 MB, CPU Usage: 17.80%, GPU Power: 32.62 W
Epoch 195/200, Loss: 0.3738, Time: 46.63s, CPU Mem: 4613.30 MB, GPU Mem: 2111.75 MB, CPU Usage: 18.00%, GPU Power: 30.35 W
Epoch 196/200, Loss: 0.3837, Time: 46.67s, CPU Mem: 4613.30 MB, GPU Mem: 2111.75 MB, CPU Usage: 17.90%, GPU Power: 28.57 W
Epoch 197/200, Loss: 0.3820, Time: 47.09s, CPU Mem: 4613.30 MB, GPU Mem: 2111.75 MB, CPU Usage: 17.80%, GPU Power: 30.75 W
Epoch 198/200, Loss: 0.3753, Time: 47.54s, CPU Mem: 4613.30 MB, GPU Mem: 2111.75 MB, CPU Usage: 17.40%, GPU Power: 29.66 W
Epoch 199/200, Loss: 0.3803, Time: 47.10s, CPU Mem: 4613.30 MB, GPU Mem: 2111.75 MB, CPU Usage: 17.60%, GPU Power: 29.95 W
Epoch 200/200, Loss: 0.3811, Time: 46.78s, CPU Mem: 4613.30 MB, GPU Mem: 2111.75 MB, CPU Usage: 17.90%, GPU Power: 29.55 W
Starting Testing...
Test Accuracy: 86.39%
Job 1 complete
