Starting job 4...
Files already downloaded and verified
Files already downloaded and verified
Starting Training...
Dataset: CIFAR-10 | Algo: FF | Kernel: 5 | Pad: 2 | Opacity 0.3 | MaxPooling: TRUE
Channels: 3 → 64 → 128 → 256 → 512  Spatial Dimensions: 32 x 32 → 16 x 16 → 8 x 8 → 4 x 4 → 1 x 1
Epoch 1/100, Loss: 1.5067, Time: 48.22s, CPU Mem: 4597.67 MB, GPU Mem: 2111.75 MB, CPU Usage: 16.40%, GPU Power: 30.86 W
Epoch 2/100, Loss: 1.1701, Time: 46.11s, CPU Mem: 4599.34 MB, GPU Mem: 2111.75 MB, CPU Usage: 17.80%, GPU Power: 29.56 W
Epoch 3/100, Loss: 1.0691, Time: 45.85s, CPU Mem: 4599.60 MB, GPU Mem: 2111.75 MB, CPU Usage: 18.00%, GPU Power: 29.95 W
Epoch 4/100, Loss: 1.0037, Time: 45.96s, CPU Mem: 4599.72 MB, GPU Mem: 2111.75 MB, CPU Usage: 17.90%, GPU Power: 31.93 W
Epoch 5/100, Loss: 0.9510, Time: 46.53s, CPU Mem: 4599.49 MB, GPU Mem: 2111.75 MB, CPU Usage: 17.60%, GPU Power: 30.85 W
Epoch 6/100, Loss: 0.9119, Time: 46.18s, CPU Mem: 4599.64 MB, GPU Mem: 2111.75 MB, CPU Usage: 17.70%, GPU Power: 30.05 W
Epoch 7/100, Loss: 0.8719, Time: 45.70s, CPU Mem: 4599.81 MB, GPU Mem: 2111.75 MB, CPU Usage: 18.00%, GPU Power: 28.86 W
Epoch 8/100, Loss: 0.8379, Time: 45.90s, CPU Mem: 4600.06 MB, GPU Mem: 2111.75 MB, CPU Usage: 17.90%, GPU Power: 28.47 W
Epoch 9/100, Loss: 0.8054, Time: 46.13s, CPU Mem: 4599.58 MB, GPU Mem: 2111.75 MB, CPU Usage: 17.80%, GPU Power: 28.57 W
Epoch 10/100, Loss: 0.7749, Time: 45.89s, CPU Mem: 4599.70 MB, GPU Mem: 2111.75 MB, CPU Usage: 17.90%, GPU Power: 31.74 W
Epoch 11/100, Loss: 0.7497, Time: 46.34s, CPU Mem: 4600.06 MB, GPU Mem: 2111.75 MB, CPU Usage: 17.70%, GPU Power: 31.43 W
Epoch 12/100, Loss: 0.7260, Time: 46.98s, CPU Mem: 4599.81 MB, GPU Mem: 2111.75 MB, CPU Usage: 17.50%, GPU Power: 29.85 W
Epoch 13/100, Loss: 0.7062, Time: 46.43s, CPU Mem: 4599.31 MB, GPU Mem: 2111.75 MB, CPU Usage: 17.70%, GPU Power: 29.75 W
Epoch 14/100, Loss: 0.6902, Time: 45.76s, CPU Mem: 4599.98 MB, GPU Mem: 2111.75 MB, CPU Usage: 18.00%, GPU Power: 34.60 W
Epoch 15/100, Loss: 0.6733, Time: 45.49s, CPU Mem: 4600.20 MB, GPU Mem: 2111.75 MB, CPU Usage: 17.70%, GPU Power: 32.13 W
Epoch 16/100, Loss: 0.6596, Time: 46.02s, CPU Mem: 4600.20 MB, GPU Mem: 2111.75 MB, CPU Usage: 18.00%, GPU Power: 31.44 W
Epoch 17/100, Loss: 0.6478, Time: 46.59s, CPU Mem: 4599.95 MB, GPU Mem: 2111.75 MB, CPU Usage: 17.70%, GPU Power: 28.77 W
Epoch 18/100, Loss: 0.6366, Time: 45.50s, CPU Mem: 4600.09 MB, GPU Mem: 2111.75 MB, CPU Usage: 18.00%, GPU Power: 31.72 W
Epoch 19/100, Loss: 0.6259, Time: 45.88s, CPU Mem: 4600.45 MB, GPU Mem: 2111.75 MB, CPU Usage: 18.00%, GPU Power: 28.67 W
Epoch 20/100, Loss: 0.6167, Time: 45.82s, CPU Mem: 4600.45 MB, GPU Mem: 2111.75 MB, CPU Usage: 18.00%, GPU Power: 36.17 W
Epoch 21/100, Loss: 0.6075, Time: 45.77s, CPU Mem: 4599.95 MB, GPU Mem: 2111.75 MB, CPU Usage: 18.00%, GPU Power: 34.99 W
Epoch 22/100, Loss: 0.5997, Time: 45.45s, CPU Mem: 4600.09 MB, GPU Mem: 2111.75 MB, CPU Usage: 18.10%, GPU Power: 30.95 W
Epoch 23/100, Loss: 0.5902, Time: 45.78s, CPU Mem: 4600.20 MB, GPU Mem: 2111.75 MB, CPU Usage: 17.90%, GPU Power: 29.86 W
Epoch 24/100, Loss: 0.5818, Time: 46.22s, CPU Mem: 4600.45 MB, GPU Mem: 2111.75 MB, CPU Usage: 17.80%, GPU Power: 32.73 W
Epoch 25/100, Loss: 0.5760, Time: 46.94s, CPU Mem: 4600.45 MB, GPU Mem: 2111.75 MB, CPU Usage: 17.60%, GPU Power: 32.01 W
Epoch 26/100, Loss: 0.5680, Time: 46.55s, CPU Mem: 4599.95 MB, GPU Mem: 2111.75 MB, CPU Usage: 17.70%, GPU Power: 34.40 W
Epoch 27/100, Loss: 0.5595, Time: 46.25s, CPU Mem: 4600.09 MB, GPU Mem: 2111.75 MB, CPU Usage: 17.60%, GPU Power: 28.57 W
Epoch 28/100, Loss: 0.5554, Time: 46.64s, CPU Mem: 4600.20 MB, GPU Mem: 2111.75 MB, CPU Usage: 17.60%, GPU Power: 28.67 W
Epoch 29/100, Loss: 0.5485, Time: 46.71s, CPU Mem: 4600.45 MB, GPU Mem: 2111.75 MB, CPU Usage: 17.70%, GPU Power: 33.70 W
Epoch 30/100, Loss: 0.5433, Time: 46.06s, CPU Mem: 4599.70 MB, GPU Mem: 2111.75 MB, CPU Usage: 17.90%, GPU Power: 28.77 W
Epoch 31/100, Loss: 0.5362, Time: 46.13s, CPU Mem: 4600.09 MB, GPU Mem: 2111.75 MB, CPU Usage: 17.70%, GPU Power: 29.86 W
Epoch 32/100, Loss: 0.5343, Time: 46.07s, CPU Mem: 4600.20 MB, GPU Mem: 2111.75 MB, CPU Usage: 17.90%, GPU Power: 32.73 W
Epoch 33/100, Loss: 0.5265, Time: 45.67s, CPU Mem: 4600.45 MB, GPU Mem: 2111.75 MB, CPU Usage: 18.00%, GPU Power: 30.85 W
Epoch 34/100, Loss: 0.5243, Time: 46.45s, CPU Mem: 4600.45 MB, GPU Mem: 2111.75 MB, CPU Usage: 17.70%, GPU Power: 31.24 W
Epoch 35/100, Loss: 0.5159, Time: 45.51s, CPU Mem: 4599.95 MB, GPU Mem: 2111.75 MB, CPU Usage: 18.10%, GPU Power: 30.05 W
Epoch 36/100, Loss: 0.5134, Time: 46.35s, CPU Mem: 4600.10 MB, GPU Mem: 2111.75 MB, CPU Usage: 17.80%, GPU Power: 32.13 W
Epoch 37/100, Loss: 0.5092, Time: 45.49s, CPU Mem: 4600.46 MB, GPU Mem: 2111.75 MB, CPU Usage: 18.00%, GPU Power: 29.17 W
Epoch 38/100, Loss: 0.5050, Time: 46.09s, CPU Mem: 4600.45 MB, GPU Mem: 2111.75 MB, CPU Usage: 17.90%, GPU Power: 29.47 W
Epoch 39/100, Loss: 0.5030, Time: 45.90s, CPU Mem: 4599.95 MB, GPU Mem: 2111.75 MB, CPU Usage: 18.00%, GPU Power: 30.95 W
Epoch 40/100, Loss: 0.4995, Time: 45.99s, CPU Mem: 4600.09 MB, GPU Mem: 2111.75 MB, CPU Usage: 17.70%, GPU Power: 28.57 W
Epoch 41/100, Loss: 0.4941, Time: 46.14s, CPU Mem: 4600.45 MB, GPU Mem: 2111.75 MB, CPU Usage: 17.80%, GPU Power: 28.87 W
Epoch 42/100, Loss: 0.4927, Time: 46.39s, CPU Mem: 4600.45 MB, GPU Mem: 2111.75 MB, CPU Usage: 17.90%, GPU Power: 34.51 W
Epoch 43/100, Loss: 0.4919, Time: 46.26s, CPU Mem: 4599.95 MB, GPU Mem: 2111.75 MB, CPU Usage: 17.80%, GPU Power: 29.76 W
Epoch 44/100, Loss: 0.4924, Time: 46.21s, CPU Mem: 4600.10 MB, GPU Mem: 2111.75 MB, CPU Usage: 17.80%, GPU Power: 31.95 W
Epoch 45/100, Loss: 0.4813, Time: 46.46s, CPU Mem: 4600.45 MB, GPU Mem: 2111.75 MB, CPU Usage: 17.80%, GPU Power: 31.63 W
Epoch 46/100, Loss: 0.4830, Time: 46.40s, CPU Mem: 4600.20 MB, GPU Mem: 2111.75 MB, CPU Usage: 17.90%, GPU Power: 28.96 W
Epoch 47/100, Loss: 0.4796, Time: 45.98s, CPU Mem: 4599.70 MB, GPU Mem: 2111.75 MB, CPU Usage: 17.80%, GPU Power: 35.49 W
Epoch 48/100, Loss: 0.4798, Time: 46.43s, CPU Mem: 4600.10 MB, GPU Mem: 2111.75 MB, CPU Usage: 17.80%, GPU Power: 32.23 W
Epoch 49/100, Loss: 0.4771, Time: 46.45s, CPU Mem: 4600.45 MB, GPU Mem: 2111.75 MB, CPU Usage: 17.90%, GPU Power: 30.47 W
Epoch 50/100, Loss: 0.4760, Time: 46.47s, CPU Mem: 4600.45 MB, GPU Mem: 2111.75 MB, CPU Usage: 17.70%, GPU Power: 28.57 W
Epoch 51/100, Loss: 0.4723, Time: 46.31s, CPU Mem: 4600.45 MB, GPU Mem: 2111.75 MB, CPU Usage: 17.80%, GPU Power: 34.01 W
Epoch 52/100, Loss: 0.4716, Time: 46.38s, CPU Mem: 4599.95 MB, GPU Mem: 2111.75 MB, CPU Usage: 17.80%, GPU Power: 33.21 W
Epoch 53/100, Loss: 0.4738, Time: 46.64s, CPU Mem: 4600.10 MB, GPU Mem: 2111.75 MB, CPU Usage: 17.80%, GPU Power: 31.93 W
Epoch 54/100, Loss: 0.4636, Time: 46.49s, CPU Mem: 4600.20 MB, GPU Mem: 2111.75 MB, CPU Usage: 17.50%, GPU Power: 29.37 W
Epoch 55/100, Loss: 0.4691, Time: 46.03s, CPU Mem: 4600.45 MB, GPU Mem: 2111.75 MB, CPU Usage: 17.80%, GPU Power: 29.86 W
Epoch 56/100, Loss: 0.4638, Time: 46.59s, CPU Mem: 4599.70 MB, GPU Mem: 2111.75 MB, CPU Usage: 17.70%, GPU Power: 31.84 W
Epoch 57/100, Loss: 0.4602, Time: 46.85s, CPU Mem: 4600.10 MB, GPU Mem: 2111.75 MB, CPU Usage: 17.30%, GPU Power: 31.53 W
Epoch 58/100, Loss: 0.4594, Time: 46.20s, CPU Mem: 4600.45 MB, GPU Mem: 2111.75 MB, CPU Usage: 17.70%, GPU Power: 29.07 W
Epoch 59/100, Loss: 0.4667, Time: 45.51s, CPU Mem: 4600.45 MB, GPU Mem: 2111.75 MB, CPU Usage: 18.00%, GPU Power: 28.67 W
Epoch 60/100, Loss: 0.4571, Time: 46.59s, CPU Mem: 4599.95 MB, GPU Mem: 2111.75 MB, CPU Usage: 17.80%, GPU Power: 31.73 W
Epoch 61/100, Loss: 0.4576, Time: 45.89s, CPU Mem: 4600.10 MB, GPU Mem: 2111.75 MB, CPU Usage: 18.00%, GPU Power: 30.26 W
Epoch 62/100, Loss: 0.4583, Time: 46.03s, CPU Mem: 4600.20 MB, GPU Mem: 2111.75 MB, CPU Usage: 17.90%, GPU Power: 29.66 W
Epoch 63/100, Loss: 0.4530, Time: 46.35s, CPU Mem: 4600.45 MB, GPU Mem: 2111.75 MB, CPU Usage: 17.80%, GPU Power: 30.45 W
Epoch 64/100, Loss: 0.4537, Time: 46.43s, CPU Mem: 4599.95 MB, GPU Mem: 2111.75 MB, CPU Usage: 17.70%, GPU Power: 29.47 W
Epoch 65/100, Loss: 0.4526, Time: 46.25s, CPU Mem: 4600.45 MB, GPU Mem: 2111.75 MB, CPU Usage: 17.80%, GPU Power: 29.86 W
Epoch 66/100, Loss: 0.4522, Time: 45.91s, CPU Mem: 4600.21 MB, GPU Mem: 2111.75 MB, CPU Usage: 18.00%, GPU Power: 33.03 W
Epoch 67/100, Loss: 0.4505, Time: 45.78s, CPU Mem: 4600.46 MB, GPU Mem: 2111.75 MB, CPU Usage: 18.00%, GPU Power: 29.66 W
Epoch 68/100, Loss: 0.4487, Time: 45.86s, CPU Mem: 4600.21 MB, GPU Mem: 2111.75 MB, CPU Usage: 18.00%, GPU Power: 31.94 W
Epoch 69/100, Loss: 0.4492, Time: 46.18s, CPU Mem: 4600.46 MB, GPU Mem: 2111.75 MB, CPU Usage: 17.90%, GPU Power: 28.77 W
Epoch 70/100, Loss: 0.4457, Time: 45.70s, CPU Mem: 4600.21 MB, GPU Mem: 2111.75 MB, CPU Usage: 18.00%, GPU Power: 34.51 W
Epoch 71/100, Loss: 0.4464, Time: 46.40s, CPU Mem: 4600.46 MB, GPU Mem: 2111.75 MB, CPU Usage: 17.80%, GPU Power: 29.76 W
Epoch 72/100, Loss: 0.4444, Time: 46.07s, CPU Mem: 4600.46 MB, GPU Mem: 2111.75 MB, CPU Usage: 17.80%, GPU Power: 28.57 W
Epoch 73/100, Loss: 0.4429, Time: 46.61s, CPU Mem: 4600.21 MB, GPU Mem: 2111.75 MB, CPU Usage: 17.80%, GPU Power: 30.85 W
Epoch 74/100, Loss: 0.4453, Time: 46.12s, CPU Mem: 4600.46 MB, GPU Mem: 2111.75 MB, CPU Usage: 17.60%, GPU Power: 33.12 W
Epoch 75/100, Loss: 0.4390, Time: 46.09s, CPU Mem: 4600.21 MB, GPU Mem: 2111.75 MB, CPU Usage: 17.90%, GPU Power: 31.93 W
Epoch 76/100, Loss: 0.4409, Time: 46.15s, CPU Mem: 4600.46 MB, GPU Mem: 2111.75 MB, CPU Usage: 17.80%, GPU Power: 29.47 W
Epoch 77/100, Loss: 0.4372, Time: 45.93s, CPU Mem: 4600.21 MB, GPU Mem: 2111.75 MB, CPU Usage: 17.90%, GPU Power: 31.72 W
Epoch 78/100, Loss: 0.4405, Time: 46.43s, CPU Mem: 4600.46 MB, GPU Mem: 2111.75 MB, CPU Usage: 17.70%, GPU Power: 34.20 W
Epoch 79/100, Loss: 0.4370, Time: 45.86s, CPU Mem: 4600.46 MB, GPU Mem: 2111.75 MB, CPU Usage: 17.80%, GPU Power: 29.86 W
Epoch 80/100, Loss: 0.4385, Time: 45.76s, CPU Mem: 4600.46 MB, GPU Mem: 2111.75 MB, CPU Usage: 18.00%, GPU Power: 29.27 W
Epoch 81/100, Loss: 0.4344, Time: 46.50s, CPU Mem: 4600.21 MB, GPU Mem: 2111.75 MB, CPU Usage: 17.70%, GPU Power: 29.57 W
Epoch 82/100, Loss: 0.4377, Time: 45.84s, CPU Mem: 4600.46 MB, GPU Mem: 2111.75 MB, CPU Usage: 18.00%, GPU Power: 28.57 W
Epoch 83/100, Loss: 0.4301, Time: 46.17s, CPU Mem: 4600.21 MB, GPU Mem: 2111.75 MB, CPU Usage: 17.90%, GPU Power: 29.46 W
Epoch 84/100, Loss: 0.4371, Time: 46.41s, CPU Mem: 4600.46 MB, GPU Mem: 2111.75 MB, CPU Usage: 17.70%, GPU Power: 28.67 W
Epoch 85/100, Loss: 0.4278, Time: 46.35s, CPU Mem: 4600.46 MB, GPU Mem: 2111.75 MB, CPU Usage: 17.70%, GPU Power: 29.66 W
Epoch 86/100, Loss: 0.4314, Time: 45.60s, CPU Mem: 4600.21 MB, GPU Mem: 2111.75 MB, CPU Usage: 18.00%, GPU Power: 28.57 W
Epoch 87/100, Loss: 0.4307, Time: 46.45s, CPU Mem: 4600.46 MB, GPU Mem: 2111.75 MB, CPU Usage: 17.80%, GPU Power: 28.77 W
Epoch 88/100, Loss: 0.4298, Time: 46.09s, CPU Mem: 4600.46 MB, GPU Mem: 2111.75 MB, CPU Usage: 17.90%, GPU Power: 31.84 W
Epoch 89/100, Loss: 0.4294, Time: 46.07s, CPU Mem: 4600.46 MB, GPU Mem: 2111.75 MB, CPU Usage: 17.80%, GPU Power: 29.57 W
Epoch 90/100, Loss: 0.4278, Time: 46.32s, CPU Mem: 4600.21 MB, GPU Mem: 2111.75 MB, CPU Usage: 17.70%, GPU Power: 31.53 W
Epoch 91/100, Loss: 0.4244, Time: 45.93s, CPU Mem: 4600.46 MB, GPU Mem: 2111.75 MB, CPU Usage: 17.80%, GPU Power: 31.35 W
Epoch 92/100, Loss: 0.4260, Time: 46.50s, CPU Mem: 4600.21 MB, GPU Mem: 2111.75 MB, CPU Usage: 17.70%, GPU Power: 28.57 W
Epoch 93/100, Loss: 0.4295, Time: 46.07s, CPU Mem: 4600.46 MB, GPU Mem: 2111.75 MB, CPU Usage: 17.80%, GPU Power: 29.37 W
Epoch 94/100, Loss: 0.4183, Time: 46.35s, CPU Mem: 4600.21 MB, GPU Mem: 2111.75 MB, CPU Usage: 17.80%, GPU Power: 31.63 W
Epoch 95/100, Loss: 0.4303, Time: 46.11s, CPU Mem: 4600.46 MB, GPU Mem: 2111.75 MB, CPU Usage: 17.80%, GPU Power: 30.05 W
Epoch 96/100, Loss: 0.4230, Time: 46.11s, CPU Mem: 4600.46 MB, GPU Mem: 2111.75 MB, CPU Usage: 17.70%, GPU Power: 28.57 W
Epoch 97/100, Loss: 0.4228, Time: 46.96s, CPU Mem: 4600.46 MB, GPU Mem: 2111.75 MB, CPU Usage: 17.60%, GPU Power: 35.48 W
Epoch 98/100, Loss: 0.4202, Time: 46.32s, CPU Mem: 4600.21 MB, GPU Mem: 2111.75 MB, CPU Usage: 17.80%, GPU Power: 29.66 W
Epoch 99/100, Loss: 0.4219, Time: 46.01s, CPU Mem: 4600.46 MB, GPU Mem: 2111.75 MB, CPU Usage: 17.80%, GPU Power: 29.66 W
Epoch 100/100, Loss: 0.4242, Time: 45.95s, CPU Mem: 4600.46 MB, GPU Mem: 2111.75 MB, CPU Usage: 18.00%, GPU Power: 30.36 W
Starting Testing...
Test Accuracy: 86.14%
Job 4 complete
