Starting job 6...
Files already downloaded and verified
Files already downloaded and verified
Starting Training...
Dataset: CIFAR-10 | Algo: FF | Kernel: 3 | Pad: 1 | Opacity 0.3 | MaxPooling: TRUE
Channels: 3 → 64 → 128 → 256 → 512  Spatial Dimensions: 32 x 32 → 16 x 16 → 8 x 8 → 4 x 4 → 1 x 1
Epoch 1/100, Loss: 1.5275, Time: 48.36s, CPU Mem: 4613.58 MB, GPU Mem: 2111.75 MB, CPU Usage: 16.50%, GPU Power: 32.94 W
Epoch 2/100, Loss: 1.1830, Time: 46.72s, CPU Mem: 4615.32 MB, GPU Mem: 2111.75 MB, CPU Usage: 17.80%, GPU Power: 29.37 W
Epoch 3/100, Loss: 1.0688, Time: 46.52s, CPU Mem: 4615.58 MB, GPU Mem: 2111.75 MB, CPU Usage: 17.70%, GPU Power: 28.77 W
Epoch 4/100, Loss: 0.9966, Time: 46.62s, CPU Mem: 4615.95 MB, GPU Mem: 2111.75 MB, CPU Usage: 17.70%, GPU Power: 29.66 W
Epoch 5/100, Loss: 0.9494, Time: 46.44s, CPU Mem: 4615.46 MB, GPU Mem: 2111.75 MB, CPU Usage: 17.90%, GPU Power: 29.66 W
Epoch 6/100, Loss: 0.9058, Time: 47.10s, CPU Mem: 4615.61 MB, GPU Mem: 2111.75 MB, CPU Usage: 17.70%, GPU Power: 31.44 W
Epoch 7/100, Loss: 0.8706, Time: 45.76s, CPU Mem: 4615.73 MB, GPU Mem: 2111.75 MB, CPU Usage: 17.90%, GPU Power: 32.23 W
Epoch 8/100, Loss: 0.8378, Time: 46.34s, CPU Mem: 4615.98 MB, GPU Mem: 2111.75 MB, CPU Usage: 17.90%, GPU Power: 35.78 W
Epoch 9/100, Loss: 0.8084, Time: 46.46s, CPU Mem: 4615.23 MB, GPU Mem: 2111.75 MB, CPU Usage: 17.80%, GPU Power: 28.57 W
Epoch 10/100, Loss: 0.7833, Time: 46.39s, CPU Mem: 4615.63 MB, GPU Mem: 2111.75 MB, CPU Usage: 17.90%, GPU Power: 29.16 W
Epoch 11/100, Loss: 0.7555, Time: 46.50s, CPU Mem: 4615.73 MB, GPU Mem: 2111.75 MB, CPU Usage: 17.90%, GPU Power: 28.67 W
Epoch 12/100, Loss: 0.7331, Time: 45.98s, CPU Mem: 4615.98 MB, GPU Mem: 2111.75 MB, CPU Usage: 17.90%, GPU Power: 28.48 W
Epoch 13/100, Loss: 0.7130, Time: 46.38s, CPU Mem: 4615.23 MB, GPU Mem: 2111.75 MB, CPU Usage: 18.00%, GPU Power: 29.86 W
Epoch 14/100, Loss: 0.6951, Time: 46.67s, CPU Mem: 4615.63 MB, GPU Mem: 2111.75 MB, CPU Usage: 17.60%, GPU Power: 31.93 W
Epoch 15/100, Loss: 0.6815, Time: 46.55s, CPU Mem: 4615.73 MB, GPU Mem: 2111.75 MB, CPU Usage: 17.90%, GPU Power: 31.44 W
Epoch 16/100, Loss: 0.6671, Time: 46.91s, CPU Mem: 4615.73 MB, GPU Mem: 2111.75 MB, CPU Usage: 17.80%, GPU Power: 28.77 W
Epoch 17/100, Loss: 0.6544, Time: 46.80s, CPU Mem: 4615.98 MB, GPU Mem: 2111.75 MB, CPU Usage: 17.80%, GPU Power: 29.47 W
Epoch 18/100, Loss: 0.6418, Time: 46.88s, CPU Mem: 4615.51 MB, GPU Mem: 2111.75 MB, CPU Usage: 17.70%, GPU Power: 29.47 W
Epoch 19/100, Loss: 0.6346, Time: 46.90s, CPU Mem: 4615.63 MB, GPU Mem: 2111.75 MB, CPU Usage: 17.70%, GPU Power: 28.57 W
Epoch 20/100, Loss: 0.6198, Time: 46.81s, CPU Mem: 4615.73 MB, GPU Mem: 2111.75 MB, CPU Usage: 17.60%, GPU Power: 28.57 W
Epoch 21/100, Loss: 0.6148, Time: 47.13s, CPU Mem: 4615.98 MB, GPU Mem: 2111.75 MB, CPU Usage: 17.60%, GPU Power: 33.61 W
Epoch 22/100, Loss: 0.6036, Time: 47.26s, CPU Mem: 4615.23 MB, GPU Mem: 2111.75 MB, CPU Usage: 17.60%, GPU Power: 32.34 W
Epoch 23/100, Loss: 0.5946, Time: 46.76s, CPU Mem: 4615.62 MB, GPU Mem: 2111.75 MB, CPU Usage: 17.40%, GPU Power: 31.24 W
Epoch 24/100, Loss: 0.5870, Time: 46.40s, CPU Mem: 4615.98 MB, GPU Mem: 2111.75 MB, CPU Usage: 17.90%, GPU Power: 29.56 W
Epoch 25/100, Loss: 0.5794, Time: 46.23s, CPU Mem: 4615.98 MB, GPU Mem: 2111.75 MB, CPU Usage: 17.90%, GPU Power: 29.17 W
Epoch 26/100, Loss: 0.5716, Time: 46.14s, CPU Mem: 4615.48 MB, GPU Mem: 2111.75 MB, CPU Usage: 18.00%, GPU Power: 28.97 W
Epoch 27/100, Loss: 0.5663, Time: 46.65s, CPU Mem: 4615.63 MB, GPU Mem: 2111.75 MB, CPU Usage: 17.80%, GPU Power: 29.36 W
Epoch 28/100, Loss: 0.5591, Time: 46.17s, CPU Mem: 4615.73 MB, GPU Mem: 2111.75 MB, CPU Usage: 18.00%, GPU Power: 34.30 W
Epoch 29/100, Loss: 0.5511, Time: 46.97s, CPU Mem: 4615.98 MB, GPU Mem: 2111.75 MB, CPU Usage: 17.70%, GPU Power: 34.89 W
Epoch 30/100, Loss: 0.5459, Time: 46.17s, CPU Mem: 4615.23 MB, GPU Mem: 2111.75 MB, CPU Usage: 17.80%, GPU Power: 31.53 W
Epoch 31/100, Loss: 0.5410, Time: 46.38s, CPU Mem: 4615.62 MB, GPU Mem: 2111.75 MB, CPU Usage: 17.80%, GPU Power: 29.57 W
Epoch 32/100, Loss: 0.5364, Time: 46.45s, CPU Mem: 4615.73 MB, GPU Mem: 2111.75 MB, CPU Usage: 17.80%, GPU Power: 28.57 W
Epoch 33/100, Loss: 0.5295, Time: 46.75s, CPU Mem: 4615.98 MB, GPU Mem: 2111.75 MB, CPU Usage: 17.60%, GPU Power: 29.17 W
Epoch 34/100, Loss: 0.5235, Time: 46.92s, CPU Mem: 4616.02 MB, GPU Mem: 2111.75 MB, CPU Usage: 17.70%, GPU Power: 28.77 W
Epoch 35/100, Loss: 0.5209, Time: 47.29s, CPU Mem: 4615.48 MB, GPU Mem: 2111.75 MB, CPU Usage: 17.70%, GPU Power: 31.14 W
Epoch 36/100, Loss: 0.5144, Time: 47.36s, CPU Mem: 4615.64 MB, GPU Mem: 2111.75 MB, CPU Usage: 17.70%, GPU Power: 33.32 W
Epoch 37/100, Loss: 0.5128, Time: 47.36s, CPU Mem: 4615.98 MB, GPU Mem: 2111.75 MB, CPU Usage: 17.70%, GPU Power: 33.81 W
Epoch 38/100, Loss: 0.5107, Time: 47.48s, CPU Mem: 4615.73 MB, GPU Mem: 2111.75 MB, CPU Usage: 17.70%, GPU Power: 28.67 W
Epoch 39/100, Loss: 0.5061, Time: 47.02s, CPU Mem: 4615.23 MB, GPU Mem: 2111.75 MB, CPU Usage: 17.70%, GPU Power: 28.56 W
Epoch 40/100, Loss: 0.5004, Time: 47.17s, CPU Mem: 4615.63 MB, GPU Mem: 2111.75 MB, CPU Usage: 17.50%, GPU Power: 28.57 W
Epoch 41/100, Loss: 0.5001, Time: 46.62s, CPU Mem: 4615.98 MB, GPU Mem: 2111.75 MB, CPU Usage: 17.80%, GPU Power: 29.46 W
Epoch 42/100, Loss: 0.4926, Time: 46.23s, CPU Mem: 4615.73 MB, GPU Mem: 2111.75 MB, CPU Usage: 17.90%, GPU Power: 31.54 W
Epoch 43/100, Loss: 0.4920, Time: 46.84s, CPU Mem: 4615.48 MB, GPU Mem: 2111.75 MB, CPU Usage: 17.70%, GPU Power: 29.86 W
Epoch 44/100, Loss: 0.4922, Time: 46.92s, CPU Mem: 4615.98 MB, GPU Mem: 2111.75 MB, CPU Usage: 17.70%, GPU Power: 30.45 W
Epoch 45/100, Loss: 0.4869, Time: 47.18s, CPU Mem: 4615.73 MB, GPU Mem: 2111.75 MB, CPU Usage: 17.50%, GPU Power: 28.77 W
Epoch 46/100, Loss: 0.4822, Time: 47.40s, CPU Mem: 4615.99 MB, GPU Mem: 2111.75 MB, CPU Usage: 17.60%, GPU Power: 32.04 W
Epoch 47/100, Loss: 0.4879, Time: 47.80s, CPU Mem: 4615.50 MB, GPU Mem: 2111.75 MB, CPU Usage: 17.50%, GPU Power: 29.76 W
Epoch 48/100, Loss: 0.4754, Time: 47.20s, CPU Mem: 4615.99 MB, GPU Mem: 2111.75 MB, CPU Usage: 17.70%, GPU Power: 31.23 W
Epoch 49/100, Loss: 0.4780, Time: 47.38s, CPU Mem: 4615.99 MB, GPU Mem: 2111.75 MB, CPU Usage: 17.60%, GPU Power: 30.16 W
Epoch 50/100, Loss: 0.4768, Time: 47.28s, CPU Mem: 4615.74 MB, GPU Mem: 2111.75 MB, CPU Usage: 17.60%, GPU Power: 31.53 W
Epoch 51/100, Loss: 0.4733, Time: 47.13s, CPU Mem: 4615.49 MB, GPU Mem: 2111.75 MB, CPU Usage: 17.70%, GPU Power: 31.44 W
Epoch 52/100, Loss: 0.4734, Time: 47.09s, CPU Mem: 4615.99 MB, GPU Mem: 2111.75 MB, CPU Usage: 17.60%, GPU Power: 28.56 W
Epoch 53/100, Loss: 0.4697, Time: 47.15s, CPU Mem: 4615.99 MB, GPU Mem: 2111.75 MB, CPU Usage: 17.60%, GPU Power: 28.57 W
Epoch 54/100, Loss: 0.4699, Time: 46.93s, CPU Mem: 4615.99 MB, GPU Mem: 2111.75 MB, CPU Usage: 17.70%, GPU Power: 29.66 W
Epoch 55/100, Loss: 0.4672, Time: 47.14s, CPU Mem: 4615.74 MB, GPU Mem: 2111.75 MB, CPU Usage: 17.60%, GPU Power: 31.91 W
Epoch 56/100, Loss: 0.4597, Time: 46.73s, CPU Mem: 4615.99 MB, GPU Mem: 2111.75 MB, CPU Usage: 17.70%, GPU Power: 29.66 W
Epoch 57/100, Loss: 0.4683, Time: 47.12s, CPU Mem: 4615.99 MB, GPU Mem: 2111.75 MB, CPU Usage: 17.70%, GPU Power: 33.32 W
Epoch 58/100, Loss: 0.4595, Time: 47.72s, CPU Mem: 4615.99 MB, GPU Mem: 2111.75 MB, CPU Usage: 17.50%, GPU Power: 31.83 W
Epoch 59/100, Loss: 0.4614, Time: 47.22s, CPU Mem: 4615.74 MB, GPU Mem: 2111.75 MB, CPU Usage: 17.50%, GPU Power: 30.36 W
Epoch 60/100, Loss: 0.4582, Time: 47.16s, CPU Mem: 4615.99 MB, GPU Mem: 2111.75 MB, CPU Usage: 17.50%, GPU Power: 31.04 W
Epoch 61/100, Loss: 0.4578, Time: 46.71s, CPU Mem: 4615.74 MB, GPU Mem: 2111.75 MB, CPU Usage: 17.70%, GPU Power: 28.96 W
Epoch 62/100, Loss: 0.4512, Time: 46.63s, CPU Mem: 4615.99 MB, GPU Mem: 2111.75 MB, CPU Usage: 17.80%, GPU Power: 30.26 W
Epoch 63/100, Loss: 0.4548, Time: 47.41s, CPU Mem: 4615.49 MB, GPU Mem: 2111.75 MB, CPU Usage: 17.50%, GPU Power: 31.63 W
Epoch 64/100, Loss: 0.4540, Time: 47.03s, CPU Mem: 4615.99 MB, GPU Mem: 2111.75 MB, CPU Usage: 17.70%, GPU Power: 33.71 W
Epoch 65/100, Loss: 0.4558, Time: 47.36s, CPU Mem: 4615.99 MB, GPU Mem: 2111.75 MB, CPU Usage: 17.50%, GPU Power: 28.57 W
Epoch 66/100, Loss: 0.4484, Time: 47.20s, CPU Mem: 4616.00 MB, GPU Mem: 2111.75 MB, CPU Usage: 17.60%, GPU Power: 29.66 W
Epoch 67/100, Loss: 0.4499, Time: 47.96s, CPU Mem: 4615.75 MB, GPU Mem: 2111.75 MB, CPU Usage: 17.40%, GPU Power: 29.75 W
Epoch 68/100, Loss: 0.4511, Time: 46.88s, CPU Mem: 4616.02 MB, GPU Mem: 2111.75 MB, CPU Usage: 17.70%, GPU Power: 29.46 W
Epoch 69/100, Loss: 0.4442, Time: 47.17s, CPU Mem: 4615.75 MB, GPU Mem: 2111.75 MB, CPU Usage: 17.70%, GPU Power: 29.25 W
Epoch 70/100, Loss: 0.4441, Time: 47.42s, CPU Mem: 4616.00 MB, GPU Mem: 2111.75 MB, CPU Usage: 17.60%, GPU Power: 30.16 W
Epoch 71/100, Loss: 0.4481, Time: 47.13s, CPU Mem: 4615.75 MB, GPU Mem: 2111.75 MB, CPU Usage: 17.60%, GPU Power: 29.57 W
Epoch 72/100, Loss: 0.4433, Time: 47.58s, CPU Mem: 4615.75 MB, GPU Mem: 2111.75 MB, CPU Usage: 17.50%, GPU Power: 29.85 W
Epoch 73/100, Loss: 0.4408, Time: 46.37s, CPU Mem: 4616.00 MB, GPU Mem: 2111.75 MB, CPU Usage: 17.90%, GPU Power: 30.94 W
Epoch 74/100, Loss: 0.4423, Time: 46.65s, CPU Mem: 4616.00 MB, GPU Mem: 2111.75 MB, CPU Usage: 17.80%, GPU Power: 28.47 W
Epoch 75/100, Loss: 0.4429, Time: 47.63s, CPU Mem: 4616.00 MB, GPU Mem: 2111.75 MB, CPU Usage: 17.40%, GPU Power: 31.74 W
Epoch 76/100, Loss: 0.4399, Time: 47.48s, CPU Mem: 4616.00 MB, GPU Mem: 2111.75 MB, CPU Usage: 17.60%, GPU Power: 32.14 W
Epoch 77/100, Loss: 0.4392, Time: 47.41s, CPU Mem: 4616.00 MB, GPU Mem: 2111.75 MB, CPU Usage: 17.60%, GPU Power: 34.91 W
Epoch 78/100, Loss: 0.4313, Time: 47.11s, CPU Mem: 4616.00 MB, GPU Mem: 2111.75 MB, CPU Usage: 17.70%, GPU Power: 29.76 W
Epoch 79/100, Loss: 0.4412, Time: 46.85s, CPU Mem: 4616.00 MB, GPU Mem: 2111.75 MB, CPU Usage: 17.70%, GPU Power: 31.72 W
Epoch 80/100, Loss: 0.4351, Time: 47.67s, CPU Mem: 4616.00 MB, GPU Mem: 2111.75 MB, CPU Usage: 17.40%, GPU Power: 32.03 W
Epoch 81/100, Loss: 0.4363, Time: 47.42s, CPU Mem: 4616.00 MB, GPU Mem: 2111.75 MB, CPU Usage: 17.50%, GPU Power: 30.56 W
Epoch 82/100, Loss: 0.4342, Time: 47.08s, CPU Mem: 4616.00 MB, GPU Mem: 2111.75 MB, CPU Usage: 17.70%, GPU Power: 29.57 W
Epoch 83/100, Loss: 0.4313, Time: 46.97s, CPU Mem: 4616.00 MB, GPU Mem: 2111.75 MB, CPU Usage: 17.70%, GPU Power: 29.27 W
Epoch 84/100, Loss: 0.4314, Time: 47.11s, CPU Mem: 4616.00 MB, GPU Mem: 2111.75 MB, CPU Usage: 17.60%, GPU Power: 32.23 W
Epoch 85/100, Loss: 0.4268, Time: 47.10s, CPU Mem: 4616.00 MB, GPU Mem: 2111.75 MB, CPU Usage: 17.70%, GPU Power: 31.83 W
Epoch 86/100, Loss: 0.4339, Time: 47.66s, CPU Mem: 4615.75 MB, GPU Mem: 2111.75 MB, CPU Usage: 17.50%, GPU Power: 35.00 W
Epoch 87/100, Loss: 0.4267, Time: 47.42s, CPU Mem: 4616.04 MB, GPU Mem: 2111.75 MB, CPU Usage: 17.50%, GPU Power: 31.04 W
Epoch 88/100, Loss: 0.4306, Time: 46.91s, CPU Mem: 4615.75 MB, GPU Mem: 2111.75 MB, CPU Usage: 17.60%, GPU Power: 28.95 W
Epoch 89/100, Loss: 0.4288, Time: 47.81s, CPU Mem: 4616.00 MB, GPU Mem: 2111.75 MB, CPU Usage: 17.40%, GPU Power: 32.03 W
Epoch 90/100, Loss: 0.4269, Time: 47.22s, CPU Mem: 4616.00 MB, GPU Mem: 2111.75 MB, CPU Usage: 17.60%, GPU Power: 31.53 W
Epoch 91/100, Loss: 0.4266, Time: 46.67s, CPU Mem: 4616.00 MB, GPU Mem: 2111.75 MB, CPU Usage: 17.70%, GPU Power: 31.83 W
Epoch 92/100, Loss: 0.4231, Time: 47.12s, CPU Mem: 4616.00 MB, GPU Mem: 2111.75 MB, CPU Usage: 17.60%, GPU Power: 32.03 W
Epoch 93/100, Loss: 0.4264, Time: 46.78s, CPU Mem: 4616.00 MB, GPU Mem: 2111.75 MB, CPU Usage: 17.60%, GPU Power: 28.57 W
Epoch 94/100, Loss: 0.4239, Time: 47.05s, CPU Mem: 4616.00 MB, GPU Mem: 2111.75 MB, CPU Usage: 17.50%, GPU Power: 28.47 W
Epoch 95/100, Loss: 0.4242, Time: 47.33s, CPU Mem: 4616.00 MB, GPU Mem: 2111.75 MB, CPU Usage: 17.60%, GPU Power: 29.57 W
Epoch 96/100, Loss: 0.4197, Time: 47.56s, CPU Mem: 4616.00 MB, GPU Mem: 2111.75 MB, CPU Usage: 17.50%, GPU Power: 30.94 W
Epoch 97/100, Loss: 0.4224, Time: 47.11s, CPU Mem: 4616.00 MB, GPU Mem: 2111.75 MB, CPU Usage: 17.60%, GPU Power: 29.47 W
Epoch 98/100, Loss: 0.4219, Time: 47.45s, CPU Mem: 4615.75 MB, GPU Mem: 2111.75 MB, CPU Usage: 17.50%, GPU Power: 29.56 W
Epoch 99/100, Loss: 0.4212, Time: 47.49s, CPU Mem: 4616.00 MB, GPU Mem: 2111.75 MB, CPU Usage: 17.60%, GPU Power: 30.55 W
Epoch 100/100, Loss: 0.4175, Time: 47.22s, CPU Mem: 4615.75 MB, GPU Mem: 2111.75 MB, CPU Usage: 17.60%, GPU Power: 29.37 W
Starting Testing...
Test Accuracy: 84.30%
Job 6 complete
